#
# A fatal error has been detected by the Java Runtime Environment:
#
#  SIGSEGV (0xb) at pc=0x00007f1f805c1c58, pid=16367, tid=139773418493696
#
# JRE version: 6.0_27-b27
# Java VM: OpenJDK 64-Bit Server VM (20.0-b12 mixed mode linux-amd64 compressed oops)
# Derivative: IcedTea6 1.12.3
# Distribution: Ubuntu 12.04 LTS, package 6b27-1.12.3-0ubuntu1~12.04.1
# Problematic frame:
# C  [libX11.so.6+0x33c58]  XQueryExtension+0x28
#
# If you would like to submit a bug report, please include
# instructions how to reproduce the bug and visit:
#   https://bugs.launchpad.net/ubuntu/+source/openjdk-6/
#

---------------  T H R E A D  ---------------

Current thread (0x00007f1f8406d800):  VMThread [stack: 0x00007f1f88e55000,0x00007f1f88f56000] [id=16375]

siginfo:si_signo=SIGSEGV: si_errno=0, si_code=1 (SEGV_MAPERR), si_addr=0xffffffff841c1908

Registers:
RAX=0x00007f1f780008c0, RBX=0xffffffff841c0fa0, RCX=0x00007f1f88f54758, RDX=0x00007f1f88f54754
RSP=0x00007f1f88f546f0, RBP=0x00007f1f5a2f1932, RSI=0x00007f1f5a2f1932, RDI=0xffffffff841c0fa0
R8 =0x00007f1f88f5475c, R9 =0x0000000000000000, R10=0x00007f1f8c45afa8, R11=0x00007f1f8c0dac80
R12=0x0000000000000000, R13=0x00007f1f5a2f1932, R14=0x00007f1f780008c0, R15=0x0000000000000000
RIP=0x00007f1f805c1c58, EFLAGS=0x0000000000010206, CSGSFS=0x0000000000000033, ERR=0x0000000000000005
  TRAPNO=0x000000000000000e

Top of Stack: (sp=0x00007f1f88f546f0)
0x00007f1f88f546f0:   00007f1f8c0ad790 00007f1f8cc8c9e8
0x00007f1f88f54700:   00007f1f88f546f8 0000000000010001
0x00007f1f88f54710:   00000000ffffffff ffffffff841c0fa0
0x00007f1f88f54720:   00007f1f5a2f1932 0000000000000000
0x00007f1f88f54730:   00007f1f5a2f1932 00007f1f780008c0
0x00007f1f88f54740:   0000000000000000 00007f1f805b5c55
0x00007f1f88f54750:   00007f1f8cca7048 00007f1f5a42a520
0x00007f1f88f54760:   00007f1f5a42a520 ffffffff841c0fa0
0x00007f1f88f54770:   00007f1f8416f6a0 00007f1f808cf02b
0x00007f1f88f54780:   00007f1f8c0ad790 000000110000002c
0x00007f1f88f54790:   00007f1f88f54810 0000000000000000
0x00007f1f88f547a0:   00007f1f88f54810 ffffffff841c0fa0
0x00007f1f88f547b0:   0000000000000000 00007f1f8cca7048
0x00007f1f88f547c0:   00007f1f5a443d50 00007f1f5a298119
0x00007f1f88f547d0:   0000000000000000 000000000000002c
0x00007f1f88f547e0:   00007f1f88f54810 00007f1f88f54830
0x00007f1f88f547f0:   0000000000000000 00007f1f8cca7048
0x00007f1f88f54800:   00007f1f841bf1e0 00007f1f5a28eb42
0x00007f1f88f54810:   00007f1f88f54a00 00007f1f5a2f18b1
0x00007f1f88f54820:   00007f1f88f54a00 00007f1f8ca9392d
0x00007f1f88f54830:   00007f1f8cca82c8 00007f1f8cca8858
0x00007f1f88f54840:   00007f1f8cc8c000 00007f1f84005fe0
0x00007f1f88f54850:   00007f1f84006af0 00007f1f84006490
0x00007f1f88f54860:   00007f1f84006ff0 00007f1f8400bcd0
0x00007f1f88f54870:   00007f1f841323d0 00007f1f841328b0
0x00007f1f88f54880:   00007f1f8cc8b000 00007f1f841ba000
0x00007f1f88f54890:   00007f1f841b9b30 00007f1f841b4260
0x00007f1f88f548a0:   00007f1f841b4700 00007f1f840de7b0
0x00007f1f88f548b0:   00007f1f840cdf10 00007f1f840cda70
0x00007f1f88f548c0:   00007f1f841ba4e0 00007f1f840cd5d0
0x00007f1f88f548d0:   00007f1f841ba980 00007f1f841bf1e0
0x00007f1f88f548e0:   00007f1f841e1770 00007f1f840009a0 

Instructions: (pc=0x00007f1f805c1c58)
0x00007f1f805c1c38:   24 d8 48 89 fb 4c 89 64 24 e0 4c 89 6c 24 e8 48
0x00007f1f805c1c48:   89 f5 4c 89 74 24 f0 4c 89 7c 24 f8 48 83 ec 58
0x00007f1f805c1c58:   48 8b 87 68 09 00 00 49 89 d4 49 89 cd 4d 89 c6
0x00007f1f805c1c68:   48 85 c0 74 02 ff 10 ba 08 00 00 00 be 62 00 00 

Register to memory mapping:

RAX=0x00007f1f780008c0 is an unknown value
RBX=0xffffffff841c0fa0 is an unknown value
RCX=0x00007f1f88f54758 is an unknown value
RDX=0x00007f1f88f54754 is an unknown value
RSP=0x00007f1f88f546f0 is an unknown value
RBP=0x00007f1f5a2f1932: <offset 0x96932> in /usr/lib/fglrx/libGL.so.1 at 0x00007f1f5a25b000
RSI=0x00007f1f5a2f1932: <offset 0x96932> in /usr/lib/fglrx/libGL.so.1 at 0x00007f1f5a25b000
RDI=0xffffffff841c0fa0 is an unknown value
R8 =0x00007f1f88f5475c is an unknown value
R9 =0x0000000000000000 is an unknown value
R10=0x00007f1f8c45afa8: <offset 0x3bbfa8> in /lib/x86_64-linux-gnu/libc.so.6 at 0x00007f1f8c09f000
R11=0x00007f1f8c0dac80: __cxa_finalize+0 in /lib/x86_64-linux-gnu/libc.so.6 at 0x00007f1f8c09f000
R12=0x0000000000000000 is an unknown value
R13=0x00007f1f5a2f1932: <offset 0x96932> in /usr/lib/fglrx/libGL.so.1 at 0x00007f1f5a25b000
R14=0x00007f1f780008c0 is an unknown value
R15=0x0000000000000000 is an unknown value


Stack: [0x00007f1f88e55000,0x00007f1f88f56000],  sp=0x00007f1f88f546f0,  free space=1021k
Native frames: (J=compiled Java code, j=interpreted, Vv=VM code, C=native code)
C  [libX11.so.6+0x33c58]  XQueryExtension+0x28

VM_Operation (0x00007f1f8cc866a0): Exit, mode: safepoint, requested by thread 0x00007f1f84008000


---------------  P R O C E S S  ---------------

Java Threads: ( => current thread )
  0x00007f1f84cfb000 JavaThread "Thread-1" [_thread_blocked, id=16402, stack(0x00007f1f5a464000,0x00007f1f5a565000)]
  0x00007f1f841b9000 JavaThread "AWT-XAWT" daemon [_thread_in_native, id=16384, stack(0x00007f1f5ade1000,0x00007f1f5aee2000)]
  0x00007f1f8413b800 JavaThread "Java2D Disposer" daemon [_thread_blocked, id=16383, stack(0x00007f1f8007d000,0x00007f1f8017e000)]
  0x00007f1f8409a000 JavaThread "Low Memory Detector" daemon [_thread_blocked, id=16381, stack(0x00007f1f88168000,0x00007f1f88269000)]
  0x00007f1f84097800 JavaThread "C2 CompilerThread1" daemon [_thread_blocked, id=16380, stack(0x00007f1f88269000,0x00007f1f8836a000)]
  0x00007f1f84095000 JavaThread "C2 CompilerThread0" daemon [_thread_blocked, id=16379, stack(0x00007f1f8836a000,0x00007f1f8846b000)]
  0x00007f1f84074000 JavaThread "Finalizer" daemon [_thread_blocked, id=16377, stack(0x00007f1f88c53000,0x00007f1f88d54000)]
  0x00007f1f84072000 JavaThread "Reference Handler" daemon [_thread_blocked, id=16376, stack(0x00007f1f88d54000,0x00007f1f88e55000)]
  0x00007f1f84008000 JavaThread "main" [_thread_blocked, id=16368, stack(0x00007f1f8cb87000,0x00007f1f8cc88000)]

Other Threads:
=>0x00007f1f8406d800 VMThread [stack: 0x00007f1f88e55000,0x00007f1f88f56000] [id=16375]

VM state:at safepoint (shutting down)

VM Mutex/Monitor currently owned by a thread:  ([mutex/lock_event])
[0x00007f1f840043b0] Threads_lock - owner thread: 0x00007f1f8406d800

Heap
 PSYoungGen      total 18368K, used 4795K [0x00000000eb8b0000, 0x00000000ecd20000, 0x0000000100000000)
  eden space 15808K, 22% used [0x00000000eb8b0000,0x00000000ebc3a350,0x00000000ec820000)
  from space 2560K, 45% used [0x00000000ec820000,0x00000000ec9448f0,0x00000000ecaa0000)
  to   space 2560K, 0% used [0x00000000ecaa0000,0x00000000ecaa0000,0x00000000ecd20000)
 PSOldGen        total 41856K, used 0K [0x00000000c2a00000, 0x00000000c52e0000, 0x00000000eb8b0000)
  object space 41856K, 0% used [0x00000000c2a00000,0x00000000c2a00000,0x00000000c52e0000)
 PSPermGen       total 21248K, used 11345K [0x00000000b8400000, 0x00000000b98c0000, 0x00000000c2a00000)
  object space 21248K, 53% used [0x00000000b8400000,0x00000000b8f14568,0x00000000b98c0000)

Code Cache  [0x00007f1f81000000, 0x00007f1f81270000, 0x00007f1f84000000)
 total_blobs=779 nmethods=287 adapters=446 free_code_cache=49080384 largest_free_block=18560

Dynamic libraries:
00400000-00409000 r-xp 00000000 08:06 1589029                            /usr/lib/jvm/java-6-openjdk-amd64/jre/bin/java
00608000-00609000 r--p 00008000 08:06 1589029                            /usr/lib/jvm/java-6-openjdk-amd64/jre/bin/java
00609000-0060a000 rw-p 00009000 08:06 1589029                            /usr/lib/jvm/java-6-openjdk-amd64/jre/bin/java
022a4000-022c5000 rw-p 00000000 00:00 0                                  [heap]
b8400000-b98c0000 rw-p 00000000 00:00 0 
b98c0000-c2a00000 rw-p 00000000 00:00 0 
c2a00000-c52e0000 rw-p 00000000 00:00 0 
c52e0000-eb8b0000 rw-p 00000000 00:00 0 
eb8b0000-ecd20000 rw-p 00000000 00:00 0 
ecd20000-100000000 rw-p 00000000 00:00 0 
7f1f45d32000-7f1f47c8c000 r-xp 00000000 08:06 2241357                    /usr/lib/fglrx/dri/fglrx_dri.so
7f1f47c8c000-7f1f47d8c000 ---p 01f5a000 08:06 2241357                    /usr/lib/fglrx/dri/fglrx_dri.so
7f1f47d8c000-7f1f47eda000 rwxp 01f5a000 08:06 2241357                    /usr/lib/fglrx/dri/fglrx_dri.so
7f1f47eda000-7f1f48000000 rwxp 00000000 00:00 0 
7f1f48000000-7f1f48021000 rw-p 00000000 00:00 0 
7f1f48021000-7f1f4c000000 ---p 00000000 00:00 0 
7f1f4c000000-7f1f4c021000 rw-p 00000000 00:00 0 
7f1f4c021000-7f1f50000000 ---p 00000000 00:00 0 
7f1f50000000-7f1f50021000 rw-p 00000000 00:00 0 
7f1f50021000-7f1f54000000 ---p 00000000 00:00 0 
7f1f54000000-7f1f54021000 rw-p 00000000 00:00 0 
7f1f54021000-7f1f58000000 ---p 00000000 00:00 0 
7f1f59334000-7f1f59366000 r-xp 00000000 08:06 1588053                    /usr/lib/jvm/java-6-openjdk-amd64/jre/lib/amd64/liblcms.so
7f1f59366000-7f1f59565000 ---p 00032000 08:06 1588053                    /usr/lib/jvm/java-6-openjdk-amd64/jre/lib/amd64/liblcms.so
7f1f59565000-7f1f59566000 r--p 00031000 08:06 1588053                    /usr/lib/jvm/java-6-openjdk-amd64/jre/lib/amd64/liblcms.so
7f1f59566000-7f1f59567000 rw-p 00032000 08:06 1588053                    /usr/lib/jvm/java-6-openjdk-amd64/jre/lib/amd64/liblcms.so
7f1f59567000-7f1f59569000 rw-p 00000000 00:00 0 
7f1f59635000-7f1f5967d000 rw-p 00000000 00:00 0 
7f1f5967d000-7f1f59d7d000 rw-s 00006000 00:05 8908                       /dev/ati/card0
7f1f59d7d000-7f1f59dfa000 rw-p 00000000 00:00 0 
7f1f59dfa000-7f1f59dfc000 r-xp 00000000 08:06 1449049                    /usr/lib/x86_64-linux-gnu/libXinerama.so.1.0.0
7f1f59dfc000-7f1f59ffb000 ---p 00002000 08:06 1449049                    /usr/lib/x86_64-linux-gnu/libXinerama.so.1.0.0
7f1f59ffb000-7f1f59ffc000 r--p 00001000 08:06 1449049                    /usr/lib/x86_64-linux-gnu/libXinerama.so.1.0.0
7f1f59ffc000-7f1f59ffd000 rw-p 00002000 08:06 1449049                    /usr/lib/x86_64-linux-gnu/libXinerama.so.1.0.0
7f1f59ffd000-7f1f5a038000 r-xp 00000000 08:06 2108515                    /usr/lib/fglrx/libatiadlxx.so
7f1f5a038000-7f1f5a138000 ---p 0003b000 08:06 2108515                    /usr/lib/fglrx/libatiadlxx.so
7f1f5a138000-7f1f5a141000 rw-p 0003b000 08:06 2108515                    /usr/lib/fglrx/libatiadlxx.so
7f1f5a141000-7f1f5a152000 rw-p 00000000 00:00 0 
7f1f5a152000-7f1f5a159000 r-xp 00000000 08:06 2108526                    /usr/lib/fglrx/libatiuki.so.1.0
7f1f5a159000-7f1f5a259000 ---p 00007000 08:06 2108526                    /usr/lib/fglrx/libatiuki.so.1.0
7f1f5a259000-7f1f5a25a000 rw-p 00007000 08:06 2108526                    /usr/lib/fglrx/libatiuki.so.1.0
7f1f5a25a000-7f1f5a25b000 rw-p 00000000 00:00 0 
7f1f5a25b000-7f1f5a31e000 r-xp 00000000 08:06 2108517                    /usr/lib/fglrx/libGL.so.1.2
7f1f5a31e000-7f1f5a41d000 ---p 000c3000 08:06 2108517                    /usr/lib/fglrx/libGL.so.1.2
7f1f5a41d000-7f1f5a444000 rwxp 000c2000 08:06 2108517                    /usr/lib/fglrx/libGL.so.1.2
7f1f5a444000-7f1f5a464000 rwxp 00000000 00:00 0 
7f1f5a464000-7f1f5a467000 ---p 00000000 00:00 0 
7f1f5a467000-7f1f5a565000 rw-p 00000000 00:00 0 
7f1f5a565000-7f1f5a569000 r-xp 00000000 08:06 1449069                    /usr/lib/x86_64-linux-gnu/libXxf86vm.so.1.0.0
7f1f5a569000-7f1f5a768000 ---p 00004000 08:06 1449069                    /usr/lib/x86_64-linux-gnu/libXxf86vm.so.1.0.0
7f1f5a768000-7f1f5a769000 r--p 00003000 08:06 1449069                    /usr/lib/x86_64-linux-gnu/libXxf86vm.so.1.0.0
7f1f5a769000-7f1f5a76a000 rw-p 00004000 08:06 1449069                    /usr/lib/x86_64-linux-gnu/libXxf86vm.so.1.0.0
7f1f5a76a000-7f1f5a771000 r-xp 00000000 08:06 1442564                    /usr/lib/x86_64-linux-gnu/libXrandr.so.2.2.0
7f1f5a771000-7f1f5a970000 ---p 00007000 08:06 1442564                    /usr/lib/x86_64-linux-gnu/libXrandr.so.2.2.0
7f1f5a970000-7f1f5a971000 r--p 00006000 08:06 1442564                    /usr/lib/x86_64-linux-gnu/libXrandr.so.2.2.0
7f1f5a971000-7f1f5a972000 rw-p 00007000 08:06 1442564                    /usr/lib/x86_64-linux-gnu/libXrandr.so.2.2.0
7f1f5a972000-7f1f5a9dc000 r-xp 00000000 08:06 5119204                    /home/michael/Documents/CAP4053/Rougelike/lib/native/linux/liblwjgl64.so
7f1f5a9dc000-7f1f5abdc000 ---p 0006a000 08:06 5119204                    /home/michael/Documents/CAP4053/Rougelike/lib/native/linux/liblwjgl64.so
7f1f5abdc000-7f1f5abde000 r--p 0006a000 08:06 5119204                    /home/michael/Documents/CAP4053/Rougelike/lib/native/linux/liblwjgl64.so
7f1f5abde000-7f1f5abdf000 rw-p 0006c000 08:06 5119204                    /home/michael/Documents/CAP4053/Rougelike/lib/native/linux/liblwjgl64.so
7f1f5abdf000-7f1f5abe0000 r-xp 00000000 08:06 1589026                    /usr/lib/jvm/java-6-openjdk-amd64/jre/lib/amd64/libjawt.so
7f1f5abe0000-7f1f5addf000 ---p 00001000 08:06 1589026                    /usr/lib/jvm/java-6-openjdk-amd64/jre/lib/amd64/libjawt.so
7f1f5addf000-7f1f5ade0000 r--p 00000000 08:06 1589026                    /usr/lib/jvm/java-6-openjdk-amd64/jre/lib/amd64/libjawt.so
7f1f5ade0000-7f1f5ade1000 rw-p 00001000 08:06 1589026                    /usr/lib/jvm/java-6-openjdk-amd64/jre/lib/amd64/libjawt.so
7f1f5ade1000-7f1f5ade4000 ---p 00000000 00:00 0 
7f1f5ade4000-7f1f5aee2000 rw-p 00000000 00:00 0 
7f1f5aee2000-7f1f5aee7000 r-xp 00000000 08:06 1449043                    /usr/lib/x86_64-linux-gnu/libXfixes.so.3.1.0
7f1f5aee7000-7f1f5b0e6000 ---p 00005000 08:06 1449043                    /usr/lib/x86_64-linux-gnu/libXfixes.so.3.1.0
7f1f5b0e6000-7f1f5b0e7000 r--p 00004000 08:06 1449043                    /usr/lib/x86_64-linux-gnu/libXfixes.so.3.1.0
7f1f5b0e7000-7f1f5b0e8000 rw-p 00005000 08:06 1449043                    /usr/lib/x86_64-linux-gnu/libXfixes.so.3.1.0
7f1f5b0e8000-7f1f5b0f1000 r-xp 00000000 08:06 1449035                    /usr/lib/x86_64-linux-gnu/libXcursor.so.1.0.2
7f1f5b0f1000-7f1f5b2f0000 ---p 00009000 08:06 1449035                    /usr/lib/x86_64-linux-gnu/libXcursor.so.1.0.2
7f1f5b2f0000-7f1f5b2f1000 r--p 00008000 08:06 1449035                    /usr/lib/x86_64-linux-gnu/libXcursor.so.1.0.2
7f1f5b2f1000-7f1f5b2f2000 rw-p 00009000 08:06 1449035                    /usr/lib/x86_64-linux-gnu/libXcursor.so.1.0.2
7f1f5b2f2000-7f1f5b388000 r-xp 00000000 08:06 1442005                    /usr/lib/x86_64-linux-gnu/libfreetype.so.6.8.0
7f1f5b388000-7f1f5b587000 ---p 00096000 08:06 1442005                    /usr/lib/x86_64-linux-gnu/libfreetype.so.6.8.0
7f1f5b587000-7f1f5b58d000 r--p 00095000 08:06 1442005                    /usr/lib/x86_64-linux-gnu/libfreetype.so.6.8.0
7f1f5b58d000-7f1f5b58e000 rw-p 0009b000 08:06 1442005                    /usr/lib/x86_64-linux-gnu/libfreetype.so.6.8.0
7f1f5b58e000-7f1f5b5c8000 r-xp 00000000 08:06 1588070                    /usr/lib/jvm/java-6-openjdk-amd64/jre/lib/amd64/libfontmanager.so
7f1f5b5c8000-7f1f5b7c7000 ---p 0003a000 08:06 1588070                    /usr/lib/jvm/java-6-openjdk-amd64/jre/lib/amd64/libfontmanager.so
7f1f5b7c7000-7f1f5b7c9000 r--p 00039000 08:06 1588070                    /usr/lib/jvm/java-6-openjdk-amd64/jre/lib/amd64/libfontmanager.so
7f1f5b7c9000-7f1f5b7ca000 rw-p 0003b000 08:06 1588070                    /usr/lib/jvm/java-6-openjdk-amd64/jre/lib/amd64/libfontmanager.so
7f1f5b7ca000-7f1f5b7cf000 r-xp 00000000 08:06 1449039                    /usr/lib/x86_64-linux-gnu/libXdmcp.so.6.0.0
7f1f5b7cf000-7f1f5b9ce000 ---p 00005000 08:06 1449039                    /usr/lib/x86_64-linux-gnu/libXdmcp.so.6.0.0
7f1f5b9ce000-7f1f5b9cf000 r--p 00004000 08:06 1449039                    /usr/lib/x86_64-linux-gnu/libXdmcp.so.6.0.0
7f1f5b9cf000-7f1f5b9d0000 rw-p 00005000 08:06 1449039                    /usr/lib/x86_64-linux-gnu/libXdmcp.so.6.0.0
7f1f5b9d0000-7f1f5b9d2000 r-xp 00000000 08:06 1449028                    /usr/lib/x86_64-linux-gnu/libXau.so.6.0.0
7f1f5b9d2000-7f1f5bbd1000 ---p 00002000 08:06 1449028                    /usr/lib/x86_64-linux-gnu/libXau.so.6.0.0
7f1f5bbd1000-7f1f5bbd2000 r--p 00001000 08:06 1449028                    /usr/lib/x86_64-linux-gnu/libXau.so.6.0.0
7f1f5bbd2000-7f1f5bbd3000 rw-p 00002000 08:06 1449028                    /usr/lib/x86_64-linux-gnu/libXau.so.6.0.0
7f1f5bbd3000-7f1f5bbf0000 r-xp 00000000 08:06 1443342                    /usr/lib/x86_64-linux-gnu/libxcb.so.1.1.0
7f1f5bbf0000-7f1f5bdef000 ---p 0001d000 08:06 1443342                    /usr/lib/x86_64-linux-gnu/libxcb.so.1.1.0
7f1f5bdef000-7f1f5bdf0000 r--p 0001c000 08:06 1443342                    /usr/lib/x86_64-linux-gnu/libxcb.so.1.1.0
7f1f5bdf0000-7f1f5bdf1000 rw-p 0001d000 08:06 1443342                    /usr/lib/x86_64-linux-gnu/libxcb.so.1.1.0
7f1f5bdf1000-7f1f5bdff000 r-xp 00000000 08:06 1449047                    /usr/lib/x86_64-linux-gnu/libXi.so.6.1.0
7f1f5bdff000-7f1f5bffe000 ---p 0000e000 08:06 1449047                    /usr/lib/x86_64-linux-gnu/libXi.so.6.1.0
7f1f5bffe000-7f1f5bfff000 r--p 0000d000 08:06 1449047                    /usr/lib/x86_64-linux-gnu/libXi.so.6.1.0
7f1f5bfff000-7f1f5c000000 rw-p 0000e000 08:06 1449047                    /usr/lib/x86_64-linux-gnu/libXi.so.6.1.0
7f1f5c000000-7f1f5ce96000 rw-p 00000000 00:00 0 
7f1f5ce96000-7f1f60000000 ---p 00000000 00:00 0 
7f1f60000000-7f1f60021000 rw-p 00000000 00:00 0 
7f1f60021000-7f1f64000000 ---p 00000000 00:00 0 
7f1f64000000-7f1f64021000 rw-p 00000000 00:00 0 
7f1f64021000-7f1f68000000 ---p 00000000 00:00 0 
7f1f68000000-7f1f688fb000 rw-p 00000000 00:00 0 
7f1f688fb000-7f1f6c000000 ---p 00000000 00:00 0 
7f1f6c000000-7f1f6c021000 rw-p 00000000 00:00 0 
7f1f6c021000-7f1f70000000 ---p 00000000 00:00 0 
7f1f70000000-7f1f70021000 rw-p 00000000 00:00 0 
7f1f70021000-7f1f74000000 ---p 00000000 00:00 0 
7f1f74000000-7f1f74021000 rw-p 00000000 00:00 0 
7f1f74021000-7f1f78000000 ---p 00000000 00:00 0 
7f1f78000000-7f1f78021000 rw-p 00000000 00:00 0 
7f1f78021000-7f1f7c000000 ---p 00000000 00:00 0 
7f1f7c000000-7f1f7c021000 rw-p 00000000 00:00 0 
7f1f7c021000-7f1f80000000 ---p 00000000 00:00 0 
7f1f80017000-7f1f80018000 rw-s 00005000 00:05 8908                       /dev/ati/card0
7f1f80018000-7f1f80028000 rw-s fc000000 00:05 8908                       /dev/ati/card0
7f1f80028000-7f1f8002a000 rw-s 00002000 00:05 8908                       /dev/ati/card0
7f1f8002a000-7f1f80030000 r--s 000fc000 08:06 1589022                    /usr/lib/jvm/java-6-openjdk-common/jre/lib/resources.jar
7f1f80030000-7f1f80031000 r--s 00000000 08:06 924136                     /var/cache/fontconfig/c05880de57d1f5e948fdfacc138775d9-le64.cache-3
7f1f80031000-7f1f8003a000 r--s 00000000 08:06 917958                     /var/cache/fontconfig/945677eb7aeaf62f1d50efc3fb3ec7d8-le64.cache-3
7f1f8003a000-7f1f8003c000 r--s 00000000 08:06 924130                     /var/cache/fontconfig/99e8ed0e538f840c565b6ed5dad60d56-le64.cache-3
7f1f8003c000-7f1f80040000 r--s 00000000 08:06 924129                     /var/cache/fontconfig/2cd17615ca594fa2959ae173292e504c-le64.cache-3
7f1f80040000-7f1f80041000 r--s 00000000 08:06 924126                     /var/cache/fontconfig/e7071f4a29fa870f4323321c154eba04-le64.cache-3
7f1f80041000-7f1f80042000 r--s 00000000 08:06 924125                     /var/cache/fontconfig/0d8c3b2ac0904cb8a57a757ad11a4a08-le64.cache-3
7f1f80042000-7f1f80048000 r--s 00000000 08:06 924110                     /var/cache/fontconfig/a755afe4a08bf5b97852ceb7400b47bc-le64.cache-3
7f1f80048000-7f1f80051000 r--s 00000000 08:06 922421                     /var/cache/fontconfig/6d41288fd70b0be22e8c3a91e032eec0-le64.cache-3
7f1f80051000-7f1f80061000 r--s 00000000 08:06 924085                     /var/cache/fontconfig/04aabc0a78ac019cf9454389977116d2-le64.cache-3
7f1f80061000-7f1f80064000 r--s 00000000 08:06 917940                     /var/cache/fontconfig/385c0604a188198f04d133e54aba7fe7-le64.cache-3
7f1f80064000-7f1f80065000 r--s 00000000 08:06 925018                     /var/cache/fontconfig/4794a0821666d79190d59a36cb4f44b5-le64.cache-3
7f1f80065000-7f1f80068000 r--s 00000000 08:06 917937                     /var/cache/fontconfig/8801497958630a81b71ace7c5f9b32a8-le64.cache-3
7f1f80068000-7f1f8006d000 r--s 00000000 08:06 924035                     /var/cache/fontconfig/3047814df9a2f067bd2d96a2b9c36e5a-le64.cache-3
7f1f8006d000-7f1f8007d000 r--s 00000000 08:06 924020                     /var/cache/fontconfig/d52a8644073d54c13679302ca1180695-le64.cache-3
7f1f8007d000-7f1f80080000 ---p 00000000 00:00 0 
7f1f80080000-7f1f8017e000 rw-p 00000000 00:00 0 
7f1f8017e000-7f1f80183000 r-xp 00000000 08:06 1449065                    /usr/lib/x86_64-linux-gnu/libXtst.so.6.1.0
7f1f80183000-7f1f80382000 ---p 00005000 08:06 1449065                    /usr/lib/x86_64-linux-gnu/libXtst.so.6.1.0
7f1f80382000-7f1f80383000 r--p 00004000 08:06 1449065                    /usr/lib/x86_64-linux-gnu/libXtst.so.6.1.0
7f1f80383000-7f1f80384000 rw-p 00005000 08:06 1449065                    /usr/lib/x86_64-linux-gnu/libXtst.so.6.1.0
7f1f80384000-7f1f8038d000 r-xp 00000000 08:06 1449061                    /usr/lib/x86_64-linux-gnu/libXrender.so.1.3.0
7f1f8038d000-7f1f8058c000 ---p 00009000 08:06 1449061                    /usr/lib/x86_64-linux-gnu/libXrender.so.1.3.0
7f1f8058c000-7f1f8058d000 r--p 00008000 08:06 1449061                    /usr/lib/x86_64-linux-gnu/libXrender.so.1.3.0
7f1f8058d000-7f1f8058e000 rw-p 00009000 08:06 1449061                    /usr/lib/x86_64-linux-gnu/libXrender.so.1.3.0
7f1f8058e000-7f1f806bd000 r-xp 00000000 08:06 1449026                    /usr/lib/x86_64-linux-gnu/libX11.so.6.3.0
7f1f806bd000-7f1f808bd000 ---p 0012f000 08:06 1449026                    /usr/lib/x86_64-linux-gnu/libX11.so.6.3.0
7f1f808bd000-7f1f808be000 r--p 0012f000 08:06 1449026                    /usr/lib/x86_64-linux-gnu/libX11.so.6.3.0
7f1f808be000-7f1f808c2000 rw-p 00130000 08:06 1449026                    /usr/lib/x86_64-linux-gnu/libX11.so.6.3.0
7f1f808c2000-7f1f808d2000 r-xp 00000000 08:06 1449041                    /usr/lib/x86_64-linux-gnu/libXext.so.6.4.0
7f1f808d2000-7f1f80ad1000 ---p 00010000 08:06 1449041                    /usr/lib/x86_64-linux-gnu/libXext.so.6.4.0
7f1f80ad1000-7f1f80ad2000 r--p 0000f000 08:06 1449041                    /usr/lib/x86_64-linux-gnu/libXext.so.6.4.0
7f1f80ad2000-7f1f80ad3000 rw-p 00010000 08:06 1449041                    /usr/lib/x86_64-linux-gnu/libXext.so.6.4.0
7f1f80ad3000-7f1f80b1e000 r-xp 00000000 08:06 1966745                    /usr/lib/jvm/java-6-openjdk-amd64/jre/lib/amd64/xawt/libmawt.so
7f1f80b1e000-7f1f80d1e000 ---p 0004b000 08:06 1966745                    /usr/lib/jvm/java-6-openjdk-amd64/jre/lib/amd64/xawt/libmawt.so
7f1f80d1e000-7f1f80d1f000 r--p 0004b000 08:06 1966745                    /usr/lib/jvm/java-6-openjdk-amd64/jre/lib/amd64/xawt/libmawt.so
7f1f80d1f000-7f1f80d22000 rw-p 0004c000 08:06 1966745                    /usr/lib/jvm/java-6-openjdk-amd64/jre/lib/amd64/xawt/libmawt.so
7f1f80d22000-7f1f80d23000 rw-p 00000000 00:00 0 
7f1f80d23000-7f1f80dcf000 r-xp 00000000 08:06 1588075                    /usr/lib/jvm/java-6-openjdk-amd64/jre/lib/amd64/libawt.so
7f1f80dcf000-7f1f80fcf000 ---p 000ac000 08:06 1588075                    /usr/lib/jvm/java-6-openjdk-amd64/jre/lib/amd64/libawt.so
7f1f80fcf000-7f1f80fd0000 r--p 000ac000 08:06 1588075                    /usr/lib/jvm/java-6-openjdk-amd64/jre/lib/amd64/libawt.so
7f1f80fd0000-7f1f80fdb000 rw-p 000ad000 08:06 1588075                    /usr/lib/jvm/java-6-openjdk-amd64/jre/lib/amd64/libawt.so
7f1f80fdb000-7f1f81000000 rw-p 00000000 00:00 0 
7f1f81000000-7f1f81270000 rwxp 00000000 00:00 0 
7f1f81270000-7f1f84fa4000 rw-p 00000000 00:00 0 
7f1f84fa4000-7f1f88000000 ---p 00000000 00:00 0 
7f1f88001000-7f1f88002000 r--s 00000000 08:06 924033                     /var/cache/fontconfig/56cf4f4769d0f4abc89a4895d7bd3ae1-le64.cache-3
7f1f88002000-7f1f88003000 r--s 00000000 08:06 924029                     /var/cache/fontconfig/b9d506c9ac06c20b433354fa67a72993-le64.cache-3
7f1f88003000-7f1f88008000 r--s 00000000 08:06 924021                     /var/cache/fontconfig/b47c4e1ecd0709278f4910c18777a504-le64.cache-3
7f1f88008000-7f1f8800b000 r--s 00000000 08:06 917955                     /var/cache/fontconfig/e13b20fdb08344e0e664864cc2ede53d-le64.cache-3
7f1f8800b000-7f1f8800f000 r--s 00000000 08:06 917938                     /var/cache/fontconfig/7ef2298fde41cc6eeb7af42e48b7d293-le64.cache-3
7f1f8800f000-7f1f88010000 r--s 00000000 08:06 924136                     /var/cache/fontconfig/c05880de57d1f5e948fdfacc138775d9-le64.cache-3
7f1f88010000-7f1f88019000 r--s 00000000 08:06 917958                     /var/cache/fontconfig/945677eb7aeaf62f1d50efc3fb3ec7d8-le64.cache-3
7f1f88019000-7f1f8801b000 r--s 00000000 08:06 924130                     /var/cache/fontconfig/99e8ed0e538f840c565b6ed5dad60d56-le64.cache-3
7f1f8801b000-7f1f8801f000 r--s 00000000 08:06 924129                     /var/cache/fontconfig/2cd17615ca594fa2959ae173292e504c-le64.cache-3
7f1f8801f000-7f1f88020000 r--s 00000000 08:06 924126                     /var/cache/fontconfig/e7071f4a29fa870f4323321c154eba04-le64.cache-3
7f1f88020000-7f1f88021000 r--s 00000000 08:06 924125                     /var/cache/fontconfig/0d8c3b2ac0904cb8a57a757ad11a4a08-le64.cache-3
7f1f88021000-7f1f88027000 r--s 00000000 08:06 924110                     /var/cache/fontconfig/a755afe4a08bf5b97852ceb7400b47bc-le64.cache-3
7f1f88027000-7f1f88030000 r--s 00000000 08:06 922421                     /var/cache/fontconfig/6d41288fd70b0be22e8c3a91e032eec0-le64.cache-3
7f1f88030000-7f1f88040000 r--s 00000000 08:06 924085                     /var/cache/fontconfig/04aabc0a78ac019cf9454389977116d2-le64.cache-3
7f1f88040000-7f1f88043000 r--s 00000000 08:06 917940                     /var/cache/fontconfig/385c0604a188198f04d133e54aba7fe7-le64.cache-3
7f1f88043000-7f1f88044000 r--s 00000000 08:06 925018                     /var/cache/fontconfig/4794a0821666d79190d59a36cb4f44b5-le64.cache-3
7f1f88044000-7f1f88047000 r--s 00000000 08:06 917937                     /var/cache/fontconfig/8801497958630a81b71ace7c5f9b32a8-le64.cache-3
7f1f88047000-7f1f8804c000 r--s 00000000 08:06 924035                     /var/cache/fontconfig/3047814df9a2f067bd2d96a2b9c36e5a-le64.cache-3
7f1f8804c000-7f1f8804d000 r--s 00000000 08:06 924033                     /var/cache/fontconfig/56cf4f4769d0f4abc89a4895d7bd3ae1-le64.cache-3
7f1f8804d000-7f1f8804e000 r--s 00000000 08:06 924029                     /var/cache/fontconfig/b9d506c9ac06c20b433354fa67a72993-le64.cache-3
7f1f8804e000-7f1f88053000 r--s 00000000 08:06 924021                     /var/cache/fontconfig/b47c4e1ecd0709278f4910c18777a504-le64.cache-3
7f1f88053000-7f1f88063000 r--s 00000000 08:06 924020                     /var/cache/fontconfig/d52a8644073d54c13679302ca1180695-le64.cache-3
7f1f88063000-7f1f88067000 r--s 00000000 08:06 917938                     /var/cache/fontconfig/7ef2298fde41cc6eeb7af42e48b7d293-le64.cache-3
7f1f88067000-7f1f88068000 ---p 00000000 00:00 0 
7f1f88068000-7f1f88168000 rw-p 00000000 00:00 0 
7f1f88168000-7f1f8816b000 ---p 00000000 00:00 0 
7f1f8816b000-7f1f88269000 rw-p 00000000 00:00 0 
7f1f88269000-7f1f8826c000 ---p 00000000 00:00 0 
7f1f8826c000-7f1f8836a000 rw-p 00000000 00:00 0 
7f1f8836a000-7f1f8836d000 ---p 00000000 00:00 0 
7f1f8836d000-7f1f8846b000 rw-p 00000000 00:00 0 
7f1f8846b000-7f1f8846e000 ---p 00000000 00:00 0 
7f1f8846e000-7f1f8856c000 rw-p 00000000 00:00 0 
7f1f8856c000-7f1f88c53000 r--p 00000000 08:06 1448407                    /usr/lib/locale/locale-archive
7f1f88c53000-7f1f88c56000 ---p 00000000 00:00 0 
7f1f88c56000-7f1f88d54000 rw-p 00000000 00:00 0 
7f1f88d54000-7f1f88d57000 ---p 00000000 00:00 0 
7f1f88d57000-7f1f88e55000 rw-p 00000000 00:00 0 
7f1f88e55000-7f1f88e56000 ---p 00000000 00:00 0 
7f1f88e56000-7f1f8928c000 rw-p 00000000 00:00 0 
7f1f8928c000-7f1f8941e000 r--s 037d5000 08:06 1588050                    /usr/lib/jvm/java-6-openjdk-amd64/jre/lib/rt.jar
7f1f8941e000-7f1f89446000 rw-p 00000000 00:00 0 
7f1f89446000-7f1f89447000 ---p 00000000 00:00 0 
7f1f89447000-7f1f89547000 rw-p 00000000 00:00 0 
7f1f89547000-7f1f89548000 ---p 00000000 00:00 0 
7f1f89548000-7f1f89653000 rw-p 00000000 00:00 0 
7f1f89653000-7f1f8969b000 rw-p 00000000 00:00 0 
7f1f8969b000-7f1f896b0000 rw-p 00000000 00:00 0 
7f1f896b0000-7f1f897e3000 rw-p 00000000 00:00 0 
7f1f897e3000-7f1f897ee000 rw-p 00000000 00:00 0 
7f1f897ee000-7f1f89836000 rw-p 00000000 00:00 0 
7f1f89836000-7f1f8984b000 rw-p 00000000 00:00 0 
7f1f8984b000-7f1f8997d000 rw-p 00000000 00:00 0 
7f1f8997d000-7f1f89988000 rw-p 00000000 00:00 0 
7f1f89988000-7f1f89a21000 rw-p 00000000 00:00 0 
7f1f89a21000-7f1f89a22000 rw-p 00000000 00:00 0 
7f1f89a22000-7f1f89a29000 r-xp 00000000 08:06 1589028                    /usr/lib/jvm/java-6-openjdk-amd64/jre/lib/amd64/libzip.so
7f1f89a29000-7f1f89c28000 ---p 00007000 08:06 1589028                    /usr/lib/jvm/java-6-openjdk-amd64/jre/lib/amd64/libzip.so
7f1f89c28000-7f1f89c29000 r--p 00006000 08:06 1589028                    /usr/lib/jvm/java-6-openjdk-amd64/jre/lib/amd64/libzip.so
7f1f89c29000-7f1f89c2a000 rw-p 00007000 08:06 1589028                    /usr/lib/jvm/java-6-openjdk-amd64/jre/lib/amd64/libzip.so
7f1f89c2a000-7f1f89c36000 r-xp 00000000 08:06 3277321                    /lib/x86_64-linux-gnu/libnss_files-2.15.so
7f1f89c36000-7f1f89e35000 ---p 0000c000 08:06 3277321                    /lib/x86_64-linux-gnu/libnss_files-2.15.so
7f1f89e35000-7f1f89e36000 r--p 0000b000 08:06 3277321                    /lib/x86_64-linux-gnu/libnss_files-2.15.so
7f1f89e36000-7f1f89e37000 rw-p 0000c000 08:06 3277321                    /lib/x86_64-linux-gnu/libnss_files-2.15.so
7f1f89e37000-7f1f89e41000 r-xp 00000000 08:06 3277317                    /lib/x86_64-linux-gnu/libnss_nis-2.15.so
7f1f89e41000-7f1f8a041000 ---p 0000a000 08:06 3277317                    /lib/x86_64-linux-gnu/libnss_nis-2.15.so
7f1f8a041000-7f1f8a042000 r--p 0000a000 08:06 3277317                    /lib/x86_64-linux-gnu/libnss_nis-2.15.so
7f1f8a042000-7f1f8a043000 rw-p 0000b000 08:06 3277317                    /lib/x86_64-linux-gnu/libnss_nis-2.15.so
7f1f8a043000-7f1f8a05a000 r-xp 00000000 08:06 3277330                    /lib/x86_64-linux-gnu/libnsl-2.15.so
7f1f8a05a000-7f1f8a259000 ---p 00017000 08:06 3277330                    /lib/x86_64-linux-gnu/libnsl-2.15.so
7f1f8a259000-7f1f8a25a000 r--p 00016000 08:06 3277330                    /lib/x86_64-linux-gnu/libnsl-2.15.so
7f1f8a25a000-7f1f8a25b000 rw-p 00017000 08:06 3277330                    /lib/x86_64-linux-gnu/libnsl-2.15.so
7f1f8a25b000-7f1f8a25d000 rw-p 00000000 00:00 0 
7f1f8a25d000-7f1f8a265000 r-xp 00000000 08:06 3277322                    /lib/x86_64-linux-gnu/libnss_compat-2.15.so
7f1f8a265000-7f1f8a464000 ---p 00008000 08:06 3277322                    /lib/x86_64-linux-gnu/libnss_compat-2.15.so
7f1f8a464000-7f1f8a465000 r--p 00007000 08:06 3277322                    /lib/x86_64-linux-gnu/libnss_compat-2.15.so
7f1f8a465000-7f1f8a466000 rw-p 00008000 08:06 3277322                    /lib/x86_64-linux-gnu/libnss_compat-2.15.so
7f1f8a466000-7f1f8a492000 r-xp 00000000 08:06 1588073                    /usr/lib/jvm/java-6-openjdk-amd64/jre/lib/amd64/libjava.so
7f1f8a492000-7f1f8a691000 ---p 0002c000 08:06 1588073                    /usr/lib/jvm/java-6-openjdk-amd64/jre/lib/amd64/libjava.so
7f1f8a691000-7f1f8a692000 r--p 0002b000 08:06 1588073                    /usr/lib/jvm/java-6-openjdk-amd64/jre/lib/amd64/libjava.so
7f1f8a692000-7f1f8a695000 rw-p 0002c000 08:06 1588073                    /usr/lib/jvm/java-6-openjdk-amd64/jre/lib/amd64/libjava.so
7f1f8a695000-7f1f8a6a3000 r-xp 00000000 08:06 1588072                    /usr/lib/jvm/java-6-openjdk-amd64/jre/lib/amd64/libverify.so
7f1f8a6a3000-7f1f8a8a2000 ---p 0000e000 08:06 1588072                    /usr/lib/jvm/java-6-openjdk-amd64/jre/lib/amd64/libverify.so
7f1f8a8a2000-7f1f8a8a4000 r--p 0000d000 08:06 1588072                    /usr/lib/jvm/java-6-openjdk-amd64/jre/lib/amd64/libverify.so
7f1f8a8a4000-7f1f8a8a5000 rw-p 0000f000 08:06 1588072                    /usr/lib/jvm/java-6-openjdk-amd64/jre/lib/amd64/libverify.so
7f1f8a8a5000-7f1f8a8ac000 r-xp 00000000 08:06 3277315                    /lib/x86_64-linux-gnu/librt-2.15.so
7f1f8a8ac000-7f1f8aaab000 ---p 00007000 08:06 3277315                    /lib/x86_64-linux-gnu/librt-2.15.so
7f1f8aaab000-7f1f8aaac000 r--p 00006000 08:06 3277315                    /lib/x86_64-linux-gnu/librt-2.15.so
7f1f8aaac000-7f1f8aaad000 rw-p 00007000 08:06 3277315                    /lib/x86_64-linux-gnu/librt-2.15.so
7f1f8aaad000-7f1f8aac2000 r-xp 00000000 08:06 3280420                    /lib/x86_64-linux-gnu/libgcc_s.so.1
7f1f8aac2000-7f1f8acc1000 ---p 00015000 08:06 3280420                    /lib/x86_64-linux-gnu/libgcc_s.so.1
7f1f8acc1000-7f1f8acc2000 r--p 00014000 08:06 3280420                    /lib/x86_64-linux-gnu/libgcc_s.so.1
7f1f8acc2000-7f1f8acc3000 rw-p 00015000 08:06 3280420                    /lib/x86_64-linux-gnu/libgcc_s.so.1
7f1f8acc3000-7f1f8adbe000 r-xp 00000000 08:06 3277319                    /lib/x86_64-linux-gnu/libm-2.15.so
7f1f8adbe000-7f1f8afbd000 ---p 000fb000 08:06 3277319                    /lib/x86_64-linux-gnu/libm-2.15.so
7f1f8afbd000-7f1f8afbe000 r--p 000fa000 08:06 3277319                    /lib/x86_64-linux-gnu/libm-2.15.so
7f1f8afbe000-7f1f8afbf000 rw-p 000fb000 08:06 3277319                    /lib/x86_64-linux-gnu/libm-2.15.so
7f1f8afbf000-7f1f8b0a1000 r-xp 00000000 08:06 1449555                    /usr/lib/x86_64-linux-gnu/libstdc++.so.6.0.16
7f1f8b0a1000-7f1f8b2a0000 ---p 000e2000 08:06 1449555                    /usr/lib/x86_64-linux-gnu/libstdc++.so.6.0.16
7f1f8b2a0000-7f1f8b2a8000 r--p 000e1000 08:06 1449555                    /usr/lib/x86_64-linux-gnu/libstdc++.so.6.0.16
7f1f8b2a8000-7f1f8b2aa000 rw-p 000e9000 08:06 1449555                    /usr/lib/x86_64-linux-gnu/libstdc++.so.6.0.16
7f1f8b2aa000-7f1f8b2bf000 rw-p 00000000 00:00 0 
7f1f8b2bf000-7f1f8bbc4000 r-xp 00000000 08:06 1588078                    /usr/lib/jvm/java-6-openjdk-amd64/jre/lib/amd64/server/libjvm.so
7f1f8bbc4000-7f1f8bdc4000 ---p 00905000 08:06 1588078                    /usr/lib/jvm/java-6-openjdk-amd64/jre/lib/amd64/server/libjvm.so
7f1f8bdc4000-7f1f8be44000 r--p 00905000 08:06 1588078                    /usr/lib/jvm/java-6-openjdk-amd64/jre/lib/amd64/server/libjvm.so
7f1f8be44000-7f1f8be5f000 rw-p 00985000 08:06 1588078                    /usr/lib/jvm/java-6-openjdk-amd64/jre/lib/amd64/server/libjvm.so
7f1f8be5f000-7f1f8be88000 rw-p 00000000 00:00 0 
7f1f8be88000-7f1f8be9e000 r-xp 00000000 08:06 3280510                    /lib/x86_64-linux-gnu/libz.so.1.2.3.4
7f1f8be9e000-7f1f8c09d000 ---p 00016000 08:06 3280510                    /lib/x86_64-linux-gnu/libz.so.1.2.3.4
7f1f8c09d000-7f1f8c09e000 r--p 00015000 08:06 3280510                    /lib/x86_64-linux-gnu/libz.so.1.2.3.4
7f1f8c09e000-7f1f8c09f000 rw-p 00016000 08:06 3280510                    /lib/x86_64-linux-gnu/libz.so.1.2.3.4
7f1f8c09f000-7f1f8c254000 r-xp 00000000 08:06 3277308                    /lib/x86_64-linux-gnu/libc-2.15.so
7f1f8c254000-7f1f8c453000 ---p 001b5000 08:06 3277308                    /lib/x86_64-linux-gnu/libc-2.15.so
7f1f8c453000-7f1f8c457000 r--p 001b4000 08:06 3277308                    /lib/x86_64-linux-gnu/libc-2.15.so
7f1f8c457000-7f1f8c459000 rw-p 001b8000 08:06 3277308                    /lib/x86_64-linux-gnu/libc-2.15.so
7f1f8c459000-7f1f8c45e000 rw-p 00000000 00:00 0 
7f1f8c45e000-7f1f8c460000 r-xp 00000000 08:06 3277307                    /lib/x86_64-linux-gnu/libdl-2.15.so
7f1f8c460000-7f1f8c660000 ---p 00002000 08:06 3277307                    /lib/x86_64-linux-gnu/libdl-2.15.so
7f1f8c660000-7f1f8c661000 r--p 00002000 08:06 3277307                    /lib/x86_64-linux-gnu/libdl-2.15.so
7f1f8c661000-7f1f8c662000 rw-p 00003000 08:06 3277307                    /lib/x86_64-linux-gnu/libdl-2.15.so
7f1f8c662000-7f1f8c666000 r-xp 00000000 08:06 1851558                    /usr/lib/jvm/java-6-openjdk-amd64/jre/lib/amd64/jli/libjli.so
7f1f8c666000-7f1f8c865000 ---p 00004000 08:06 1851558                    /usr/lib/jvm/java-6-openjdk-amd64/jre/lib/amd64/jli/libjli.so
7f1f8c865000-7f1f8c866000 r--p 00003000 08:06 1851558                    /usr/lib/jvm/java-6-openjdk-amd64/jre/lib/amd64/jli/libjli.so
7f1f8c866000-7f1f8c867000 rw-p 00004000 08:06 1851558                    /usr/lib/jvm/java-6-openjdk-amd64/jre/lib/amd64/jli/libjli.so
7f1f8c867000-7f1f8c87f000 r-xp 00000000 08:06 3277310                    /lib/x86_64-linux-gnu/libpthread-2.15.so
7f1f8c87f000-7f1f8ca7e000 ---p 00018000 08:06 3277310                    /lib/x86_64-linux-gnu/libpthread-2.15.so
7f1f8ca7e000-7f1f8ca7f000 r--p 00017000 08:06 3277310                    /lib/x86_64-linux-gnu/libpthread-2.15.so
7f1f8ca7f000-7f1f8ca80000 rw-p 00018000 08:06 3277310                    /lib/x86_64-linux-gnu/libpthread-2.15.so
7f1f8ca80000-7f1f8ca84000 rw-p 00000000 00:00 0 
7f1f8ca84000-7f1f8caa6000 r-xp 00000000 08:06 3277325                    /lib/x86_64-linux-gnu/ld-2.15.so
7f1f8caa6000-7f1f8caa9000 r--s 00000000 08:06 917955                     /var/cache/fontconfig/e13b20fdb08344e0e664864cc2ede53d-le64.cache-3
7f1f8caa9000-7f1f8caac000 r--s 0007f000 08:06 1579922                    /usr/lib/jvm/java-6-openjdk-common/jre/lib/jsse.jar
7f1f8caac000-7f1f8cab8000 r--s 000b0000 08:06 4988799                    /home/michael/Documents/CAP4053/Rougelike/lib/slick.jar
7f1f8cab8000-7f1f8cac5000 r--s 000e3000 08:06 4988797                    /home/michael/Documents/CAP4053/Rougelike/lib/lwjgl.jar
7f1f8cac5000-7f1f8cac7000 r--s 00001000 08:06 1589020                    /usr/lib/jvm/java-6-openjdk-common/jre/lib/ext/dnsns.jar
7f1f8cac7000-7f1f8cad1000 rw-p 00000000 00:00 0 
7f1f8cad1000-7f1f8cb87000 rw-p 00000000 00:00 0 
7f1f8cb87000-7f1f8cb8a000 ---p 00000000 00:00 0 
7f1f8cb8a000-7f1f8cc8d000 rw-p 00000000 00:00 0 
7f1f8cc8d000-7f1f8cc8e000 r--s 00007000 08:06 1704875                    /usr/share/java/java-atk-wrapper.jar
7f1f8cc8e000-7f1f8cc91000 r--s 00031000 08:06 1589017                    /usr/lib/jvm/java-6-openjdk-common/jre/lib/ext/sunjce_provider.jar
7f1f8cc91000-7f1f8cc93000 r--s 0000f000 08:06 1589018                    /usr/lib/jvm/java-6-openjdk-common/jre/lib/ext/pulse-java.jar
7f1f8cc93000-7f1f8cc97000 r--s 00039000 08:06 1589019                    /usr/lib/jvm/java-6-openjdk-common/jre/lib/ext/sunpkcs11.jar
7f1f8cc97000-7f1f8cc9a000 r--s 00077000 08:06 1589021                    /usr/lib/jvm/java-6-openjdk-common/jre/lib/ext/localedata.jar
7f1f8cc9a000-7f1f8cca2000 rw-s 00000000 08:06 393723                     /tmp/hsperfdata_michael/16367 (deleted)
7f1f8cca2000-7f1f8cca3000 rw-p 00000000 00:00 0 
7f1f8cca3000-7f1f8cca4000 ---p 00000000 00:00 0 
7f1f8cca4000-7f1f8cca6000 rw-p 00000000 00:00 0 
7f1f8cca6000-7f1f8cca7000 r--p 00022000 08:06 3277325                    /lib/x86_64-linux-gnu/ld-2.15.so
7f1f8cca7000-7f1f8cca9000 rw-p 00023000 08:06 3277325                    /lib/x86_64-linux-gnu/ld-2.15.so
7fff1a30d000-7fff1a32e000 rw-p 00000000 00:00 0                          [stack]
7fff1a350000-7fff1a351000 r-xp 00000000 00:00 0                          [vdso]
ffffffffff600000-ffffffffff601000 r-xp 00000000 00:00 0                  [vsyscall]

VM Arguments:
jvm_args: -Djava.library.path=/home/michael/Documents/CAP4053/Rougelike/lib/native/linux -Dfile.encoding=UTF-8 
java_command: game.MainGame
Launcher Type: SUN_STANDARD

Environment Variables:
PATH=/usr/lib/lightdm/lightdm:/usr/local/sbin:/usr/local/bin:/usr/sbin:/usr/bin:/sbin:/bin:/usr/games
LD_LIBRARY_PATH=/usr/lib/jvm/java-6-openjdk-amd64/jre/lib/amd64/server:/usr/lib/jvm/java-6-openjdk-amd64/jre/lib/amd64:/usr/lib/jvm/java-6-openjdk-amd64/jre/../lib/amd64
SHELL=/bin/bash
DISPLAY=:0.0

Signal Handlers:
SIGSEGV: [libjvm.so+0x785360], sa_mask[0]=0x7ffbfeff, sa_flags=0x10000004
SIGBUS: [libjvm.so+0x785360], sa_mask[0]=0x7ffbfeff, sa_flags=0x10000004
SIGFPE: [libjvm.so+0x648dc0], sa_mask[0]=0x7ffbfeff, sa_flags=0x10000004
SIGPIPE: [libjvm.so+0x648dc0], sa_mask[0]=0x7ffbfeff, sa_flags=0x10000004
SIGXFSZ: [libjvm.so+0x648dc0], sa_mask[0]=0x7ffbfeff, sa_flags=0x10000004
SIGILL: [libjvm.so+0x648dc0], sa_mask[0]=0x7ffbfeff, sa_flags=0x10000004
SIGUSR1: SIG_DFL, sa_mask[0]=0x00000000, sa_flags=0x00000000
SIGUSR2: [libjvm.so+0x648f70], sa_mask[0]=0x00000004, sa_flags=0x10000004
SIGHUP: [libjvm.so+0x64ba90], sa_mask[0]=0x7ffbfeff, sa_flags=0x10000004
SIGINT: [libjvm.so+0x64ba90], sa_mask[0]=0x7ffbfeff, sa_flags=0x10000004
SIGTERM: [libjvm.so+0x64ba90], sa_mask[0]=0x7ffbfeff, sa_flags=0x10000004
SIGQUIT: [libjvm.so+0x64ba90], sa_mask[0]=0x7ffbfeff, sa_flags=0x10000004


---------------  S Y S T E M  ---------------

OS:Ubuntu 12.04 (precise)
uname:Linux 3.2.0-39-generic #62-Ubuntu SMP Thu Feb 28 00:28:53 UTC 2013 x86_64
libc:glibc 2.15 NPTL 2.15 
rlimit: STACK 8192k, CORE 0k, NPROC 31224, NOFILE 4096, AS infinity
load average:2.06 1.01 0.74

/proc/meminfo:
MemTotal:        4014320 kB
MemFree:         1125068 kB
Buffers:          237376 kB
Cached:          1393672 kB
SwapCached:            0 kB
Active:          1463736 kB
Inactive:         979664 kB
Active(anon):     813452 kB
Inactive(anon):     1872 kB
Active(file):     650284 kB
Inactive(file):   977792 kB
Unevictable:          60 kB
Mlocked:              60 kB
SwapTotal:       4156412 kB
SwapFree:        4156412 kB
Dirty:                52 kB
Writeback:             0 kB
AnonPages:        812520 kB
Mapped:           244296 kB
Shmem:              2976 kB
Slab:             181536 kB
SReclaimable:     155168 kB
SUnreclaim:        26368 kB
KernelStack:        3520 kB
PageTables:        31388 kB
NFS_Unstable:          0 kB
Bounce:                0 kB
WritebackTmp:          0 kB
CommitLimit:     6163572 kB
Committed_AS:    3102964 kB
VmallocTotal:   34359738367 kB
VmallocUsed:      307304 kB
VmallocChunk:   34359424624 kB
HardwareCorrupted:     0 kB
AnonHugePages:         0 kB
HugePages_Total:       0
HugePages_Free:        0
HugePages_Rsvd:        0
HugePages_Surp:        0
Hugepagesize:       2048 kB
DirectMap4k:      212992 kB
DirectMap2M:     3948544 kB


CPU:total 2 (2 cores per cpu, 1 threads per core) family 6 model 23 stepping 10, cmov, cx8, fxsr, mmx, sse, sse2, sse3, ssse3, sse4.1

Memory: 4k page, physical 4014320k(1125068k free), swap 4156412k(4156412k free)

vm_info: OpenJDK 64-Bit Server VM (20.0-b12) for linux-amd64 JRE (1.6.0_27-b27), built on Mar  5 2013 00:27:30 by "buildd" with gcc 4.6.3

time: Wed Apr  3 23:36:49 2013
elapsed time: 108 seconds

