#
# A fatal error has been detected by the Java Runtime Environment:
#
#  SIGSEGV (0xb) at pc=0x00007fa450aeec58, pid=16759, tid=140343841199872
#
# JRE version: 6.0_27-b27
# Java VM: OpenJDK 64-Bit Server VM (20.0-b12 mixed mode linux-amd64 compressed oops)
# Derivative: IcedTea6 1.12.3
# Distribution: Ubuntu 12.04 LTS, package 6b27-1.12.3-0ubuntu1~12.04.1
# Problematic frame:
# C  [libX11.so.6+0x33c58]  XQueryExtension+0x28
#
# If you would like to submit a bug report, please include
# instructions how to reproduce the bug and visit:
#   https://bugs.launchpad.net/ubuntu/+source/openjdk-6/
# The crash happened outside the Java Virtual Machine in native code.
# See problematic frame for where to report the bug.
#

---------------  T H R E A D  ---------------

Current thread (0x00007fa4540a0000):  JavaThread "JDWP Transport Listener: dt_socket" daemon [_thread_in_native, id=16773, stack(0x00007fa458bd1000,0x00007fa458cd2000)]

siginfo:si_signo=SIGSEGV: si_errno=0, si_code=1 (SEGV_MAPERR), si_addr=0x00000000541e9c78

Registers:
RAX=0x00007fa438003af0, RBX=0x00000000541e9310, RCX=0x00007fa458cd07c8, RDX=0x00007fa458cd07c4
RSP=0x00007fa458cd0760, RBP=0x00007fa42a820932, RSI=0x00007fa42a820932, RDI=0x00000000541e9310
R8 =0x00007fa458cd07cc, R9 =0x0000000000000000, R10=0x00007fa45d305fa8, R11=0x00007fa45cf85c80
R12=0x0000000000000000, R13=0x00007fa42a820932, R14=0x00007fa438003af0, R15=0x0000000000000000
RIP=0x00007fa450aeec58, EFLAGS=0x0000000000010206, CSGSFS=0x0000000000000033, ERR=0x0000000000000004
  TRAPNO=0x000000000000000e

Top of Stack: (sp=0x00007fa458cd0760)
0x00007fa458cd0760:   00007fa45cf58790 00007fa45db379e8
0x00007fa458cd0770:   0000006e726f626c 0000000000005a01
0x00007fa458cd0780:   00000000ffffffff 00000000541e9310
0x00007fa458cd0790:   00007fa42a820932 0000000000000000
0x00007fa458cd07a0:   00007fa42a820932 00007fa438003af0
0x00007fa458cd07b0:   0000000000000000 00007fa450ae2c55
0x00007fa458cd07c0:   00007fa45db52048 00007fa42a959520
0x00007fa458cd07d0:   00007fa42a959520 00000000541e9310
0x00007fa458cd07e0:   00007fa4541d7ff0 00007fa450dfc02b
0x00007fa458cd07f0:   00007fa45cf58790 000000110000002f
0x00007fa458cd0800:   00007fa458cd0880 0000000000000000
0x00007fa458cd0810:   00007fa458cd0880 00000000541e9310
0x00007fa458cd0820:   0000000000000000 00007fa45db52048
0x00007fa458cd0830:   00007fa42a972d50 00007fa42a7c7119
0x00007fa458cd0840:   0000000000000000 000000000000002f
0x00007fa458cd0850:   00007fa458cd0880 00007fa458cd08a0
0x00007fa458cd0860:   0000000000000000 00007fa45db52048
0x00007fa458cd0870:   00007fa4541e8510 00007fa42a7bdb42
0x00007fa458cd0880:   00007fa458cd0a90 00007fa42a8208b1
0x00007fa458cd0890:   00007fa458cd0a90 00007fa45d93e92d
0x00007fa458cd08a0:   00007fa45db532c8 00007fa45db53858
0x00007fa458cd08b0:   00007fa45db37000 00007fa454003640
0x00007fa458cd08c0:   00007fa454003d60 00007fa454008620
0x00007fa458cd08d0:   00007fa454009130 00007fa454008ad0
0x00007fa458cd08e0:   00007fa454009630 00007fa45400e310
0x00007fa458cd08f0:   00007fa4540985c0 00007fa454143b90
0x00007fa458cd0900:   00007fa454144070 00007fa45db36000
0x00007fa458cd0910:   00007fa4541d8f20 00007fa4541d53e0
0x00007fa458cd0920:   00007fa4541cf940 00007fa4541cfde0
0x00007fa458cd0930:   00007fa454108b20 00007fa454107a30
0x00007fa458cd0940:   00007fa454107590 00007fa4541d5af0
0x00007fa458cd0950:   00007fa4541070f0 00007fa4541d5f90 

Instructions: (pc=0x00007fa450aeec58)
0x00007fa450aeec38:   24 d8 48 89 fb 4c 89 64 24 e0 4c 89 6c 24 e8 48
0x00007fa450aeec48:   89 f5 4c 89 74 24 f0 4c 89 7c 24 f8 48 83 ec 58
0x00007fa450aeec58:   48 8b 87 68 09 00 00 49 89 d4 49 89 cd 4d 89 c6
0x00007fa450aeec68:   48 85 c0 74 02 ff 10 ba 08 00 00 00 be 62 00 00 

Register to memory mapping:

RAX=0x00007fa438003af0 is an unknown value
RBX=0x00000000541e9310 is an unknown value
RCX=0x00007fa458cd07c8 is pointing into the stack for thread: 0x00007fa4540a0000
RDX=0x00007fa458cd07c4 is pointing into the stack for thread: 0x00007fa4540a0000
RSP=0x00007fa458cd0760 is pointing into the stack for thread: 0x00007fa4540a0000
RBP=0x00007fa42a820932: <offset 0x96932> in /usr/lib/fglrx/libGL.so.1 at 0x00007fa42a78a000
RSI=0x00007fa42a820932: <offset 0x96932> in /usr/lib/fglrx/libGL.so.1 at 0x00007fa42a78a000
RDI=0x00000000541e9310 is an unknown value
R8 =0x00007fa458cd07cc is pointing into the stack for thread: 0x00007fa4540a0000
R9 =0x0000000000000000 is an unknown value
R10=0x00007fa45d305fa8: <offset 0x3bbfa8> in /lib/x86_64-linux-gnu/libc.so.6 at 0x00007fa45cf4a000
R11=0x00007fa45cf85c80: __cxa_finalize+0 in /lib/x86_64-linux-gnu/libc.so.6 at 0x00007fa45cf4a000
R12=0x0000000000000000 is an unknown value
R13=0x00007fa42a820932: <offset 0x96932> in /usr/lib/fglrx/libGL.so.1 at 0x00007fa42a78a000
R14=0x00007fa438003af0 is an unknown value
R15=0x0000000000000000 is an unknown value


Stack: [0x00007fa458bd1000,0x00007fa458cd2000],  sp=0x00007fa458cd0760,  free space=1021k
Native frames: (J=compiled Java code, j=interpreted, Vv=VM code, C=native code)
C  [libX11.so.6+0x33c58]  XQueryExtension+0x28


---------------  P R O C E S S  ---------------

Java Threads: ( => current thread )
  0x00007fa4541d4800 JavaThread "AWT-XAWT" daemon [_thread_in_native, id=16784, stack(0x00007fa42b310000,0x00007fa42b411000)]
  0x00007fa454154800 JavaThread "Java2D Disposer" daemon [_thread_blocked, id=16783, stack(0x00007fa42b821000,0x00007fa42b922000)]
  0x00007fa4540ab000 JavaThread "Low Memory Detector" daemon [_thread_blocked, id=16781, stack(0x00007fa4586cc000,0x00007fa4587cd000)]
  0x00007fa4540a9000 JavaThread "C2 CompilerThread1" daemon [_thread_blocked, id=16780, stack(0x00007fa4587cd000,0x00007fa4588ce000)]
  0x00007fa4540a6000 JavaThread "C2 CompilerThread0" daemon [_thread_blocked, id=16779, stack(0x00007fa4588ce000,0x00007fa4589cf000)]
  0x00007fa438001000 JavaThread "JDWP Command Reader" daemon [_thread_in_vm, id=16777, stack(0x00007fa4589cf000,0x00007fa458ad0000)]
  0x00007fa4540a3800 JavaThread "JDWP Event Helper Thread" daemon [_thread_blocked, id=16776, stack(0x00007fa458ad0000,0x00007fa458bd1000)]
=>0x00007fa4540a0000 JavaThread "JDWP Transport Listener: dt_socket" daemon [_thread_in_native, id=16773, stack(0x00007fa458bd1000,0x00007fa458cd2000)]
  0x00007fa454088000 JavaThread "Signal Dispatcher" daemon [_thread_blocked, id=16771, stack(0x00007fa458ed7000,0x00007fa458fd8000)]
  0x00007fa454076800 JavaThread "Finalizer" daemon [_thread_blocked, id=16770, stack(0x00007fa458fd8000,0x00007fa4590d9000)]
  0x00007fa454074800 JavaThread "Reference Handler" daemon [_thread_blocked, id=16769, stack(0x00007fa4590d9000,0x00007fa4591da000)]
  0x00007fa45400a000 JavaThread "main" [_thread_in_native, id=16761, stack(0x00007fa45da32000,0x00007fa45db33000)]

Other Threads:
  0x00007fa454070000 VMThread [stack: 0x00007fa4591da000,0x00007fa4592db000] [id=16768]
  0x00007fa4540ae000 WatcherThread [stack: 0x00007fa4585cb000,0x00007fa4586cc000] [id=16782]

VM state:not at safepoint (normal execution)

VM Mutex/Monitor currently owned by a thread: None

Heap
 PSYoungGen      total 18368K, used 8167K [0x00000000eb8b0000, 0x00000000ecd20000, 0x0000000100000000)
  eden space 15808K, 46% used [0x00000000eb8b0000,0x00000000ebfcdf60,0x00000000ec820000)
  from space 2560K, 34% used [0x00000000ecaa0000,0x00000000ecb7c010,0x00000000ecd20000)
  to   space 2560K, 0% used [0x00000000ec820000,0x00000000ec820000,0x00000000ecaa0000)
 PSOldGen        total 41856K, used 0K [0x00000000c2a00000, 0x00000000c52e0000, 0x00000000eb8b0000)
  object space 41856K, 0% used [0x00000000c2a00000,0x00000000c2a00000,0x00000000c52e0000)
 PSPermGen       total 21248K, used 11360K [0x00000000b8400000, 0x00000000b98c0000, 0x00000000c2a00000)
  object space 21248K, 53% used [0x00000000b8400000,0x00000000b8f182c8,0x00000000b98c0000)

Code Cache  [0x00007fa451000000, 0x00007fa451270000, 0x00007fa454000000)
 total_blobs=705 nmethods=222 adapters=446 free_code_cache=49177280 largest_free_block=12160

Dynamic libraries:
00400000-00409000 r-xp 00000000 08:06 1589029                            /usr/lib/jvm/java-6-openjdk-amd64/jre/bin/java
00608000-00609000 r--p 00008000 08:06 1589029                            /usr/lib/jvm/java-6-openjdk-amd64/jre/bin/java
00609000-0060a000 rw-p 00009000 08:06 1589029                            /usr/lib/jvm/java-6-openjdk-amd64/jre/bin/java
01818000-01839000 rw-p 00000000 00:00 0                                  [heap]
b8400000-b98c0000 rw-p 00000000 00:00 0 
b98c0000-c2a00000 rw-p 00000000 00:00 0 
c2a00000-c52e0000 rw-p 00000000 00:00 0 
c52e0000-eb8b0000 rw-p 00000000 00:00 0 
eb8b0000-ecd20000 rw-p 00000000 00:00 0 
ecd20000-100000000 rw-p 00000000 00:00 0 
7fa412e7e000-7fa412f7e000 rw-s 085f2000 00:05 8908                       /dev/ati/card0
7fa412f7e000-7fa41307e000 rw-s 085f1000 00:05 8908                       /dev/ati/card0
7fa41307e000-7fa41327f000 rw-s d24ac000 00:05 8908                       /dev/ati/card0
7fa41327f000-7fa41337f000 rw-s 085ee000 00:05 8908                       /dev/ati/card0
7fa41337f000-7fa413480000 rw-p 00000000 00:00 0 
7fa413582000-7fa4135b4000 r-xp 00000000 08:06 1588053                    /usr/lib/jvm/java-6-openjdk-amd64/jre/lib/amd64/liblcms.so
7fa4135b4000-7fa4137b3000 ---p 00032000 08:06 1588053                    /usr/lib/jvm/java-6-openjdk-amd64/jre/lib/amd64/liblcms.so
7fa4137b3000-7fa4137b4000 r--p 00031000 08:06 1588053                    /usr/lib/jvm/java-6-openjdk-amd64/jre/lib/amd64/liblcms.so
7fa4137b4000-7fa4137b5000 rw-p 00032000 08:06 1588053                    /usr/lib/jvm/java-6-openjdk-amd64/jre/lib/amd64/liblcms.so
7fa4137b5000-7fa413804000 rw-p 00000000 00:00 0 
7fa413843000-7fa413883000 rw-s 00028000 00:05 8908                       /dev/ati/card0
7fa413883000-7fa413f83000 rw-s 00006000 00:05 8908                       /dev/ati/card0
7fa413f83000-7fa414000000 rw-p 00000000 00:00 0 
7fa414000000-7fa414021000 rw-p 00000000 00:00 0 
7fa414021000-7fa418000000 ---p 00000000 00:00 0 
7fa418000000-7fa418021000 rw-p 00000000 00:00 0 
7fa418021000-7fa41c000000 ---p 00000000 00:00 0 
7fa41c000000-7fa41ceb4000 rw-p 00000000 00:00 0 
7fa41ceb4000-7fa420000000 ---p 00000000 00:00 0 
7fa420000000-7fa420021000 rw-p 00000000 00:00 0 
7fa420021000-7fa424000000 ---p 00000000 00:00 0 
7fa424000000-7fa424fda000 rw-p 00000000 00:00 0 
7fa424fda000-7fa428000000 ---p 00000000 00:00 0 
7fa42805b000-7fa42805d000 r-xp 00000000 08:06 1449049                    /usr/lib/x86_64-linux-gnu/libXinerama.so.1.0.0
7fa42805d000-7fa42825c000 ---p 00002000 08:06 1449049                    /usr/lib/x86_64-linux-gnu/libXinerama.so.1.0.0
7fa42825c000-7fa42825d000 r--p 00001000 08:06 1449049                    /usr/lib/x86_64-linux-gnu/libXinerama.so.1.0.0
7fa42825d000-7fa42825e000 rw-p 00002000 08:06 1449049                    /usr/lib/x86_64-linux-gnu/libXinerama.so.1.0.0
7fa42825e000-7fa428299000 r-xp 00000000 08:06 2108515                    /usr/lib/fglrx/libatiadlxx.so
7fa428299000-7fa428399000 ---p 0003b000 08:06 2108515                    /usr/lib/fglrx/libatiadlxx.so
7fa428399000-7fa4283a2000 rw-p 0003b000 08:06 2108515                    /usr/lib/fglrx/libatiadlxx.so
7fa4283a2000-7fa4283b3000 rw-p 00000000 00:00 0 
7fa4283b3000-7fa4283ba000 r-xp 00000000 08:06 2108526                    /usr/lib/fglrx/libatiuki.so.1.0
7fa4283ba000-7fa4284ba000 ---p 00007000 08:06 2108526                    /usr/lib/fglrx/libatiuki.so.1.0
7fa4284ba000-7fa4284bb000 rw-p 00007000 08:06 2108526                    /usr/lib/fglrx/libatiuki.so.1.0
7fa4284bb000-7fa4284bc000 rw-p 00000000 00:00 0 
7fa4284bc000-7fa42a416000 r-xp 00000000 08:06 2241357                    /usr/lib/fglrx/dri/fglrx_dri.so
7fa42a416000-7fa42a516000 ---p 01f5a000 08:06 2241357                    /usr/lib/fglrx/dri/fglrx_dri.so
7fa42a516000-7fa42a664000 rwxp 01f5a000 08:06 2241357                    /usr/lib/fglrx/dri/fglrx_dri.so
7fa42a664000-7fa42a78a000 rwxp 00000000 00:00 0 
7fa42a78a000-7fa42a84d000 r-xp 00000000 08:06 2108517                    /usr/lib/fglrx/libGL.so.1.2
7fa42a84d000-7fa42a94c000 ---p 000c3000 08:06 2108517                    /usr/lib/fglrx/libGL.so.1.2
7fa42a94c000-7fa42a973000 rwxp 000c2000 08:06 2108517                    /usr/lib/fglrx/libGL.so.1.2
7fa42a973000-7fa42a993000 rwxp 00000000 00:00 0 
7fa42a993000-7fa42a996000 ---p 00000000 00:00 0 
7fa42a996000-7fa42aa94000 rw-p 00000000 00:00 0 
7fa42aa94000-7fa42aa98000 r-xp 00000000 08:06 1449069                    /usr/lib/x86_64-linux-gnu/libXxf86vm.so.1.0.0
7fa42aa98000-7fa42ac97000 ---p 00004000 08:06 1449069                    /usr/lib/x86_64-linux-gnu/libXxf86vm.so.1.0.0
7fa42ac97000-7fa42ac98000 r--p 00003000 08:06 1449069                    /usr/lib/x86_64-linux-gnu/libXxf86vm.so.1.0.0
7fa42ac98000-7fa42ac99000 rw-p 00004000 08:06 1449069                    /usr/lib/x86_64-linux-gnu/libXxf86vm.so.1.0.0
7fa42ac99000-7fa42aca0000 r-xp 00000000 08:06 1442564                    /usr/lib/x86_64-linux-gnu/libXrandr.so.2.2.0
7fa42aca0000-7fa42ae9f000 ---p 00007000 08:06 1442564                    /usr/lib/x86_64-linux-gnu/libXrandr.so.2.2.0
7fa42ae9f000-7fa42aea0000 r--p 00006000 08:06 1442564                    /usr/lib/x86_64-linux-gnu/libXrandr.so.2.2.0
7fa42aea0000-7fa42aea1000 rw-p 00007000 08:06 1442564                    /usr/lib/x86_64-linux-gnu/libXrandr.so.2.2.0
7fa42aea1000-7fa42af0b000 r-xp 00000000 08:06 5119204                    /home/michael/Documents/CAP4053/Rougelike/lib/native/linux/liblwjgl64.so
7fa42af0b000-7fa42b10b000 ---p 0006a000 08:06 5119204                    /home/michael/Documents/CAP4053/Rougelike/lib/native/linux/liblwjgl64.so
7fa42b10b000-7fa42b10d000 r--p 0006a000 08:06 5119204                    /home/michael/Documents/CAP4053/Rougelike/lib/native/linux/liblwjgl64.so
7fa42b10d000-7fa42b10e000 rw-p 0006c000 08:06 5119204                    /home/michael/Documents/CAP4053/Rougelike/lib/native/linux/liblwjgl64.so
7fa42b10e000-7fa42b10f000 r-xp 00000000 08:06 1589026                    /usr/lib/jvm/java-6-openjdk-amd64/jre/lib/amd64/libjawt.so
7fa42b10f000-7fa42b30e000 ---p 00001000 08:06 1589026                    /usr/lib/jvm/java-6-openjdk-amd64/jre/lib/amd64/libjawt.so
7fa42b30e000-7fa42b30f000 r--p 00000000 08:06 1589026                    /usr/lib/jvm/java-6-openjdk-amd64/jre/lib/amd64/libjawt.so
7fa42b30f000-7fa42b310000 rw-p 00001000 08:06 1589026                    /usr/lib/jvm/java-6-openjdk-amd64/jre/lib/amd64/libjawt.so
7fa42b310000-7fa42b313000 ---p 00000000 00:00 0 
7fa42b313000-7fa42b411000 rw-p 00000000 00:00 0 
7fa42b411000-7fa42b416000 r-xp 00000000 08:06 1449043                    /usr/lib/x86_64-linux-gnu/libXfixes.so.3.1.0
7fa42b416000-7fa42b615000 ---p 00005000 08:06 1449043                    /usr/lib/x86_64-linux-gnu/libXfixes.so.3.1.0
7fa42b615000-7fa42b616000 r--p 00004000 08:06 1449043                    /usr/lib/x86_64-linux-gnu/libXfixes.so.3.1.0
7fa42b616000-7fa42b617000 rw-p 00005000 08:06 1449043                    /usr/lib/x86_64-linux-gnu/libXfixes.so.3.1.0
7fa42b617000-7fa42b620000 r-xp 00000000 08:06 1449035                    /usr/lib/x86_64-linux-gnu/libXcursor.so.1.0.2
7fa42b620000-7fa42b81f000 ---p 00009000 08:06 1449035                    /usr/lib/x86_64-linux-gnu/libXcursor.so.1.0.2
7fa42b81f000-7fa42b820000 r--p 00008000 08:06 1449035                    /usr/lib/x86_64-linux-gnu/libXcursor.so.1.0.2
7fa42b820000-7fa42b821000 rw-p 00009000 08:06 1449035                    /usr/lib/x86_64-linux-gnu/libXcursor.so.1.0.2
7fa42b821000-7fa42b824000 ---p 00000000 00:00 0 
7fa42b824000-7fa42b922000 rw-p 00000000 00:00 0 
7fa42b922000-7fa42b9b8000 r-xp 00000000 08:06 1442005                    /usr/lib/x86_64-linux-gnu/libfreetype.so.6.8.0
7fa42b9b8000-7fa42bbb7000 ---p 00096000 08:06 1442005                    /usr/lib/x86_64-linux-gnu/libfreetype.so.6.8.0
7fa42bbb7000-7fa42bbbd000 r--p 00095000 08:06 1442005                    /usr/lib/x86_64-linux-gnu/libfreetype.so.6.8.0
7fa42bbbd000-7fa42bbbe000 rw-p 0009b000 08:06 1442005                    /usr/lib/x86_64-linux-gnu/libfreetype.so.6.8.0
7fa42bbbe000-7fa42bbf8000 r-xp 00000000 08:06 1588070                    /usr/lib/jvm/java-6-openjdk-amd64/jre/lib/amd64/libfontmanager.so
7fa42bbf8000-7fa42bdf7000 ---p 0003a000 08:06 1588070                    /usr/lib/jvm/java-6-openjdk-amd64/jre/lib/amd64/libfontmanager.so
7fa42bdf7000-7fa42bdf9000 r--p 00039000 08:06 1588070                    /usr/lib/jvm/java-6-openjdk-amd64/jre/lib/amd64/libfontmanager.so
7fa42bdf9000-7fa42bdfa000 rw-p 0003b000 08:06 1588070                    /usr/lib/jvm/java-6-openjdk-amd64/jre/lib/amd64/libfontmanager.so
7fa42bdfa000-7fa42bdff000 r-xp 00000000 08:06 1449039                    /usr/lib/x86_64-linux-gnu/libXdmcp.so.6.0.0
7fa42bdff000-7fa42bffe000 ---p 00005000 08:06 1449039                    /usr/lib/x86_64-linux-gnu/libXdmcp.so.6.0.0
7fa42bffe000-7fa42bfff000 r--p 00004000 08:06 1449039                    /usr/lib/x86_64-linux-gnu/libXdmcp.so.6.0.0
7fa42bfff000-7fa42c000000 rw-p 00005000 08:06 1449039                    /usr/lib/x86_64-linux-gnu/libXdmcp.so.6.0.0
7fa42c000000-7fa42c021000 rw-p 00000000 00:00 0 
7fa42c021000-7fa430000000 ---p 00000000 00:00 0 
7fa430000000-7fa430021000 rw-p 00000000 00:00 0 
7fa430021000-7fa434000000 ---p 00000000 00:00 0 
7fa434000000-7fa434021000 rw-p 00000000 00:00 0 
7fa434021000-7fa438000000 ---p 00000000 00:00 0 
7fa438000000-7fa438021000 rw-p 00000000 00:00 0 
7fa438021000-7fa43c000000 ---p 00000000 00:00 0 
7fa43c000000-7fa43c021000 rw-p 00000000 00:00 0 
7fa43c021000-7fa440000000 ---p 00000000 00:00 0 
7fa440000000-7fa440021000 rw-p 00000000 00:00 0 
7fa440021000-7fa444000000 ---p 00000000 00:00 0 
7fa444000000-7fa444021000 rw-p 00000000 00:00 0 
7fa444021000-7fa448000000 ---p 00000000 00:00 0 
7fa448000000-7fa448021000 rw-p 00000000 00:00 0 
7fa448021000-7fa44c000000 ---p 00000000 00:00 0 
7fa44c000000-7fa44c021000 rw-p 00000000 00:00 0 
7fa44c021000-7fa450000000 ---p 00000000 00:00 0 
7fa450004000-7fa45004c000 rw-p 00000000 00:00 0 
7fa45004c000-7fa45004d000 rw-s 00005000 00:05 8908                       /dev/ati/card0
7fa45004d000-7fa45005d000 rw-s fc000000 00:05 8908                       /dev/ati/card0
7fa45005d000-7fa45005f000 rw-s 00002000 00:05 8908                       /dev/ati/card0
7fa45005f000-7fa450065000 r--s 000fc000 08:06 1589022                    /usr/lib/jvm/java-6-openjdk-common/jre/lib/resources.jar
7fa450065000-7fa450066000 r--s 00000000 08:06 924136                     /var/cache/fontconfig/c05880de57d1f5e948fdfacc138775d9-le64.cache-3
7fa450066000-7fa45006f000 r--s 00000000 08:06 917958                     /var/cache/fontconfig/945677eb7aeaf62f1d50efc3fb3ec7d8-le64.cache-3
7fa45006f000-7fa450071000 r--s 00000000 08:06 924130                     /var/cache/fontconfig/99e8ed0e538f840c565b6ed5dad60d56-le64.cache-3
7fa450071000-7fa450075000 r--s 00000000 08:06 924129                     /var/cache/fontconfig/2cd17615ca594fa2959ae173292e504c-le64.cache-3
7fa450075000-7fa45007b000 r--s 00000000 08:06 924110                     /var/cache/fontconfig/a755afe4a08bf5b97852ceb7400b47bc-le64.cache-3
7fa45007b000-7fa45007d000 r-xp 00000000 08:06 1449028                    /usr/lib/x86_64-linux-gnu/libXau.so.6.0.0
7fa45007d000-7fa45027c000 ---p 00002000 08:06 1449028                    /usr/lib/x86_64-linux-gnu/libXau.so.6.0.0
7fa45027c000-7fa45027d000 r--p 00001000 08:06 1449028                    /usr/lib/x86_64-linux-gnu/libXau.so.6.0.0
7fa45027d000-7fa45027e000 rw-p 00002000 08:06 1449028                    /usr/lib/x86_64-linux-gnu/libXau.so.6.0.0
7fa45027e000-7fa45029b000 r-xp 00000000 08:06 1443342                    /usr/lib/x86_64-linux-gnu/libxcb.so.1.1.0
7fa45029b000-7fa45049a000 ---p 0001d000 08:06 1443342                    /usr/lib/x86_64-linux-gnu/libxcb.so.1.1.0
7fa45049a000-7fa45049b000 r--p 0001c000 08:06 1443342                    /usr/lib/x86_64-linux-gnu/libxcb.so.1.1.0
7fa45049b000-7fa45049c000 rw-p 0001d000 08:06 1443342                    /usr/lib/x86_64-linux-gnu/libxcb.so.1.1.0
7fa45049c000-7fa4504aa000 r-xp 00000000 08:06 1449047                    /usr/lib/x86_64-linux-gnu/libXi.so.6.1.0
7fa4504aa000-7fa4506a9000 ---p 0000e000 08:06 1449047                    /usr/lib/x86_64-linux-gnu/libXi.so.6.1.0
7fa4506a9000-7fa4506aa000 r--p 0000d000 08:06 1449047                    /usr/lib/x86_64-linux-gnu/libXi.so.6.1.0
7fa4506aa000-7fa4506ab000 rw-p 0000e000 08:06 1449047                    /usr/lib/x86_64-linux-gnu/libXi.so.6.1.0
7fa4506ab000-7fa4506b0000 r-xp 00000000 08:06 1449065                    /usr/lib/x86_64-linux-gnu/libXtst.so.6.1.0
7fa4506b0000-7fa4508af000 ---p 00005000 08:06 1449065                    /usr/lib/x86_64-linux-gnu/libXtst.so.6.1.0
7fa4508af000-7fa4508b0000 r--p 00004000 08:06 1449065                    /usr/lib/x86_64-linux-gnu/libXtst.so.6.1.0
7fa4508b0000-7fa4508b1000 rw-p 00005000 08:06 1449065                    /usr/lib/x86_64-linux-gnu/libXtst.so.6.1.0
7fa4508b1000-7fa4508ba000 r-xp 00000000 08:06 1449061                    /usr/lib/x86_64-linux-gnu/libXrender.so.1.3.0
7fa4508ba000-7fa450ab9000 ---p 00009000 08:06 1449061                    /usr/lib/x86_64-linux-gnu/libXrender.so.1.3.0
7fa450ab9000-7fa450aba000 r--p 00008000 08:06 1449061                    /usr/lib/x86_64-linux-gnu/libXrender.so.1.3.0
7fa450aba000-7fa450abb000 rw-p 00009000 08:06 1449061                    /usr/lib/x86_64-linux-gnu/libXrender.so.1.3.0
7fa450abb000-7fa450bea000 r-xp 00000000 08:06 1449026                    /usr/lib/x86_64-linux-gnu/libX11.so.6.3.0
7fa450bea000-7fa450dea000 ---p 0012f000 08:06 1449026                    /usr/lib/x86_64-linux-gnu/libX11.so.6.3.0
7fa450dea000-7fa450deb000 r--p 0012f000 08:06 1449026                    /usr/lib/x86_64-linux-gnu/libX11.so.6.3.0
7fa450deb000-7fa450def000 rw-p 00130000 08:06 1449026                    /usr/lib/x86_64-linux-gnu/libX11.so.6.3.0
7fa450def000-7fa450dff000 r-xp 00000000 08:06 1449041                    /usr/lib/x86_64-linux-gnu/libXext.so.6.4.0
7fa450dff000-7fa450ffe000 ---p 00010000 08:06 1449041                    /usr/lib/x86_64-linux-gnu/libXext.so.6.4.0
7fa450ffe000-7fa450fff000 r--p 0000f000 08:06 1449041                    /usr/lib/x86_64-linux-gnu/libXext.so.6.4.0
7fa450fff000-7fa451000000 rw-p 00010000 08:06 1449041                    /usr/lib/x86_64-linux-gnu/libXext.so.6.4.0
7fa451000000-7fa451270000 rwxp 00000000 00:00 0 
7fa451270000-7fa454fa9000 rw-p 00000000 00:00 0 
7fa454fa9000-7fa458000000 ---p 00000000 00:00 0 
7fa458001000-7fa458002000 r--s 00000000 08:06 924126                     /var/cache/fontconfig/e7071f4a29fa870f4323321c154eba04-le64.cache-3
7fa458002000-7fa458003000 r--s 00000000 08:06 924125                     /var/cache/fontconfig/0d8c3b2ac0904cb8a57a757ad11a4a08-le64.cache-3
7fa458003000-7fa45800c000 r--s 00000000 08:06 922421                     /var/cache/fontconfig/6d41288fd70b0be22e8c3a91e032eec0-le64.cache-3
7fa45800c000-7fa45801c000 r--s 00000000 08:06 924085                     /var/cache/fontconfig/04aabc0a78ac019cf9454389977116d2-le64.cache-3
7fa45801c000-7fa45801f000 r--s 00000000 08:06 917940                     /var/cache/fontconfig/385c0604a188198f04d133e54aba7fe7-le64.cache-3
7fa45801f000-7fa458020000 r--s 00000000 08:06 925018                     /var/cache/fontconfig/4794a0821666d79190d59a36cb4f44b5-le64.cache-3
7fa458020000-7fa458023000 r--s 00000000 08:06 917937                     /var/cache/fontconfig/8801497958630a81b71ace7c5f9b32a8-le64.cache-3
7fa458023000-7fa458028000 r--s 00000000 08:06 924035                     /var/cache/fontconfig/3047814df9a2f067bd2d96a2b9c36e5a-le64.cache-3
7fa458028000-7fa458029000 r--s 00000000 08:06 924033                     /var/cache/fontconfig/56cf4f4769d0f4abc89a4895d7bd3ae1-le64.cache-3
7fa458029000-7fa45802a000 r--s 00000000 08:06 924029                     /var/cache/fontconfig/b9d506c9ac06c20b433354fa67a72993-le64.cache-3
7fa45802a000-7fa45802f000 r--s 00000000 08:06 924021                     /var/cache/fontconfig/b47c4e1ecd0709278f4910c18777a504-le64.cache-3
7fa45802f000-7fa45803f000 r--s 00000000 08:06 924020                     /var/cache/fontconfig/d52a8644073d54c13679302ca1180695-le64.cache-3
7fa45803f000-7fa458042000 r--s 00000000 08:06 917955                     /var/cache/fontconfig/e13b20fdb08344e0e664864cc2ede53d-le64.cache-3
7fa458042000-7fa458046000 r--s 00000000 08:06 917938                     /var/cache/fontconfig/7ef2298fde41cc6eeb7af42e48b7d293-le64.cache-3
7fa458046000-7fa458047000 r--s 00000000 08:06 924136                     /var/cache/fontconfig/c05880de57d1f5e948fdfacc138775d9-le64.cache-3
7fa458047000-7fa458050000 r--s 00000000 08:06 917958                     /var/cache/fontconfig/945677eb7aeaf62f1d50efc3fb3ec7d8-le64.cache-3
7fa458050000-7fa458052000 r--s 00000000 08:06 924130                     /var/cache/fontconfig/99e8ed0e538f840c565b6ed5dad60d56-le64.cache-3
7fa458052000-7fa458056000 r--s 00000000 08:06 924129                     /var/cache/fontconfig/2cd17615ca594fa2959ae173292e504c-le64.cache-3
7fa458056000-7fa458057000 r--s 00000000 08:06 924126                     /var/cache/fontconfig/e7071f4a29fa870f4323321c154eba04-le64.cache-3
7fa458057000-7fa458058000 r--s 00000000 08:06 924125                     /var/cache/fontconfig/0d8c3b2ac0904cb8a57a757ad11a4a08-le64.cache-3
7fa458058000-7fa45805e000 r--s 00000000 08:06 924110                     /var/cache/fontconfig/a755afe4a08bf5b97852ceb7400b47bc-le64.cache-3
7fa45805e000-7fa458067000 r--s 00000000 08:06 922421                     /var/cache/fontconfig/6d41288fd70b0be22e8c3a91e032eec0-le64.cache-3
7fa458067000-7fa458077000 r--s 00000000 08:06 924085                     /var/cache/fontconfig/04aabc0a78ac019cf9454389977116d2-le64.cache-3
7fa458077000-7fa45807a000 r--s 00000000 08:06 917940                     /var/cache/fontconfig/385c0604a188198f04d133e54aba7fe7-le64.cache-3
7fa45807a000-7fa45807d000 r--s 00000000 08:06 917937                     /var/cache/fontconfig/8801497958630a81b71ace7c5f9b32a8-le64.cache-3
7fa45807d000-7fa458082000 r--s 00000000 08:06 924035                     /var/cache/fontconfig/3047814df9a2f067bd2d96a2b9c36e5a-le64.cache-3
7fa458082000-7fa458087000 r--s 00000000 08:06 924021                     /var/cache/fontconfig/b47c4e1ecd0709278f4910c18777a504-le64.cache-3
7fa458087000-7fa458097000 r--s 00000000 08:06 924020                     /var/cache/fontconfig/d52a8644073d54c13679302ca1180695-le64.cache-3
7fa458097000-7fa45809a000 r--s 00000000 08:06 917955                     /var/cache/fontconfig/e13b20fdb08344e0e664864cc2ede53d-le64.cache-3
7fa45809a000-7fa45809e000 r--s 00000000 08:06 917938                     /var/cache/fontconfig/7ef2298fde41cc6eeb7af42e48b7d293-le64.cache-3
7fa45809e000-7fa4580e9000 r-xp 00000000 08:06 1966745                    /usr/lib/jvm/java-6-openjdk-amd64/jre/lib/amd64/xawt/libmawt.so
7fa4580e9000-7fa4582e9000 ---p 0004b000 08:06 1966745                    /usr/lib/jvm/java-6-openjdk-amd64/jre/lib/amd64/xawt/libmawt.so
7fa4582e9000-7fa4582ea000 r--p 0004b000 08:06 1966745                    /usr/lib/jvm/java-6-openjdk-amd64/jre/lib/amd64/xawt/libmawt.so
7fa4582ea000-7fa4582ed000 rw-p 0004c000 08:06 1966745                    /usr/lib/jvm/java-6-openjdk-amd64/jre/lib/amd64/xawt/libmawt.so
7fa4582ed000-7fa4582ee000 rw-p 00000000 00:00 0 
7fa4582ee000-7fa45839a000 r-xp 00000000 08:06 1588075                    /usr/lib/jvm/java-6-openjdk-amd64/jre/lib/amd64/libawt.so
7fa45839a000-7fa45859a000 ---p 000ac000 08:06 1588075                    /usr/lib/jvm/java-6-openjdk-amd64/jre/lib/amd64/libawt.so
7fa45859a000-7fa45859b000 r--p 000ac000 08:06 1588075                    /usr/lib/jvm/java-6-openjdk-amd64/jre/lib/amd64/libawt.so
7fa45859b000-7fa4585a6000 rw-p 000ad000 08:06 1588075                    /usr/lib/jvm/java-6-openjdk-amd64/jre/lib/amd64/libawt.so
7fa4585a6000-7fa4585cb000 rw-p 00000000 00:00 0 
7fa4585cb000-7fa4585cc000 ---p 00000000 00:00 0 
7fa4585cc000-7fa4586cc000 rw-p 00000000 00:00 0 
7fa4586cc000-7fa4586cf000 ---p 00000000 00:00 0 
7fa4586cf000-7fa4587cd000 rw-p 00000000 00:00 0 
7fa4587cd000-7fa4587d0000 ---p 00000000 00:00 0 
7fa4587d0000-7fa4588ce000 rw-p 00000000 00:00 0 
7fa4588ce000-7fa4588d1000 ---p 00000000 00:00 0 
7fa4588d1000-7fa4589cf000 rw-p 00000000 00:00 0 
7fa4589cf000-7fa4589d2000 ---p 00000000 00:00 0 
7fa4589d2000-7fa458ad0000 rw-p 00000000 00:00 0 
7fa458ad0000-7fa458ad3000 ---p 00000000 00:00 0 
7fa458ad3000-7fa458bd1000 rw-p 00000000 00:00 0 
7fa458bd1000-7fa458bd4000 ---p 00000000 00:00 0 
7fa458bd4000-7fa458cd2000 rw-p 00000000 00:00 0 
7fa458cd2000-7fa458cd6000 r-xp 00000000 08:06 1589025                    /usr/lib/jvm/java-6-openjdk-amd64/jre/lib/amd64/libdt_socket.so
7fa458cd6000-7fa458ed5000 ---p 00004000 08:06 1589025                    /usr/lib/jvm/java-6-openjdk-amd64/jre/lib/amd64/libdt_socket.so
7fa458ed5000-7fa458ed6000 r--p 00003000 08:06 1589025                    /usr/lib/jvm/java-6-openjdk-amd64/jre/lib/amd64/libdt_socket.so
7fa458ed6000-7fa458ed7000 rw-p 00004000 08:06 1589025                    /usr/lib/jvm/java-6-openjdk-amd64/jre/lib/amd64/libdt_socket.so
7fa458ed7000-7fa458eda000 ---p 00000000 00:00 0 
7fa458eda000-7fa458fd8000 rw-p 00000000 00:00 0 
7fa458fd8000-7fa458fdb000 ---p 00000000 00:00 0 
7fa458fdb000-7fa4590d9000 rw-p 00000000 00:00 0 
7fa4590d9000-7fa4590dc000 ---p 00000000 00:00 0 
7fa4590dc000-7fa4591da000 rw-p 00000000 00:00 0 
7fa4591da000-7fa4591db000 ---p 00000000 00:00 0 
7fa4591db000-7fa459611000 rw-p 00000000 00:00 0 
7fa459611000-7fa4597a3000 r--s 037d5000 08:06 1588050                    /usr/lib/jvm/java-6-openjdk-amd64/jre/lib/rt.jar
7fa4597a3000-7fa4597cb000 rw-p 00000000 00:00 0 
7fa4597cb000-7fa4597cc000 ---p 00000000 00:00 0 
7fa4597cc000-7fa4598cc000 rw-p 00000000 00:00 0 
7fa4598cc000-7fa4598cd000 ---p 00000000 00:00 0 
7fa4598cd000-7fa4599d8000 rw-p 00000000 00:00 0 
7fa4599d8000-7fa459a20000 rw-p 00000000 00:00 0 
7fa459a20000-7fa459a35000 rw-p 00000000 00:00 0 
7fa459a35000-7fa459b68000 rw-p 00000000 00:00 0 
7fa459b68000-7fa459b73000 rw-p 00000000 00:00 0 
7fa459b73000-7fa459bbb000 rw-p 00000000 00:00 0 
7fa459bbb000-7fa459bd0000 rw-p 00000000 00:00 0 
7fa459bd0000-7fa459d02000 rw-p 00000000 00:00 0 
7fa459d02000-7fa459d0d000 rw-p 00000000 00:00 0 
7fa459d0d000-7fa459da6000 rw-p 00000000 00:00 0 
7fa459da6000-7fa459da7000 rw-p 00000000 00:00 0 
7fa459da7000-7fa459dae000 r-xp 00000000 08:06 1589028                    /usr/lib/jvm/java-6-openjdk-amd64/jre/lib/amd64/libzip.so
7fa459dae000-7fa459fad000 ---p 00007000 08:06 1589028                    /usr/lib/jvm/java-6-openjdk-amd64/jre/lib/amd64/libzip.so
7fa459fad000-7fa459fae000 r--p 00006000 08:06 1589028                    /usr/lib/jvm/java-6-openjdk-amd64/jre/lib/amd64/libzip.so
7fa459fae000-7fa459faf000 rw-p 00007000 08:06 1589028                    /usr/lib/jvm/java-6-openjdk-amd64/jre/lib/amd64/libzip.so
7fa459faf000-7fa459fbb000 r-xp 00000000 08:06 3277321                    /lib/x86_64-linux-gnu/libnss_files-2.15.so
7fa459fbb000-7fa45a1ba000 ---p 0000c000 08:06 3277321                    /lib/x86_64-linux-gnu/libnss_files-2.15.so
7fa45a1ba000-7fa45a1bb000 r--p 0000b000 08:06 3277321                    /lib/x86_64-linux-gnu/libnss_files-2.15.so
7fa45a1bb000-7fa45a1bc000 rw-p 0000c000 08:06 3277321                    /lib/x86_64-linux-gnu/libnss_files-2.15.so
7fa45a1bc000-7fa45a1c6000 r-xp 00000000 08:06 3277317                    /lib/x86_64-linux-gnu/libnss_nis-2.15.so
7fa45a1c6000-7fa45a3c6000 ---p 0000a000 08:06 3277317                    /lib/x86_64-linux-gnu/libnss_nis-2.15.so
7fa45a3c6000-7fa45a3c7000 r--p 0000a000 08:06 3277317                    /lib/x86_64-linux-gnu/libnss_nis-2.15.so
7fa45a3c7000-7fa45a3c8000 rw-p 0000b000 08:06 3277317                    /lib/x86_64-linux-gnu/libnss_nis-2.15.so
7fa45a3c8000-7fa45a3df000 r-xp 00000000 08:06 3277330                    /lib/x86_64-linux-gnu/libnsl-2.15.so
7fa45a3df000-7fa45a5de000 ---p 00017000 08:06 3277330                    /lib/x86_64-linux-gnu/libnsl-2.15.so
7fa45a5de000-7fa45a5df000 r--p 00016000 08:06 3277330                    /lib/x86_64-linux-gnu/libnsl-2.15.so
7fa45a5df000-7fa45a5e0000 rw-p 00017000 08:06 3277330                    /lib/x86_64-linux-gnu/libnsl-2.15.so
7fa45a5e0000-7fa45a5e2000 rw-p 00000000 00:00 0 
7fa45a5e2000-7fa45a5ea000 r-xp 00000000 08:06 3277322                    /lib/x86_64-linux-gnu/libnss_compat-2.15.so
7fa45a5ea000-7fa45a7e9000 ---p 00008000 08:06 3277322                    /lib/x86_64-linux-gnu/libnss_compat-2.15.so
7fa45a7e9000-7fa45a7ea000 r--p 00007000 08:06 3277322                    /lib/x86_64-linux-gnu/libnss_compat-2.15.so
7fa45a7ea000-7fa45a7eb000 rw-p 00008000 08:06 3277322                    /lib/x86_64-linux-gnu/libnss_compat-2.15.so
7fa45a7eb000-7fa45aed2000 r--p 00000000 08:06 1448407                    /usr/lib/locale/locale-archive
7fa45aed2000-7fa45aed5000 r-xp 00000000 08:06 1588055                    /usr/lib/jvm/java-6-openjdk-amd64/jre/lib/amd64/libnpt.so
7fa45aed5000-7fa45b0d4000 ---p 00003000 08:06 1588055                    /usr/lib/jvm/java-6-openjdk-amd64/jre/lib/amd64/libnpt.so
7fa45b0d4000-7fa45b0d5000 r--p 00002000 08:06 1588055                    /usr/lib/jvm/java-6-openjdk-amd64/jre/lib/amd64/libnpt.so
7fa45b0d5000-7fa45b0d6000 rw-p 00003000 08:06 1588055                    /usr/lib/jvm/java-6-openjdk-amd64/jre/lib/amd64/libnpt.so
7fa45b0d6000-7fa45b110000 r-xp 00000000 08:06 1588062                    /usr/lib/jvm/java-6-openjdk-amd64/jre/lib/amd64/libjdwp.so
7fa45b110000-7fa45b30f000 ---p 0003a000 08:06 1588062                    /usr/lib/jvm/java-6-openjdk-amd64/jre/lib/amd64/libjdwp.so
7fa45b30f000-7fa45b310000 r--p 00039000 08:06 1588062                    /usr/lib/jvm/java-6-openjdk-amd64/jre/lib/amd64/libjdwp.so
7fa45b310000-7fa45b311000 rw-p 0003a000 08:06 1588062                    /usr/lib/jvm/java-6-openjdk-amd64/jre/lib/amd64/libjdwp.so
7fa45b311000-7fa45b33d000 r-xp 00000000 08:06 1588073                    /usr/lib/jvm/java-6-openjdk-amd64/jre/lib/amd64/libjava.so
7fa45b33d000-7fa45b53c000 ---p 0002c000 08:06 1588073                    /usr/lib/jvm/java-6-openjdk-amd64/jre/lib/amd64/libjava.so
7fa45b53c000-7fa45b53d000 r--p 0002b000 08:06 1588073                    /usr/lib/jvm/java-6-openjdk-amd64/jre/lib/amd64/libjava.so
7fa45b53d000-7fa45b540000 rw-p 0002c000 08:06 1588073                    /usr/lib/jvm/java-6-openjdk-amd64/jre/lib/amd64/libjava.so
7fa45b540000-7fa45b54e000 r-xp 00000000 08:06 1588072                    /usr/lib/jvm/java-6-openjdk-amd64/jre/lib/amd64/libverify.so
7fa45b54e000-7fa45b74d000 ---p 0000e000 08:06 1588072                    /usr/lib/jvm/java-6-openjdk-amd64/jre/lib/amd64/libverify.so
7fa45b74d000-7fa45b74f000 r--p 0000d000 08:06 1588072                    /usr/lib/jvm/java-6-openjdk-amd64/jre/lib/amd64/libverify.so
7fa45b74f000-7fa45b750000 rw-p 0000f000 08:06 1588072                    /usr/lib/jvm/java-6-openjdk-amd64/jre/lib/amd64/libverify.so
7fa45b750000-7fa45b757000 r-xp 00000000 08:06 3277315                    /lib/x86_64-linux-gnu/librt-2.15.so
7fa45b757000-7fa45b956000 ---p 00007000 08:06 3277315                    /lib/x86_64-linux-gnu/librt-2.15.so
7fa45b956000-7fa45b957000 r--p 00006000 08:06 3277315                    /lib/x86_64-linux-gnu/librt-2.15.so
7fa45b957000-7fa45b958000 rw-p 00007000 08:06 3277315                    /lib/x86_64-linux-gnu/librt-2.15.so
7fa45b958000-7fa45b96d000 r-xp 00000000 08:06 3280420                    /lib/x86_64-linux-gnu/libgcc_s.so.1
7fa45b96d000-7fa45bb6c000 ---p 00015000 08:06 3280420                    /lib/x86_64-linux-gnu/libgcc_s.so.1
7fa45bb6c000-7fa45bb6d000 r--p 00014000 08:06 3280420                    /lib/x86_64-linux-gnu/libgcc_s.so.1
7fa45bb6d000-7fa45bb6e000 rw-p 00015000 08:06 3280420                    /lib/x86_64-linux-gnu/libgcc_s.so.1
7fa45bb6e000-7fa45bc69000 r-xp 00000000 08:06 3277319                    /lib/x86_64-linux-gnu/libm-2.15.so
7fa45bc69000-7fa45be68000 ---p 000fb000 08:06 3277319                    /lib/x86_64-linux-gnu/libm-2.15.so
7fa45be68000-7fa45be69000 r--p 000fa000 08:06 3277319                    /lib/x86_64-linux-gnu/libm-2.15.so
7fa45be69000-7fa45be6a000 rw-p 000fb000 08:06 3277319                    /lib/x86_64-linux-gnu/libm-2.15.so
7fa45be6a000-7fa45bf4c000 r-xp 00000000 08:06 1449555                    /usr/lib/x86_64-linux-gnu/libstdc++.so.6.0.16
7fa45bf4c000-7fa45c14b000 ---p 000e2000 08:06 1449555                    /usr/lib/x86_64-linux-gnu/libstdc++.so.6.0.16
7fa45c14b000-7fa45c153000 r--p 000e1000 08:06 1449555                    /usr/lib/x86_64-linux-gnu/libstdc++.so.6.0.16
7fa45c153000-7fa45c155000 rw-p 000e9000 08:06 1449555                    /usr/lib/x86_64-linux-gnu/libstdc++.so.6.0.16
7fa45c155000-7fa45c16a000 rw-p 00000000 00:00 0 
7fa45c16a000-7fa45ca6f000 r-xp 00000000 08:06 1588078                    /usr/lib/jvm/java-6-openjdk-amd64/jre/lib/amd64/server/libjvm.so
7fa45ca6f000-7fa45cc6f000 ---p 00905000 08:06 1588078                    /usr/lib/jvm/java-6-openjdk-amd64/jre/lib/amd64/server/libjvm.so
7fa45cc6f000-7fa45ccef000 r--p 00905000 08:06 1588078                    /usr/lib/jvm/java-6-openjdk-amd64/jre/lib/amd64/server/libjvm.so
7fa45ccef000-7fa45cd0a000 rw-p 00985000 08:06 1588078                    /usr/lib/jvm/java-6-openjdk-amd64/jre/lib/amd64/server/libjvm.so
7fa45cd0a000-7fa45cd33000 rw-p 00000000 00:00 0 
7fa45cd33000-7fa45cd49000 r-xp 00000000 08:06 3280510                    /lib/x86_64-linux-gnu/libz.so.1.2.3.4
7fa45cd49000-7fa45cf48000 ---p 00016000 08:06 3280510                    /lib/x86_64-linux-gnu/libz.so.1.2.3.4
7fa45cf48000-7fa45cf49000 r--p 00015000 08:06 3280510                    /lib/x86_64-linux-gnu/libz.so.1.2.3.4
7fa45cf49000-7fa45cf4a000 rw-p 00016000 08:06 3280510                    /lib/x86_64-linux-gnu/libz.so.1.2.3.4
7fa45cf4a000-7fa45d0ff000 r-xp 00000000 08:06 3277308                    /lib/x86_64-linux-gnu/libc-2.15.so
7fa45d0ff000-7fa45d2fe000 ---p 001b5000 08:06 3277308                    /lib/x86_64-linux-gnu/libc-2.15.so
7fa45d2fe000-7fa45d302000 r--p 001b4000 08:06 3277308                    /lib/x86_64-linux-gnu/libc-2.15.so
7fa45d302000-7fa45d304000 rw-p 001b8000 08:06 3277308                    /lib/x86_64-linux-gnu/libc-2.15.so
7fa45d304000-7fa45d309000 rw-p 00000000 00:00 0 
7fa45d309000-7fa45d30b000 r-xp 00000000 08:06 3277307                    /lib/x86_64-linux-gnu/libdl-2.15.so
7fa45d30b000-7fa45d50b000 ---p 00002000 08:06 3277307                    /lib/x86_64-linux-gnu/libdl-2.15.so
7fa45d50b000-7fa45d50c000 r--p 00002000 08:06 3277307                    /lib/x86_64-linux-gnu/libdl-2.15.so
7fa45d50c000-7fa45d50d000 rw-p 00003000 08:06 3277307                    /lib/x86_64-linux-gnu/libdl-2.15.so
7fa45d50d000-7fa45d511000 r-xp 00000000 08:06 1851558                    /usr/lib/jvm/java-6-openjdk-amd64/jre/lib/amd64/jli/libjli.so
7fa45d511000-7fa45d710000 ---p 00004000 08:06 1851558                    /usr/lib/jvm/java-6-openjdk-amd64/jre/lib/amd64/jli/libjli.so
7fa45d710000-7fa45d711000 r--p 00003000 08:06 1851558                    /usr/lib/jvm/java-6-openjdk-amd64/jre/lib/amd64/jli/libjli.so
7fa45d711000-7fa45d712000 rw-p 00004000 08:06 1851558                    /usr/lib/jvm/java-6-openjdk-amd64/jre/lib/amd64/jli/libjli.so
7fa45d712000-7fa45d72a000 r-xp 00000000 08:06 3277310                    /lib/x86_64-linux-gnu/libpthread-2.15.so
7fa45d72a000-7fa45d929000 ---p 00018000 08:06 3277310                    /lib/x86_64-linux-gnu/libpthread-2.15.so
7fa45d929000-7fa45d92a000 r--p 00017000 08:06 3277310                    /lib/x86_64-linux-gnu/libpthread-2.15.so
7fa45d92a000-7fa45d92b000 rw-p 00018000 08:06 3277310                    /lib/x86_64-linux-gnu/libpthread-2.15.so
7fa45d92b000-7fa45d92f000 rw-p 00000000 00:00 0 
7fa45d92f000-7fa45d951000 r-xp 00000000 08:06 3277325                    /lib/x86_64-linux-gnu/ld-2.15.so
7fa45d951000-7fa45d952000 r--s 00000000 08:06 925018                     /var/cache/fontconfig/4794a0821666d79190d59a36cb4f44b5-le64.cache-3
7fa45d952000-7fa45d953000 r--s 00000000 08:06 924033                     /var/cache/fontconfig/56cf4f4769d0f4abc89a4895d7bd3ae1-le64.cache-3
7fa45d953000-7fa45d956000 r--s 0007f000 08:06 1579922                    /usr/lib/jvm/java-6-openjdk-common/jre/lib/jsse.jar
7fa45d956000-7fa45d962000 r--s 000b0000 08:06 4988799                    /home/michael/Documents/CAP4053/Rougelike/lib/slick.jar
7fa45d962000-7fa45d96f000 r--s 000e3000 08:06 4988797                    /home/michael/Documents/CAP4053/Rougelike/lib/lwjgl.jar
7fa45d96f000-7fa45d970000 r--s 00007000 08:06 1704875                    /usr/share/java/java-atk-wrapper.jar
7fa45d970000-7fa45d972000 r--s 00001000 08:06 1589020                    /usr/lib/jvm/java-6-openjdk-common/jre/lib/ext/dnsns.jar
7fa45d972000-7fa45d97c000 rw-p 00000000 00:00 0 
7fa45d97c000-7fa45da32000 rw-p 00000000 00:00 0 
7fa45da32000-7fa45da35000 ---p 00000000 00:00 0 
7fa45da35000-7fa45db38000 rw-p 00000000 00:00 0 
7fa45db38000-7fa45db39000 r--s 00000000 08:06 924029                     /var/cache/fontconfig/b9d506c9ac06c20b433354fa67a72993-le64.cache-3
7fa45db39000-7fa45db3c000 r--s 00031000 08:06 1589017                    /usr/lib/jvm/java-6-openjdk-common/jre/lib/ext/sunjce_provider.jar
7fa45db3c000-7fa45db3e000 r--s 0000f000 08:06 1589018                    /usr/lib/jvm/java-6-openjdk-common/jre/lib/ext/pulse-java.jar
7fa45db3e000-7fa45db42000 r--s 00039000 08:06 1589019                    /usr/lib/jvm/java-6-openjdk-common/jre/lib/ext/sunpkcs11.jar
7fa45db42000-7fa45db45000 r--s 00077000 08:06 1589021                    /usr/lib/jvm/java-6-openjdk-common/jre/lib/ext/localedata.jar
7fa45db45000-7fa45db4d000 rw-s 00000000 08:06 393724                     /tmp/hsperfdata_michael/16759
7fa45db4d000-7fa45db4e000 rw-p 00000000 00:00 0 
7fa45db4e000-7fa45db4f000 r--p 00000000 00:00 0 
7fa45db4f000-7fa45db51000 rw-p 00000000 00:00 0 
7fa45db51000-7fa45db52000 r--p 00022000 08:06 3277325                    /lib/x86_64-linux-gnu/ld-2.15.so
7fa45db52000-7fa45db54000 rw-p 00023000 08:06 3277325                    /lib/x86_64-linux-gnu/ld-2.15.so
7ffff8a40000-7ffff8a61000 rw-p 00000000 00:00 0                          [stack]
7ffff8b91000-7ffff8b92000 r-xp 00000000 00:00 0                          [vdso]
ffffffffff600000-ffffffffff601000 r-xp 00000000 00:00 0                  [vsyscall]

VM Arguments:
jvm_args: -agentlib:jdwp=transport=dt_socket,suspend=y,address=localhost:59160 -Djava.library.path=/home/michael/Documents/CAP4053/Rougelike/lib/native/linux -Dfile.encoding=UTF-8 
java_command: game.MainGame
Launcher Type: SUN_STANDARD

Environment Variables:
PATH=/usr/lib/lightdm/lightdm:/usr/local/sbin:/usr/local/bin:/usr/sbin:/usr/bin:/sbin:/bin:/usr/games
LD_LIBRARY_PATH=/usr/lib/jvm/java-6-openjdk-amd64/jre/lib/amd64/server:/usr/lib/jvm/java-6-openjdk-amd64/jre/lib/amd64:/usr/lib/jvm/java-6-openjdk-amd64/jre/../lib/amd64
SHELL=/bin/bash
DISPLAY=:0.0

Signal Handlers:
SIGSEGV: [libjvm.so+0x785360], sa_mask[0]=0x7ffbfeff, sa_flags=0x10000004
SIGBUS: [libjvm.so+0x785360], sa_mask[0]=0x7ffbfeff, sa_flags=0x10000004
SIGFPE: [libjvm.so+0x648dc0], sa_mask[0]=0x7ffbfeff, sa_flags=0x10000004
SIGPIPE: [libjvm.so+0x648dc0], sa_mask[0]=0x7ffbfeff, sa_flags=0x10000004
SIGXFSZ: [libjvm.so+0x648dc0], sa_mask[0]=0x7ffbfeff, sa_flags=0x10000004
SIGILL: [libjvm.so+0x648dc0], sa_mask[0]=0x7ffbfeff, sa_flags=0x10000004
SIGUSR1: SIG_DFL, sa_mask[0]=0x00000000, sa_flags=0x00000000
SIGUSR2: [libjvm.so+0x648f70], sa_mask[0]=0x00000004, sa_flags=0x10000004
SIGHUP: [libjvm.so+0x64ba90], sa_mask[0]=0x7ffbfeff, sa_flags=0x10000004
SIGINT: [libjvm.so+0x64ba90], sa_mask[0]=0x7ffbfeff, sa_flags=0x10000004
SIGTERM: [libjvm.so+0x64ba90], sa_mask[0]=0x7ffbfeff, sa_flags=0x10000004
SIGQUIT: [libjvm.so+0x64ba90], sa_mask[0]=0x7ffbfeff, sa_flags=0x10000004


---------------  S Y S T E M  ---------------

OS:Ubuntu 12.04 (precise)
uname:Linux 3.2.0-39-generic #62-Ubuntu SMP Thu Feb 28 00:28:53 UTC 2013 x86_64
libc:glibc 2.15 NPTL 2.15 
rlimit: STACK 8192k, CORE 0k, NPROC 31224, NOFILE 4096, AS infinity
load average:1.09 1.64 1.33

/proc/meminfo:
MemTotal:        4014320 kB
MemFree:         1080584 kB
Buffers:          238720 kB
Cached:          1423456 kB
SwapCached:            0 kB
Active:          1517004 kB
Inactive:         980012 kB
Active(anon):     835984 kB
Inactive(anon):     1872 kB
Active(file):     681020 kB
Inactive(file):   978140 kB
Unevictable:          60 kB
Mlocked:              60 kB
SwapTotal:       4156412 kB
SwapFree:        4156412 kB
Dirty:               220 kB
Writeback:             0 kB
AnonPages:        835136 kB
Mapped:           237288 kB
Shmem:              2976 kB
Slab:             184900 kB
SReclaimable:     158264 kB
SUnreclaim:        26636 kB
KernelStack:        3584 kB
PageTables:        31492 kB
NFS_Unstable:          0 kB
Bounce:                0 kB
WritebackTmp:          0 kB
CommitLimit:     6163572 kB
Committed_AS:    3167292 kB
VmallocTotal:   34359738367 kB
VmallocUsed:      307304 kB
VmallocChunk:   34359424624 kB
HardwareCorrupted:     0 kB
AnonHugePages:         0 kB
HugePages_Total:       0
HugePages_Free:        0
HugePages_Rsvd:        0
HugePages_Surp:        0
Hugepagesize:       2048 kB
DirectMap4k:      219136 kB
DirectMap2M:     3942400 kB


CPU:total 2 (2 cores per cpu, 1 threads per core) family 6 model 23 stepping 10, cmov, cx8, fxsr, mmx, sse, sse2, sse3, ssse3, sse4.1

Memory: 4k page, physical 4014320k(1080584k free), swap 4156412k(4156412k free)

vm_info: OpenJDK 64-Bit Server VM (20.0-b12) for linux-amd64 JRE (1.6.0_27-b27), built on Mar  5 2013 00:27:30 by "buildd" with gcc 4.6.3

time: Wed Apr  3 23:47:50 2013
elapsed time: 448 seconds

