#
# A fatal error has been detected by the Java Runtime Environment:
#
#  SIGSEGV (0xb) at pc=0x00007f4cfefbbc58, pid=16708, tid=139969033066240
#
# JRE version: 6.0_27-b27
# Java VM: OpenJDK 64-Bit Server VM (20.0-b12 mixed mode linux-amd64 compressed oops)
# Derivative: IcedTea6 1.12.3
# Distribution: Ubuntu 12.04 LTS, package 6b27-1.12.3-0ubuntu1~12.04.1
# Problematic frame:
# C  [libX11.so.6+0x33c58]  XQueryExtension+0x28
#
# If you would like to submit a bug report, please include
# instructions how to reproduce the bug and visit:
#   https://bugs.launchpad.net/ubuntu/+source/openjdk-6/
#

---------------  T H R E A D  ---------------

Current thread (0x00007f4d18070000):  VMThread [stack: 0x00007f4d146ed000,0x00007f4d147ee000] [id=16719]

siginfo:si_signo=SIGSEGV: si_errno=0, si_code=1 (SEGV_MAPERR), si_addr=0x000000001823b388

Registers:
RAX=0x00007f4d0c0008c0, RBX=0x000000001823aa20, RCX=0x00007f4d147ec6b8, RDX=0x00007f4d147ec6b4
RSP=0x00007f4d147ec650, RBP=0x00007f4cfcc67932, RSI=0x00007f4cfcc67932, RDI=0x000000001823aa20
R8 =0x00007f4d147ec6bc, R9 =0x0000000000000000, R10=0x00007f4d1f832fa8, R11=0x00007f4d1f4b2c80
R12=0x0000000000000000, R13=0x00007f4cfcc67932, R14=0x00007f4d0c0008c0, R15=0x0000000000000000
RIP=0x00007f4cfefbbc58, EFLAGS=0x0000000000010206, CSGSFS=0x0000000000000033, ERR=0x0000000000000004
  TRAPNO=0x000000000000000e

Top of Stack: (sp=0x00007f4d147ec650)
0x00007f4d147ec650:   00007f4d1f485790 00007f4d200649e8
0x00007f4d147ec660:   00007f4d15118660 00007f4d151184d0
0x00007f4d147ec670:   00000000ffffffff 000000001823aa20
0x00007f4d147ec680:   00007f4cfcc67932 0000000000000000
0x00007f4d147ec690:   00007f4cfcc67932 00007f4d0c0008c0
0x00007f4d147ec6a0:   0000000000000000 00007f4cfefafc55
0x00007f4d147ec6b0:   00007f4d2007f048 00007f4cfcda0520
0x00007f4d147ec6c0:   00007f4cfcda0520 000000001823aa20
0x00007f4d147ec6d0:   00007f4d182380f0 00007f4cff2c902b
0x00007f4d147ec6e0:   00007f4d1f485790 000000110000002f
0x00007f4d147ec6f0:   00007f4d147ec770 0000000000000000
0x00007f4d147ec700:   00007f4d147ec770 000000001823aa20
0x00007f4d147ec710:   0000000000000000 00007f4d2007f048
0x00007f4d147ec720:   00007f4cfcdb9d50 00007f4cfcc0e119
0x00007f4d147ec730:   0000000000000000 000000000000002f
0x00007f4d147ec740:   00007f4d147ec770 00007f4d147ec790
0x00007f4d147ec750:   0000000000000000 00007f4d2007f048
0x00007f4d147ec760:   00007f4d1823cb50 00007f4cfcc04b42
0x00007f4d147ec770:   00007f4d147ec980 00007f4cfcc678b1
0x00007f4d147ec780:   00007f4d147ec980 00007f4d1fe6b92d
0x00007f4d147ec790:   00007f4d200802c8 00007f4d20080858
0x00007f4d147ec7a0:   00007f4d20064000 00007f4d18003640
0x00007f4d147ec7b0:   00007f4d18003d60 00007f4d18008620
0x00007f4d147ec7c0:   00007f4d18009130 00007f4d18008ad0
0x00007f4d147ec7d0:   00007f4d18009630 00007f4d1800e310
0x00007f4d147ec7e0:   00007f4d180985c0 00007f4d181940c0
0x00007f4d147ec7f0:   00007f4d181945a0 00007f4d20063000
0x00007f4d147ec800:   00007f4d182209a0 00007f4d1821cdc0
0x00007f4d147ec810:   00007f4d18210510 00007f4d18217350
0x00007f4d147ec820:   00007f4d180e7900 00007f4d1815dd60
0x00007f4d147ec830:   00007f4d1815d8c0 00007f4d1821d550
0x00007f4d147ec840:   00007f4d18111dc0 00007f4d1821d9f0 

Instructions: (pc=0x00007f4cfefbbc58)
0x00007f4cfefbbc38:   24 d8 48 89 fb 4c 89 64 24 e0 4c 89 6c 24 e8 48
0x00007f4cfefbbc48:   89 f5 4c 89 74 24 f0 4c 89 7c 24 f8 48 83 ec 58
0x00007f4cfefbbc58:   48 8b 87 68 09 00 00 49 89 d4 49 89 cd 4d 89 c6
0x00007f4cfefbbc68:   48 85 c0 74 02 ff 10 ba 08 00 00 00 be 62 00 00 

Register to memory mapping:

RAX=0x00007f4d0c0008c0 is an unknown value
RBX=0x000000001823aa20 is an unknown value
RCX=0x00007f4d147ec6b8 is an unknown value
RDX=0x00007f4d147ec6b4 is an unknown value
RSP=0x00007f4d147ec650 is an unknown value
RBP=0x00007f4cfcc67932: <offset 0x96932> in /usr/lib/fglrx/libGL.so.1 at 0x00007f4cfcbd1000
RSI=0x00007f4cfcc67932: <offset 0x96932> in /usr/lib/fglrx/libGL.so.1 at 0x00007f4cfcbd1000
RDI=0x000000001823aa20 is an unknown value
R8 =0x00007f4d147ec6bc is an unknown value
R9 =0x0000000000000000 is an unknown value
R10=0x00007f4d1f832fa8: <offset 0x3bbfa8> in /lib/x86_64-linux-gnu/libc.so.6 at 0x00007f4d1f477000
R11=0x00007f4d1f4b2c80: __cxa_finalize+0 in /lib/x86_64-linux-gnu/libc.so.6 at 0x00007f4d1f477000
R12=0x0000000000000000 is an unknown value
R13=0x00007f4cfcc67932: <offset 0x96932> in /usr/lib/fglrx/libGL.so.1 at 0x00007f4cfcbd1000
R14=0x00007f4d0c0008c0 is an unknown value
R15=0x0000000000000000 is an unknown value


Stack: [0x00007f4d146ed000,0x00007f4d147ee000],  sp=0x00007f4d147ec650,  free space=1021k
Native frames: (J=compiled Java code, j=interpreted, Vv=VM code, C=native code)
C  [libX11.so.6+0x33c58]  XQueryExtension+0x28

VM_Operation (0x00007f4d2005e6a0): Exit, mode: safepoint, requested by thread 0x00007f4d1800a000


---------------  P R O C E S S  ---------------

Java Threads: ( => current thread )
  0x00007f4d1821c000 JavaThread "AWT-XAWT" daemon [_thread_in_native, id=16735, stack(0x00007f4cfd858000,0x00007f4cfd959000)]
  0x00007f4d181a4800 JavaThread "Java2D Disposer" daemon [_thread_blocked, id=16734, stack(0x00007f4cfdd69000,0x00007f4cfde6a000)]
  0x00007f4d180ab000 JavaThread "Low Memory Detector" daemon [_thread_blocked, id=16732, stack(0x00007f4cffafb000,0x00007f4cffbfc000)]
  0x00007f4d180a9000 JavaThread "C2 CompilerThread1" daemon [_thread_blocked, id=16731, stack(0x00007f4cffbfc000,0x00007f4cffcfd000)]
  0x00007f4d180a6000 JavaThread "C2 CompilerThread0" daemon [_thread_blocked, id=16730, stack(0x00007f4cffcfd000,0x00007f4cffdfe000)]
  0x00007f4cf4001000 JavaThread "JDWP Command Reader" daemon [_thread_in_native, id=16726, stack(0x00007f4cffdfe000,0x00007f4cffeff000)]
  0x00007f4d180a3800 JavaThread "JDWP Event Helper Thread" daemon [_thread_blocked, id=16725, stack(0x00007f4cffeff000,0x00007f4d00000000)]
  0x00007f4d180a0000 JavaThread "JDWP Transport Listener: dt_socket" daemon [_thread_blocked, id=16724, stack(0x00007f4d140e4000,0x00007f4d141e5000)]
  0x00007f4d18076800 JavaThread "Finalizer" daemon [_thread_blocked, id=16721, stack(0x00007f4d144eb000,0x00007f4d145ec000)]
  0x00007f4d18074800 JavaThread "Reference Handler" daemon [_thread_blocked, id=16720, stack(0x00007f4d145ec000,0x00007f4d146ed000)]
  0x00007f4d1800a000 JavaThread "main" [_thread_blocked, id=16714, stack(0x00007f4d1ff5f000,0x00007f4d20060000)]

Other Threads:
=>0x00007f4d18070000 VMThread [stack: 0x00007f4d146ed000,0x00007f4d147ee000] [id=16719]

VM state:at safepoint (shutting down)

VM Mutex/Monitor currently owned by a thread:  ([mutex/lock_event])
[0x00007f4d180069f0] Threads_lock - owner thread: 0x00007f4d18070000

Heap
 PSYoungGen      total 18368K, used 5050K [0x00000000eb8b0000, 0x00000000ecd20000, 0x0000000100000000)
  eden space 15808K, 24% used [0x00000000eb8b0000,0x00000000ebc821d0,0x00000000ec820000)
  from space 2560K, 44% used [0x00000000ec820000,0x00000000ec93c910,0x00000000ecaa0000)
  to   space 2560K, 0% used [0x00000000ecaa0000,0x00000000ecaa0000,0x00000000ecd20000)
 PSOldGen        total 41856K, used 0K [0x00000000c2a00000, 0x00000000c52e0000, 0x00000000eb8b0000)
  object space 41856K, 0% used [0x00000000c2a00000,0x00000000c2a00000,0x00000000c52e0000)
 PSPermGen       total 21248K, used 11448K [0x00000000b8400000, 0x00000000b98c0000, 0x00000000c2a00000)
  object space 21248K, 53% used [0x00000000b8400000,0x00000000b8f2e358,0x00000000b98c0000)

Code Cache  [0x00007f4d15000000, 0x00007f4d15270000, 0x00007f4d18000000)
 total_blobs=782 nmethods=298 adapters=446 free_code_cache=48904768 largest_free_block=24768

Dynamic libraries:
00400000-00409000 r-xp 00000000 08:06 1589029                            /usr/lib/jvm/java-6-openjdk-amd64/jre/bin/java
00608000-00609000 r--p 00008000 08:06 1589029                            /usr/lib/jvm/java-6-openjdk-amd64/jre/bin/java
00609000-0060a000 rw-p 00009000 08:06 1589029                            /usr/lib/jvm/java-6-openjdk-amd64/jre/bin/java
018d0000-018f1000 rw-p 00000000 00:00 0                                  [heap]
b8400000-b98c0000 rw-p 00000000 00:00 0 
b98c0000-c2a00000 rw-p 00000000 00:00 0 
c2a00000-c52e0000 rw-p 00000000 00:00 0 
c52e0000-eb8b0000 rw-p 00000000 00:00 0 
eb8b0000-ecd20000 rw-p 00000000 00:00 0 
ecd20000-100000000 rw-p 00000000 00:00 0 
7f4cd5632000-7f4cd5d32000 rw-s 00006000 00:05 8908                       /dev/ati/card0
7f4cd5d32000-7f4cd7c8c000 r-xp 00000000 08:06 2241357                    /usr/lib/fglrx/dri/fglrx_dri.so
7f4cd7c8c000-7f4cd7d8c000 ---p 01f5a000 08:06 2241357                    /usr/lib/fglrx/dri/fglrx_dri.so
7f4cd7d8c000-7f4cd7eda000 rwxp 01f5a000 08:06 2241357                    /usr/lib/fglrx/dri/fglrx_dri.so
7f4cd7eda000-7f4cd8000000 rwxp 00000000 00:00 0 
7f4cd8000000-7f4cd8021000 rw-p 00000000 00:00 0 
7f4cd8021000-7f4cdc000000 ---p 00000000 00:00 0 
7f4cdc000000-7f4cdc021000 rw-p 00000000 00:00 0 
7f4cdc021000-7f4ce0000000 ---p 00000000 00:00 0 
7f4ce0000000-7f4ce12c0000 rw-p 00000000 00:00 0 
7f4ce12c0000-7f4ce4000000 ---p 00000000 00:00 0 
7f4ce4000000-7f4ce4021000 rw-p 00000000 00:00 0 
7f4ce4021000-7f4ce8000000 ---p 00000000 00:00 0 
7f4ce8000000-7f4ce8021000 rw-p 00000000 00:00 0 
7f4ce8021000-7f4cec000000 ---p 00000000 00:00 0 
7f4cec000000-7f4cec799000 rw-p 00000000 00:00 0 
7f4cec799000-7f4cf0000000 ---p 00000000 00:00 0 
7f4cf0000000-7f4cf0021000 rw-p 00000000 00:00 0 
7f4cf0021000-7f4cf4000000 ---p 00000000 00:00 0 
7f4cf4000000-7f4cf4021000 rw-p 00000000 00:00 0 
7f4cf4021000-7f4cf8000000 ---p 00000000 00:00 0 
7f4cf8000000-7f4cf8021000 rw-p 00000000 00:00 0 
7f4cf8021000-7f4cfc000000 ---p 00000000 00:00 0 
7f4cfc3aa000-7f4cfc3dc000 r-xp 00000000 08:06 1588053                    /usr/lib/jvm/java-6-openjdk-amd64/jre/lib/amd64/liblcms.so
7f4cfc3dc000-7f4cfc5db000 ---p 00032000 08:06 1588053                    /usr/lib/jvm/java-6-openjdk-amd64/jre/lib/amd64/liblcms.so
7f4cfc5db000-7f4cfc5dc000 r--p 00031000 08:06 1588053                    /usr/lib/jvm/java-6-openjdk-amd64/jre/lib/amd64/liblcms.so
7f4cfc5dc000-7f4cfc5dd000 rw-p 00032000 08:06 1588053                    /usr/lib/jvm/java-6-openjdk-amd64/jre/lib/amd64/liblcms.so
7f4cfc5dd000-7f4cfc5df000 rw-p 00000000 00:00 0 
7f4cfc6ab000-7f4cfc770000 rw-p 00000000 00:00 0 
7f4cfc770000-7f4cfc772000 r-xp 00000000 08:06 1449049                    /usr/lib/x86_64-linux-gnu/libXinerama.so.1.0.0
7f4cfc772000-7f4cfc971000 ---p 00002000 08:06 1449049                    /usr/lib/x86_64-linux-gnu/libXinerama.so.1.0.0
7f4cfc971000-7f4cfc972000 r--p 00001000 08:06 1449049                    /usr/lib/x86_64-linux-gnu/libXinerama.so.1.0.0
7f4cfc972000-7f4cfc973000 rw-p 00002000 08:06 1449049                    /usr/lib/x86_64-linux-gnu/libXinerama.so.1.0.0
7f4cfc973000-7f4cfc9ae000 r-xp 00000000 08:06 2108515                    /usr/lib/fglrx/libatiadlxx.so
7f4cfc9ae000-7f4cfcaae000 ---p 0003b000 08:06 2108515                    /usr/lib/fglrx/libatiadlxx.so
7f4cfcaae000-7f4cfcab7000 rw-p 0003b000 08:06 2108515                    /usr/lib/fglrx/libatiadlxx.so
7f4cfcab7000-7f4cfcac8000 rw-p 00000000 00:00 0 
7f4cfcac8000-7f4cfcacf000 r-xp 00000000 08:06 2108526                    /usr/lib/fglrx/libatiuki.so.1.0
7f4cfcacf000-7f4cfcbcf000 ---p 00007000 08:06 2108526                    /usr/lib/fglrx/libatiuki.so.1.0
7f4cfcbcf000-7f4cfcbd0000 rw-p 00007000 08:06 2108526                    /usr/lib/fglrx/libatiuki.so.1.0
7f4cfcbd0000-7f4cfcbd1000 rw-p 00000000 00:00 0 
7f4cfcbd1000-7f4cfcc94000 r-xp 00000000 08:06 2108517                    /usr/lib/fglrx/libGL.so.1.2
7f4cfcc94000-7f4cfcd93000 ---p 000c3000 08:06 2108517                    /usr/lib/fglrx/libGL.so.1.2
7f4cfcd93000-7f4cfcdba000 rwxp 000c2000 08:06 2108517                    /usr/lib/fglrx/libGL.so.1.2
7f4cfcdba000-7f4cfcdda000 rwxp 00000000 00:00 0 
7f4cfcdda000-7f4cfcddd000 ---p 00000000 00:00 0 
7f4cfcddd000-7f4cfcedb000 rw-p 00000000 00:00 0 
7f4cfcedb000-7f4cfcede000 ---p 00000000 00:00 0 
7f4cfcede000-7f4cfcfdc000 rw-p 00000000 00:00 0 
7f4cfcfdc000-7f4cfcfe0000 r-xp 00000000 08:06 1449069                    /usr/lib/x86_64-linux-gnu/libXxf86vm.so.1.0.0
7f4cfcfe0000-7f4cfd1df000 ---p 00004000 08:06 1449069                    /usr/lib/x86_64-linux-gnu/libXxf86vm.so.1.0.0
7f4cfd1df000-7f4cfd1e0000 r--p 00003000 08:06 1449069                    /usr/lib/x86_64-linux-gnu/libXxf86vm.so.1.0.0
7f4cfd1e0000-7f4cfd1e1000 rw-p 00004000 08:06 1449069                    /usr/lib/x86_64-linux-gnu/libXxf86vm.so.1.0.0
7f4cfd1e1000-7f4cfd1e8000 r-xp 00000000 08:06 1442564                    /usr/lib/x86_64-linux-gnu/libXrandr.so.2.2.0
7f4cfd1e8000-7f4cfd3e7000 ---p 00007000 08:06 1442564                    /usr/lib/x86_64-linux-gnu/libXrandr.so.2.2.0
7f4cfd3e7000-7f4cfd3e8000 r--p 00006000 08:06 1442564                    /usr/lib/x86_64-linux-gnu/libXrandr.so.2.2.0
7f4cfd3e8000-7f4cfd3e9000 rw-p 00007000 08:06 1442564                    /usr/lib/x86_64-linux-gnu/libXrandr.so.2.2.0
7f4cfd3e9000-7f4cfd453000 r-xp 00000000 08:06 5119204                    /home/michael/Documents/CAP4053/Rougelike/lib/native/linux/liblwjgl64.so
7f4cfd453000-7f4cfd653000 ---p 0006a000 08:06 5119204                    /home/michael/Documents/CAP4053/Rougelike/lib/native/linux/liblwjgl64.so
7f4cfd653000-7f4cfd655000 r--p 0006a000 08:06 5119204                    /home/michael/Documents/CAP4053/Rougelike/lib/native/linux/liblwjgl64.so
7f4cfd655000-7f4cfd656000 rw-p 0006c000 08:06 5119204                    /home/michael/Documents/CAP4053/Rougelike/lib/native/linux/liblwjgl64.so
7f4cfd656000-7f4cfd657000 r-xp 00000000 08:06 1589026                    /usr/lib/jvm/java-6-openjdk-amd64/jre/lib/amd64/libjawt.so
7f4cfd657000-7f4cfd856000 ---p 00001000 08:06 1589026                    /usr/lib/jvm/java-6-openjdk-amd64/jre/lib/amd64/libjawt.so
7f4cfd856000-7f4cfd857000 r--p 00000000 08:06 1589026                    /usr/lib/jvm/java-6-openjdk-amd64/jre/lib/amd64/libjawt.so
7f4cfd857000-7f4cfd858000 rw-p 00001000 08:06 1589026                    /usr/lib/jvm/java-6-openjdk-amd64/jre/lib/amd64/libjawt.so
7f4cfd858000-7f4cfd85b000 ---p 00000000 00:00 0 
7f4cfd85b000-7f4cfd959000 rw-p 00000000 00:00 0 
7f4cfd959000-7f4cfd95e000 r-xp 00000000 08:06 1449043                    /usr/lib/x86_64-linux-gnu/libXfixes.so.3.1.0
7f4cfd95e000-7f4cfdb5d000 ---p 00005000 08:06 1449043                    /usr/lib/x86_64-linux-gnu/libXfixes.so.3.1.0
7f4cfdb5d000-7f4cfdb5e000 r--p 00004000 08:06 1449043                    /usr/lib/x86_64-linux-gnu/libXfixes.so.3.1.0
7f4cfdb5e000-7f4cfdb5f000 rw-p 00005000 08:06 1449043                    /usr/lib/x86_64-linux-gnu/libXfixes.so.3.1.0
7f4cfdb5f000-7f4cfdb68000 r-xp 00000000 08:06 1449035                    /usr/lib/x86_64-linux-gnu/libXcursor.so.1.0.2
7f4cfdb68000-7f4cfdd67000 ---p 00009000 08:06 1449035                    /usr/lib/x86_64-linux-gnu/libXcursor.so.1.0.2
7f4cfdd67000-7f4cfdd68000 r--p 00008000 08:06 1449035                    /usr/lib/x86_64-linux-gnu/libXcursor.so.1.0.2
7f4cfdd68000-7f4cfdd69000 rw-p 00009000 08:06 1449035                    /usr/lib/x86_64-linux-gnu/libXcursor.so.1.0.2
7f4cfdd69000-7f4cfdd6c000 ---p 00000000 00:00 0 
7f4cfdd6c000-7f4cfde6a000 rw-p 00000000 00:00 0 
7f4cfde6a000-7f4cfdf00000 r-xp 00000000 08:06 1442005                    /usr/lib/x86_64-linux-gnu/libfreetype.so.6.8.0
7f4cfdf00000-7f4cfe0ff000 ---p 00096000 08:06 1442005                    /usr/lib/x86_64-linux-gnu/libfreetype.so.6.8.0
7f4cfe0ff000-7f4cfe105000 r--p 00095000 08:06 1442005                    /usr/lib/x86_64-linux-gnu/libfreetype.so.6.8.0
7f4cfe105000-7f4cfe106000 rw-p 0009b000 08:06 1442005                    /usr/lib/x86_64-linux-gnu/libfreetype.so.6.8.0
7f4cfe106000-7f4cfe140000 r-xp 00000000 08:06 1588070                    /usr/lib/jvm/java-6-openjdk-amd64/jre/lib/amd64/libfontmanager.so
7f4cfe140000-7f4cfe33f000 ---p 0003a000 08:06 1588070                    /usr/lib/jvm/java-6-openjdk-amd64/jre/lib/amd64/libfontmanager.so
7f4cfe33f000-7f4cfe341000 r--p 00039000 08:06 1588070                    /usr/lib/jvm/java-6-openjdk-amd64/jre/lib/amd64/libfontmanager.so
7f4cfe341000-7f4cfe342000 rw-p 0003b000 08:06 1588070                    /usr/lib/jvm/java-6-openjdk-amd64/jre/lib/amd64/libfontmanager.so
7f4cfe342000-7f4cfe347000 r-xp 00000000 08:06 1449039                    /usr/lib/x86_64-linux-gnu/libXdmcp.so.6.0.0
7f4cfe347000-7f4cfe546000 ---p 00005000 08:06 1449039                    /usr/lib/x86_64-linux-gnu/libXdmcp.so.6.0.0
7f4cfe546000-7f4cfe547000 r--p 00004000 08:06 1449039                    /usr/lib/x86_64-linux-gnu/libXdmcp.so.6.0.0
7f4cfe547000-7f4cfe548000 rw-p 00005000 08:06 1449039                    /usr/lib/x86_64-linux-gnu/libXdmcp.so.6.0.0
7f4cfe548000-7f4cfe54a000 r-xp 00000000 08:06 1449028                    /usr/lib/x86_64-linux-gnu/libXau.so.6.0.0
7f4cfe54a000-7f4cfe749000 ---p 00002000 08:06 1449028                    /usr/lib/x86_64-linux-gnu/libXau.so.6.0.0
7f4cfe749000-7f4cfe74a000 r--p 00001000 08:06 1449028                    /usr/lib/x86_64-linux-gnu/libXau.so.6.0.0
7f4cfe74a000-7f4cfe74b000 rw-p 00002000 08:06 1449028                    /usr/lib/x86_64-linux-gnu/libXau.so.6.0.0
7f4cfe74b000-7f4cfe768000 r-xp 00000000 08:06 1443342                    /usr/lib/x86_64-linux-gnu/libxcb.so.1.1.0
7f4cfe768000-7f4cfe967000 ---p 0001d000 08:06 1443342                    /usr/lib/x86_64-linux-gnu/libxcb.so.1.1.0
7f4cfe967000-7f4cfe968000 r--p 0001c000 08:06 1443342                    /usr/lib/x86_64-linux-gnu/libxcb.so.1.1.0
7f4cfe968000-7f4cfe969000 rw-p 0001d000 08:06 1443342                    /usr/lib/x86_64-linux-gnu/libxcb.so.1.1.0
7f4cfe969000-7f4cfe977000 r-xp 00000000 08:06 1449047                    /usr/lib/x86_64-linux-gnu/libXi.so.6.1.0
7f4cfe977000-7f4cfeb76000 ---p 0000e000 08:06 1449047                    /usr/lib/x86_64-linux-gnu/libXi.so.6.1.0
7f4cfeb76000-7f4cfeb77000 r--p 0000d000 08:06 1449047                    /usr/lib/x86_64-linux-gnu/libXi.so.6.1.0
7f4cfeb77000-7f4cfeb78000 rw-p 0000e000 08:06 1449047                    /usr/lib/x86_64-linux-gnu/libXi.so.6.1.0
7f4cfeb78000-7f4cfeb7d000 r-xp 00000000 08:06 1449065                    /usr/lib/x86_64-linux-gnu/libXtst.so.6.1.0
7f4cfeb7d000-7f4cfed7c000 ---p 00005000 08:06 1449065                    /usr/lib/x86_64-linux-gnu/libXtst.so.6.1.0
7f4cfed7c000-7f4cfed7d000 r--p 00004000 08:06 1449065                    /usr/lib/x86_64-linux-gnu/libXtst.so.6.1.0
7f4cfed7d000-7f4cfed7e000 rw-p 00005000 08:06 1449065                    /usr/lib/x86_64-linux-gnu/libXtst.so.6.1.0
7f4cfed7e000-7f4cfed87000 r-xp 00000000 08:06 1449061                    /usr/lib/x86_64-linux-gnu/libXrender.so.1.3.0
7f4cfed87000-7f4cfef86000 ---p 00009000 08:06 1449061                    /usr/lib/x86_64-linux-gnu/libXrender.so.1.3.0
7f4cfef86000-7f4cfef87000 r--p 00008000 08:06 1449061                    /usr/lib/x86_64-linux-gnu/libXrender.so.1.3.0
7f4cfef87000-7f4cfef88000 rw-p 00009000 08:06 1449061                    /usr/lib/x86_64-linux-gnu/libXrender.so.1.3.0
7f4cfef88000-7f4cff0b7000 r-xp 00000000 08:06 1449026                    /usr/lib/x86_64-linux-gnu/libX11.so.6.3.0
7f4cff0b7000-7f4cff2b7000 ---p 0012f000 08:06 1449026                    /usr/lib/x86_64-linux-gnu/libX11.so.6.3.0
7f4cff2b7000-7f4cff2b8000 r--p 0012f000 08:06 1449026                    /usr/lib/x86_64-linux-gnu/libX11.so.6.3.0
7f4cff2b8000-7f4cff2bc000 rw-p 00130000 08:06 1449026                    /usr/lib/x86_64-linux-gnu/libX11.so.6.3.0
7f4cff2bc000-7f4cff2cc000 r-xp 00000000 08:06 1449041                    /usr/lib/x86_64-linux-gnu/libXext.so.6.4.0
7f4cff2cc000-7f4cff4cb000 ---p 00010000 08:06 1449041                    /usr/lib/x86_64-linux-gnu/libXext.so.6.4.0
7f4cff4cb000-7f4cff4cc000 r--p 0000f000 08:06 1449041                    /usr/lib/x86_64-linux-gnu/libXext.so.6.4.0
7f4cff4cc000-7f4cff4cd000 rw-p 00010000 08:06 1449041                    /usr/lib/x86_64-linux-gnu/libXext.so.6.4.0
7f4cff4cd000-7f4cff518000 r-xp 00000000 08:06 1966745                    /usr/lib/jvm/java-6-openjdk-amd64/jre/lib/amd64/xawt/libmawt.so
7f4cff518000-7f4cff718000 ---p 0004b000 08:06 1966745                    /usr/lib/jvm/java-6-openjdk-amd64/jre/lib/amd64/xawt/libmawt.so
7f4cff718000-7f4cff719000 r--p 0004b000 08:06 1966745                    /usr/lib/jvm/java-6-openjdk-amd64/jre/lib/amd64/xawt/libmawt.so
7f4cff719000-7f4cff71c000 rw-p 0004c000 08:06 1966745                    /usr/lib/jvm/java-6-openjdk-amd64/jre/lib/amd64/xawt/libmawt.so
7f4cff71c000-7f4cff71d000 rw-p 00000000 00:00 0 
7f4cff71d000-7f4cff7c9000 r-xp 00000000 08:06 1588075                    /usr/lib/jvm/java-6-openjdk-amd64/jre/lib/amd64/libawt.so
7f4cff7c9000-7f4cff9c9000 ---p 000ac000 08:06 1588075                    /usr/lib/jvm/java-6-openjdk-amd64/jre/lib/amd64/libawt.so
7f4cff9c9000-7f4cff9ca000 r--p 000ac000 08:06 1588075                    /usr/lib/jvm/java-6-openjdk-amd64/jre/lib/amd64/libawt.so
7f4cff9ca000-7f4cff9d5000 rw-p 000ad000 08:06 1588075                    /usr/lib/jvm/java-6-openjdk-amd64/jre/lib/amd64/libawt.so
7f4cff9d5000-7f4cff9fa000 rw-p 00000000 00:00 0 
7f4cff9fa000-7f4cff9fb000 ---p 00000000 00:00 0 
7f4cff9fb000-7f4cffafb000 rw-p 00000000 00:00 0 
7f4cffafb000-7f4cffafe000 ---p 00000000 00:00 0 
7f4cffafe000-7f4cffbfc000 rw-p 00000000 00:00 0 
7f4cffbfc000-7f4cffbff000 ---p 00000000 00:00 0 
7f4cffbff000-7f4cffcfd000 rw-p 00000000 00:00 0 
7f4cffcfd000-7f4cffd00000 ---p 00000000 00:00 0 
7f4cffd00000-7f4cffdfe000 rw-p 00000000 00:00 0 
7f4cffdfe000-7f4cffe01000 ---p 00000000 00:00 0 
7f4cffe01000-7f4cffeff000 rw-p 00000000 00:00 0 
7f4cffeff000-7f4cfff02000 ---p 00000000 00:00 0 
7f4cfff02000-7f4d00000000 rw-p 00000000 00:00 0 
7f4d00000000-7f4d00021000 rw-p 00000000 00:00 0 
7f4d00021000-7f4d04000000 ---p 00000000 00:00 0 
7f4d04000000-7f4d04021000 rw-p 00000000 00:00 0 
7f4d04021000-7f4d08000000 ---p 00000000 00:00 0 
7f4d08000000-7f4d08021000 rw-p 00000000 00:00 0 
7f4d08021000-7f4d0c000000 ---p 00000000 00:00 0 
7f4d0c000000-7f4d0c021000 rw-p 00000000 00:00 0 
7f4d0c021000-7f4d10000000 ---p 00000000 00:00 0 
7f4d10000000-7f4d10021000 rw-p 00000000 00:00 0 
7f4d10021000-7f4d14000000 ---p 00000000 00:00 0 
7f4d14031000-7f4d14032000 rw-s 00005000 00:05 8908                       /dev/ati/card0
7f4d14032000-7f4d14042000 rw-s fc000000 00:05 8908                       /dev/ati/card0
7f4d14042000-7f4d14044000 rw-s 00002000 00:05 8908                       /dev/ati/card0
7f4d14044000-7f4d1404a000 r--s 000fc000 08:06 1589022                    /usr/lib/jvm/java-6-openjdk-common/jre/lib/resources.jar
7f4d1404a000-7f4d1404b000 r--s 00000000 08:06 924136                     /var/cache/fontconfig/c05880de57d1f5e948fdfacc138775d9-le64.cache-3
7f4d1404b000-7f4d14054000 r--s 00000000 08:06 917958                     /var/cache/fontconfig/945677eb7aeaf62f1d50efc3fb3ec7d8-le64.cache-3
7f4d14054000-7f4d14056000 r--s 00000000 08:06 924130                     /var/cache/fontconfig/99e8ed0e538f840c565b6ed5dad60d56-le64.cache-3
7f4d14056000-7f4d1405a000 r--s 00000000 08:06 924129                     /var/cache/fontconfig/2cd17615ca594fa2959ae173292e504c-le64.cache-3
7f4d1405a000-7f4d1405b000 r--s 00000000 08:06 924126                     /var/cache/fontconfig/e7071f4a29fa870f4323321c154eba04-le64.cache-3
7f4d1405b000-7f4d1405c000 r--s 00000000 08:06 924125                     /var/cache/fontconfig/0d8c3b2ac0904cb8a57a757ad11a4a08-le64.cache-3
7f4d1405c000-7f4d14062000 r--s 00000000 08:06 924110                     /var/cache/fontconfig/a755afe4a08bf5b97852ceb7400b47bc-le64.cache-3
7f4d14062000-7f4d1406b000 r--s 00000000 08:06 922421                     /var/cache/fontconfig/6d41288fd70b0be22e8c3a91e032eec0-le64.cache-3
7f4d1406b000-7f4d1407b000 r--s 00000000 08:06 924085                     /var/cache/fontconfig/04aabc0a78ac019cf9454389977116d2-le64.cache-3
7f4d1407b000-7f4d1407e000 r--s 00000000 08:06 917940                     /var/cache/fontconfig/385c0604a188198f04d133e54aba7fe7-le64.cache-3
7f4d1407e000-7f4d1407f000 r--s 00000000 08:06 925018                     /var/cache/fontconfig/4794a0821666d79190d59a36cb4f44b5-le64.cache-3
7f4d1407f000-7f4d14082000 r--s 00000000 08:06 917937                     /var/cache/fontconfig/8801497958630a81b71ace7c5f9b32a8-le64.cache-3
7f4d14082000-7f4d14087000 r--s 00000000 08:06 924035                     /var/cache/fontconfig/3047814df9a2f067bd2d96a2b9c36e5a-le64.cache-3
7f4d14087000-7f4d14088000 r--s 00000000 08:06 924033                     /var/cache/fontconfig/56cf4f4769d0f4abc89a4895d7bd3ae1-le64.cache-3
7f4d14088000-7f4d14089000 r--s 00000000 08:06 924029                     /var/cache/fontconfig/b9d506c9ac06c20b433354fa67a72993-le64.cache-3
7f4d14089000-7f4d1408e000 r--s 00000000 08:06 924021                     /var/cache/fontconfig/b47c4e1ecd0709278f4910c18777a504-le64.cache-3
7f4d1408e000-7f4d1409e000 r--s 00000000 08:06 924020                     /var/cache/fontconfig/d52a8644073d54c13679302ca1180695-le64.cache-3
7f4d1409e000-7f4d140a2000 r--s 00000000 08:06 917938                     /var/cache/fontconfig/7ef2298fde41cc6eeb7af42e48b7d293-le64.cache-3
7f4d140a2000-7f4d140a3000 r--s 00000000 08:06 924136                     /var/cache/fontconfig/c05880de57d1f5e948fdfacc138775d9-le64.cache-3
7f4d140a3000-7f4d140ac000 r--s 00000000 08:06 917958                     /var/cache/fontconfig/945677eb7aeaf62f1d50efc3fb3ec7d8-le64.cache-3
7f4d140ac000-7f4d140ae000 r--s 00000000 08:06 924130                     /var/cache/fontconfig/99e8ed0e538f840c565b6ed5dad60d56-le64.cache-3
7f4d140ae000-7f4d140b2000 r--s 00000000 08:06 924129                     /var/cache/fontconfig/2cd17615ca594fa2959ae173292e504c-le64.cache-3
7f4d140b2000-7f4d140b3000 r--s 00000000 08:06 924126                     /var/cache/fontconfig/e7071f4a29fa870f4323321c154eba04-le64.cache-3
7f4d140b3000-7f4d140b4000 r--s 00000000 08:06 924125                     /var/cache/fontconfig/0d8c3b2ac0904cb8a57a757ad11a4a08-le64.cache-3
7f4d140b4000-7f4d140ba000 r--s 00000000 08:06 924110                     /var/cache/fontconfig/a755afe4a08bf5b97852ceb7400b47bc-le64.cache-3
7f4d140ba000-7f4d140c3000 r--s 00000000 08:06 922421                     /var/cache/fontconfig/6d41288fd70b0be22e8c3a91e032eec0-le64.cache-3
7f4d140c3000-7f4d140d3000 r--s 00000000 08:06 924085                     /var/cache/fontconfig/04aabc0a78ac019cf9454389977116d2-le64.cache-3
7f4d140d3000-7f4d140d6000 r--s 00000000 08:06 917940                     /var/cache/fontconfig/385c0604a188198f04d133e54aba7fe7-le64.cache-3
7f4d140d6000-7f4d140d7000 r--s 00000000 08:06 925018                     /var/cache/fontconfig/4794a0821666d79190d59a36cb4f44b5-le64.cache-3
7f4d140d7000-7f4d140da000 r--s 00000000 08:06 917937                     /var/cache/fontconfig/8801497958630a81b71ace7c5f9b32a8-le64.cache-3
7f4d140da000-7f4d140df000 r--s 00000000 08:06 924035                     /var/cache/fontconfig/3047814df9a2f067bd2d96a2b9c36e5a-le64.cache-3
7f4d140df000-7f4d140e4000 r--s 00000000 08:06 924021                     /var/cache/fontconfig/b47c4e1ecd0709278f4910c18777a504-le64.cache-3
7f4d140e4000-7f4d140e7000 ---p 00000000 00:00 0 
7f4d140e7000-7f4d141e5000 rw-p 00000000 00:00 0 
7f4d141e5000-7f4d141e9000 r-xp 00000000 08:06 1589025                    /usr/lib/jvm/java-6-openjdk-amd64/jre/lib/amd64/libdt_socket.so
7f4d141e9000-7f4d143e8000 ---p 00004000 08:06 1589025                    /usr/lib/jvm/java-6-openjdk-amd64/jre/lib/amd64/libdt_socket.so
7f4d143e8000-7f4d143e9000 r--p 00003000 08:06 1589025                    /usr/lib/jvm/java-6-openjdk-amd64/jre/lib/amd64/libdt_socket.so
7f4d143e9000-7f4d143ea000 rw-p 00004000 08:06 1589025                    /usr/lib/jvm/java-6-openjdk-amd64/jre/lib/amd64/libdt_socket.so
7f4d143ea000-7f4d143ed000 ---p 00000000 00:00 0 
7f4d143ed000-7f4d144eb000 rw-p 00000000 00:00 0 
7f4d144eb000-7f4d144ee000 ---p 00000000 00:00 0 
7f4d144ee000-7f4d145ec000 rw-p 00000000 00:00 0 
7f4d145ec000-7f4d145ef000 ---p 00000000 00:00 0 
7f4d145ef000-7f4d146ed000 rw-p 00000000 00:00 0 
7f4d146ed000-7f4d146ee000 ---p 00000000 00:00 0 
7f4d146ee000-7f4d14b24000 rw-p 00000000 00:00 0 
7f4d14b24000-7f4d14cb6000 r--s 037d5000 08:06 1588050                    /usr/lib/jvm/java-6-openjdk-amd64/jre/lib/rt.jar
7f4d14cb6000-7f4d14cb7000 ---p 00000000 00:00 0 
7f4d14cb7000-7f4d14db7000 rw-p 00000000 00:00 0 
7f4d14db7000-7f4d14db8000 ---p 00000000 00:00 0 
7f4d14db8000-7f4d14ecd000 rw-p 00000000 00:00 0 
7f4d14ecd000-7f4d15000000 rw-p 00000000 00:00 0 
7f4d15000000-7f4d15270000 rwxp 00000000 00:00 0 
7f4d15270000-7f4d19003000 rw-p 00000000 00:00 0 
7f4d19003000-7f4d1c000000 ---p 00000000 00:00 0 
7f4d1c000000-7f4d1c003000 r--s 00000000 08:06 917955                     /var/cache/fontconfig/e13b20fdb08344e0e664864cc2ede53d-le64.cache-3
7f4d1c003000-7f4d1c013000 r--s 00000000 08:06 924020                     /var/cache/fontconfig/d52a8644073d54c13679302ca1180695-le64.cache-3
7f4d1c013000-7f4d1c016000 r--s 00000000 08:06 917955                     /var/cache/fontconfig/e13b20fdb08344e0e664864cc2ede53d-le64.cache-3
7f4d1c016000-7f4d1c01a000 r--s 00000000 08:06 917938                     /var/cache/fontconfig/7ef2298fde41cc6eeb7af42e48b7d293-le64.cache-3
7f4d1c01a000-7f4d1c04d000 rw-p 00000000 00:00 0 
7f4d1c04d000-7f4d1c095000 rw-p 00000000 00:00 0 
7f4d1c095000-7f4d1c0a0000 rw-p 00000000 00:00 0 
7f4d1c0a0000-7f4d1c0e8000 rw-p 00000000 00:00 0 
7f4d1c0e8000-7f4d1c0fd000 rw-p 00000000 00:00 0 
7f4d1c0fd000-7f4d1c22f000 rw-p 00000000 00:00 0 
7f4d1c22f000-7f4d1c23a000 rw-p 00000000 00:00 0 
7f4d1c23a000-7f4d1c2d3000 rw-p 00000000 00:00 0 
7f4d1c2d3000-7f4d1c2d4000 rw-p 00000000 00:00 0 
7f4d1c2d4000-7f4d1c2db000 r-xp 00000000 08:06 1589028                    /usr/lib/jvm/java-6-openjdk-amd64/jre/lib/amd64/libzip.so
7f4d1c2db000-7f4d1c4da000 ---p 00007000 08:06 1589028                    /usr/lib/jvm/java-6-openjdk-amd64/jre/lib/amd64/libzip.so
7f4d1c4da000-7f4d1c4db000 r--p 00006000 08:06 1589028                    /usr/lib/jvm/java-6-openjdk-amd64/jre/lib/amd64/libzip.so
7f4d1c4db000-7f4d1c4dc000 rw-p 00007000 08:06 1589028                    /usr/lib/jvm/java-6-openjdk-amd64/jre/lib/amd64/libzip.so
7f4d1c4dc000-7f4d1c4e8000 r-xp 00000000 08:06 3277321                    /lib/x86_64-linux-gnu/libnss_files-2.15.so
7f4d1c4e8000-7f4d1c6e7000 ---p 0000c000 08:06 3277321                    /lib/x86_64-linux-gnu/libnss_files-2.15.so
7f4d1c6e7000-7f4d1c6e8000 r--p 0000b000 08:06 3277321                    /lib/x86_64-linux-gnu/libnss_files-2.15.so
7f4d1c6e8000-7f4d1c6e9000 rw-p 0000c000 08:06 3277321                    /lib/x86_64-linux-gnu/libnss_files-2.15.so
7f4d1c6e9000-7f4d1c6f3000 r-xp 00000000 08:06 3277317                    /lib/x86_64-linux-gnu/libnss_nis-2.15.so
7f4d1c6f3000-7f4d1c8f3000 ---p 0000a000 08:06 3277317                    /lib/x86_64-linux-gnu/libnss_nis-2.15.so
7f4d1c8f3000-7f4d1c8f4000 r--p 0000a000 08:06 3277317                    /lib/x86_64-linux-gnu/libnss_nis-2.15.so
7f4d1c8f4000-7f4d1c8f5000 rw-p 0000b000 08:06 3277317                    /lib/x86_64-linux-gnu/libnss_nis-2.15.so
7f4d1c8f5000-7f4d1c90c000 r-xp 00000000 08:06 3277330                    /lib/x86_64-linux-gnu/libnsl-2.15.so
7f4d1c90c000-7f4d1cb0b000 ---p 00017000 08:06 3277330                    /lib/x86_64-linux-gnu/libnsl-2.15.so
7f4d1cb0b000-7f4d1cb0c000 r--p 00016000 08:06 3277330                    /lib/x86_64-linux-gnu/libnsl-2.15.so
7f4d1cb0c000-7f4d1cb0d000 rw-p 00017000 08:06 3277330                    /lib/x86_64-linux-gnu/libnsl-2.15.so
7f4d1cb0d000-7f4d1cb0f000 rw-p 00000000 00:00 0 
7f4d1cb0f000-7f4d1cb17000 r-xp 00000000 08:06 3277322                    /lib/x86_64-linux-gnu/libnss_compat-2.15.so
7f4d1cb17000-7f4d1cd16000 ---p 00008000 08:06 3277322                    /lib/x86_64-linux-gnu/libnss_compat-2.15.so
7f4d1cd16000-7f4d1cd17000 r--p 00007000 08:06 3277322                    /lib/x86_64-linux-gnu/libnss_compat-2.15.so
7f4d1cd17000-7f4d1cd18000 rw-p 00008000 08:06 3277322                    /lib/x86_64-linux-gnu/libnss_compat-2.15.so
7f4d1cd18000-7f4d1d3ff000 r--p 00000000 08:06 1448407                    /usr/lib/locale/locale-archive
7f4d1d3ff000-7f4d1d402000 r-xp 00000000 08:06 1588055                    /usr/lib/jvm/java-6-openjdk-amd64/jre/lib/amd64/libnpt.so
7f4d1d402000-7f4d1d601000 ---p 00003000 08:06 1588055                    /usr/lib/jvm/java-6-openjdk-amd64/jre/lib/amd64/libnpt.so
7f4d1d601000-7f4d1d602000 r--p 00002000 08:06 1588055                    /usr/lib/jvm/java-6-openjdk-amd64/jre/lib/amd64/libnpt.so
7f4d1d602000-7f4d1d603000 rw-p 00003000 08:06 1588055                    /usr/lib/jvm/java-6-openjdk-amd64/jre/lib/amd64/libnpt.so
7f4d1d603000-7f4d1d63d000 r-xp 00000000 08:06 1588062                    /usr/lib/jvm/java-6-openjdk-amd64/jre/lib/amd64/libjdwp.so
7f4d1d63d000-7f4d1d83c000 ---p 0003a000 08:06 1588062                    /usr/lib/jvm/java-6-openjdk-amd64/jre/lib/amd64/libjdwp.so
7f4d1d83c000-7f4d1d83d000 r--p 00039000 08:06 1588062                    /usr/lib/jvm/java-6-openjdk-amd64/jre/lib/amd64/libjdwp.so
7f4d1d83d000-7f4d1d83e000 rw-p 0003a000 08:06 1588062                    /usr/lib/jvm/java-6-openjdk-amd64/jre/lib/amd64/libjdwp.so
7f4d1d83e000-7f4d1d86a000 r-xp 00000000 08:06 1588073                    /usr/lib/jvm/java-6-openjdk-amd64/jre/lib/amd64/libjava.so
7f4d1d86a000-7f4d1da69000 ---p 0002c000 08:06 1588073                    /usr/lib/jvm/java-6-openjdk-amd64/jre/lib/amd64/libjava.so
7f4d1da69000-7f4d1da6a000 r--p 0002b000 08:06 1588073                    /usr/lib/jvm/java-6-openjdk-amd64/jre/lib/amd64/libjava.so
7f4d1da6a000-7f4d1da6d000 rw-p 0002c000 08:06 1588073                    /usr/lib/jvm/java-6-openjdk-amd64/jre/lib/amd64/libjava.so
7f4d1da6d000-7f4d1da7b000 r-xp 00000000 08:06 1588072                    /usr/lib/jvm/java-6-openjdk-amd64/jre/lib/amd64/libverify.so
7f4d1da7b000-7f4d1dc7a000 ---p 0000e000 08:06 1588072                    /usr/lib/jvm/java-6-openjdk-amd64/jre/lib/amd64/libverify.so
7f4d1dc7a000-7f4d1dc7c000 r--p 0000d000 08:06 1588072                    /usr/lib/jvm/java-6-openjdk-amd64/jre/lib/amd64/libverify.so
7f4d1dc7c000-7f4d1dc7d000 rw-p 0000f000 08:06 1588072                    /usr/lib/jvm/java-6-openjdk-amd64/jre/lib/amd64/libverify.so
7f4d1dc7d000-7f4d1dc84000 r-xp 00000000 08:06 3277315                    /lib/x86_64-linux-gnu/librt-2.15.so
7f4d1dc84000-7f4d1de83000 ---p 00007000 08:06 3277315                    /lib/x86_64-linux-gnu/librt-2.15.so
7f4d1de83000-7f4d1de84000 r--p 00006000 08:06 3277315                    /lib/x86_64-linux-gnu/librt-2.15.so
7f4d1de84000-7f4d1de85000 rw-p 00007000 08:06 3277315                    /lib/x86_64-linux-gnu/librt-2.15.so
7f4d1de85000-7f4d1de9a000 r-xp 00000000 08:06 3280420                    /lib/x86_64-linux-gnu/libgcc_s.so.1
7f4d1de9a000-7f4d1e099000 ---p 00015000 08:06 3280420                    /lib/x86_64-linux-gnu/libgcc_s.so.1
7f4d1e099000-7f4d1e09a000 r--p 00014000 08:06 3280420                    /lib/x86_64-linux-gnu/libgcc_s.so.1
7f4d1e09a000-7f4d1e09b000 rw-p 00015000 08:06 3280420                    /lib/x86_64-linux-gnu/libgcc_s.so.1
7f4d1e09b000-7f4d1e196000 r-xp 00000000 08:06 3277319                    /lib/x86_64-linux-gnu/libm-2.15.so
7f4d1e196000-7f4d1e395000 ---p 000fb000 08:06 3277319                    /lib/x86_64-linux-gnu/libm-2.15.so
7f4d1e395000-7f4d1e396000 r--p 000fa000 08:06 3277319                    /lib/x86_64-linux-gnu/libm-2.15.so
7f4d1e396000-7f4d1e397000 rw-p 000fb000 08:06 3277319                    /lib/x86_64-linux-gnu/libm-2.15.so
7f4d1e397000-7f4d1e479000 r-xp 00000000 08:06 1449555                    /usr/lib/x86_64-linux-gnu/libstdc++.so.6.0.16
7f4d1e479000-7f4d1e678000 ---p 000e2000 08:06 1449555                    /usr/lib/x86_64-linux-gnu/libstdc++.so.6.0.16
7f4d1e678000-7f4d1e680000 r--p 000e1000 08:06 1449555                    /usr/lib/x86_64-linux-gnu/libstdc++.so.6.0.16
7f4d1e680000-7f4d1e682000 rw-p 000e9000 08:06 1449555                    /usr/lib/x86_64-linux-gnu/libstdc++.so.6.0.16
7f4d1e682000-7f4d1e697000 rw-p 00000000 00:00 0 
7f4d1e697000-7f4d1ef9c000 r-xp 00000000 08:06 1588078                    /usr/lib/jvm/java-6-openjdk-amd64/jre/lib/amd64/server/libjvm.so
7f4d1ef9c000-7f4d1f19c000 ---p 00905000 08:06 1588078                    /usr/lib/jvm/java-6-openjdk-amd64/jre/lib/amd64/server/libjvm.so
7f4d1f19c000-7f4d1f21c000 r--p 00905000 08:06 1588078                    /usr/lib/jvm/java-6-openjdk-amd64/jre/lib/amd64/server/libjvm.so
7f4d1f21c000-7f4d1f237000 rw-p 00985000 08:06 1588078                    /usr/lib/jvm/java-6-openjdk-amd64/jre/lib/amd64/server/libjvm.so
7f4d1f237000-7f4d1f260000 rw-p 00000000 00:00 0 
7f4d1f260000-7f4d1f276000 r-xp 00000000 08:06 3280510                    /lib/x86_64-linux-gnu/libz.so.1.2.3.4
7f4d1f276000-7f4d1f475000 ---p 00016000 08:06 3280510                    /lib/x86_64-linux-gnu/libz.so.1.2.3.4
7f4d1f475000-7f4d1f476000 r--p 00015000 08:06 3280510                    /lib/x86_64-linux-gnu/libz.so.1.2.3.4
7f4d1f476000-7f4d1f477000 rw-p 00016000 08:06 3280510                    /lib/x86_64-linux-gnu/libz.so.1.2.3.4
7f4d1f477000-7f4d1f62c000 r-xp 00000000 08:06 3277308                    /lib/x86_64-linux-gnu/libc-2.15.so
7f4d1f62c000-7f4d1f82b000 ---p 001b5000 08:06 3277308                    /lib/x86_64-linux-gnu/libc-2.15.so
7f4d1f82b000-7f4d1f82f000 r--p 001b4000 08:06 3277308                    /lib/x86_64-linux-gnu/libc-2.15.so
7f4d1f82f000-7f4d1f831000 rw-p 001b8000 08:06 3277308                    /lib/x86_64-linux-gnu/libc-2.15.so
7f4d1f831000-7f4d1f836000 rw-p 00000000 00:00 0 
7f4d1f836000-7f4d1f838000 r-xp 00000000 08:06 3277307                    /lib/x86_64-linux-gnu/libdl-2.15.so
7f4d1f838000-7f4d1fa38000 ---p 00002000 08:06 3277307                    /lib/x86_64-linux-gnu/libdl-2.15.so
7f4d1fa38000-7f4d1fa39000 r--p 00002000 08:06 3277307                    /lib/x86_64-linux-gnu/libdl-2.15.so
7f4d1fa39000-7f4d1fa3a000 rw-p 00003000 08:06 3277307                    /lib/x86_64-linux-gnu/libdl-2.15.so
7f4d1fa3a000-7f4d1fa3e000 r-xp 00000000 08:06 1851558                    /usr/lib/jvm/java-6-openjdk-amd64/jre/lib/amd64/jli/libjli.so
7f4d1fa3e000-7f4d1fc3d000 ---p 00004000 08:06 1851558                    /usr/lib/jvm/java-6-openjdk-amd64/jre/lib/amd64/jli/libjli.so
7f4d1fc3d000-7f4d1fc3e000 r--p 00003000 08:06 1851558                    /usr/lib/jvm/java-6-openjdk-amd64/jre/lib/amd64/jli/libjli.so
7f4d1fc3e000-7f4d1fc3f000 rw-p 00004000 08:06 1851558                    /usr/lib/jvm/java-6-openjdk-amd64/jre/lib/amd64/jli/libjli.so
7f4d1fc3f000-7f4d1fc57000 r-xp 00000000 08:06 3277310                    /lib/x86_64-linux-gnu/libpthread-2.15.so
7f4d1fc57000-7f4d1fe56000 ---p 00018000 08:06 3277310                    /lib/x86_64-linux-gnu/libpthread-2.15.so
7f4d1fe56000-7f4d1fe57000 r--p 00017000 08:06 3277310                    /lib/x86_64-linux-gnu/libpthread-2.15.so
7f4d1fe57000-7f4d1fe58000 rw-p 00018000 08:06 3277310                    /lib/x86_64-linux-gnu/libpthread-2.15.so
7f4d1fe58000-7f4d1fe5c000 rw-p 00000000 00:00 0 
7f4d1fe5c000-7f4d1fe7e000 r-xp 00000000 08:06 3277325                    /lib/x86_64-linux-gnu/ld-2.15.so
7f4d1fe7f000-7f4d1fe80000 r--s 00000000 08:06 924033                     /var/cache/fontconfig/56cf4f4769d0f4abc89a4895d7bd3ae1-le64.cache-3
7f4d1fe80000-7f4d1fe81000 r--s 00000000 08:06 924029                     /var/cache/fontconfig/b9d506c9ac06c20b433354fa67a72993-le64.cache-3
7f4d1fe81000-7f4d1fe84000 r--s 0007f000 08:06 1579922                    /usr/lib/jvm/java-6-openjdk-common/jre/lib/jsse.jar
7f4d1fe84000-7f4d1fe90000 r--s 000b0000 08:06 4988799                    /home/michael/Documents/CAP4053/Rougelike/lib/slick.jar
7f4d1fe90000-7f4d1fe9d000 r--s 000e3000 08:06 4988797                    /home/michael/Documents/CAP4053/Rougelike/lib/lwjgl.jar
7f4d1fe9d000-7f4d1fe9f000 r--s 00001000 08:06 1589020                    /usr/lib/jvm/java-6-openjdk-common/jre/lib/ext/dnsns.jar
7f4d1fe9f000-7f4d1fea9000 rw-p 00000000 00:00 0 
7f4d1fea9000-7f4d1ff5f000 rw-p 00000000 00:00 0 
7f4d1ff5f000-7f4d1ff62000 ---p 00000000 00:00 0 
7f4d1ff62000-7f4d20065000 rw-p 00000000 00:00 0 
7f4d20065000-7f4d20066000 r--s 00007000 08:06 1704875                    /usr/share/java/java-atk-wrapper.jar
7f4d20066000-7f4d20069000 r--s 00031000 08:06 1589017                    /usr/lib/jvm/java-6-openjdk-common/jre/lib/ext/sunjce_provider.jar
7f4d20069000-7f4d2006b000 r--s 0000f000 08:06 1589018                    /usr/lib/jvm/java-6-openjdk-common/jre/lib/ext/pulse-java.jar
7f4d2006b000-7f4d2006f000 r--s 00039000 08:06 1589019                    /usr/lib/jvm/java-6-openjdk-common/jre/lib/ext/sunpkcs11.jar
7f4d2006f000-7f4d20072000 r--s 00077000 08:06 1589021                    /usr/lib/jvm/java-6-openjdk-common/jre/lib/ext/localedata.jar
7f4d20072000-7f4d2007a000 rw-s 00000000 08:06 393723                     /tmp/hsperfdata_michael/16708 (deleted)
7f4d2007a000-7f4d2007b000 rw-p 00000000 00:00 0 
7f4d2007b000-7f4d2007c000 ---p 00000000 00:00 0 
7f4d2007c000-7f4d2007e000 rw-p 00000000 00:00 0 
7f4d2007e000-7f4d2007f000 r--p 00022000 08:06 3277325                    /lib/x86_64-linux-gnu/ld-2.15.so
7f4d2007f000-7f4d20081000 rw-p 00023000 08:06 3277325                    /lib/x86_64-linux-gnu/ld-2.15.so
7fff2f0e8000-7fff2f109000 rw-p 00000000 00:00 0                          [stack]
7fff2f195000-7fff2f196000 r-xp 00000000 00:00 0                          [vdso]
ffffffffff600000-ffffffffff601000 r-xp 00000000 00:00 0                  [vsyscall]

VM Arguments:
jvm_args: -agentlib:jdwp=transport=dt_socket,suspend=y,address=localhost:56005 -Djava.library.path=/home/michael/Documents/CAP4053/Rougelike/lib/native/linux -Dfile.encoding=UTF-8 
java_command: game.MainGame
Launcher Type: SUN_STANDARD

Environment Variables:
PATH=/usr/lib/lightdm/lightdm:/usr/local/sbin:/usr/local/bin:/usr/sbin:/usr/bin:/sbin:/bin:/usr/games
LD_LIBRARY_PATH=/usr/lib/jvm/java-6-openjdk-amd64/jre/lib/amd64/server:/usr/lib/jvm/java-6-openjdk-amd64/jre/lib/amd64:/usr/lib/jvm/java-6-openjdk-amd64/jre/../lib/amd64
SHELL=/bin/bash
DISPLAY=:0.0

Signal Handlers:
SIGSEGV: [libjvm.so+0x785360], sa_mask[0]=0x7ffbfeff, sa_flags=0x10000004
SIGBUS: [libjvm.so+0x785360], sa_mask[0]=0x7ffbfeff, sa_flags=0x10000004
SIGFPE: [libjvm.so+0x648dc0], sa_mask[0]=0x7ffbfeff, sa_flags=0x10000004
SIGPIPE: [libjvm.so+0x648dc0], sa_mask[0]=0x7ffbfeff, sa_flags=0x10000004
SIGXFSZ: [libjvm.so+0x648dc0], sa_mask[0]=0x7ffbfeff, sa_flags=0x10000004
SIGILL: [libjvm.so+0x648dc0], sa_mask[0]=0x7ffbfeff, sa_flags=0x10000004
SIGUSR1: SIG_DFL, sa_mask[0]=0x00000000, sa_flags=0x00000000
SIGUSR2: [libjvm.so+0x648f70], sa_mask[0]=0x00000004, sa_flags=0x10000004
SIGHUP: [libjvm.so+0x64ba90], sa_mask[0]=0x7ffbfeff, sa_flags=0x10000004
SIGINT: [libjvm.so+0x64ba90], sa_mask[0]=0x7ffbfeff, sa_flags=0x10000004
SIGTERM: [libjvm.so+0x64ba90], sa_mask[0]=0x7ffbfeff, sa_flags=0x10000004
SIGQUIT: [libjvm.so+0x64ba90], sa_mask[0]=0x7ffbfeff, sa_flags=0x10000004


---------------  S Y S T E M  ---------------

OS:Ubuntu 12.04 (precise)
uname:Linux 3.2.0-39-generic #62-Ubuntu SMP Thu Feb 28 00:28:53 UTC 2013 x86_64
libc:glibc 2.15 NPTL 2.15 
rlimit: STACK 8192k, CORE 0k, NPROC 31224, NOFILE 4096, AS infinity
load average:1.98 1.51 1.01

/proc/meminfo:
MemTotal:        4014320 kB
MemFree:         1118004 kB
Buffers:          238136 kB
Cached:          1422592 kB
SwapCached:            0 kB
Active:          1481520 kB
Inactive:         983720 kB
Active(anon):     805620 kB
Inactive(anon):     1872 kB
Active(file):     675900 kB
Inactive(file):   981848 kB
Unevictable:          60 kB
Mlocked:              60 kB
SwapTotal:       4156412 kB
SwapFree:        4156412 kB
Dirty:               176 kB
Writeback:             0 kB
AnonPages:        804588 kB
Mapped:           244512 kB
Shmem:              2976 kB
Slab:             184560 kB
SReclaimable:     158288 kB
SUnreclaim:        26272 kB
KernelStack:        3544 kB
PageTables:        30844 kB
NFS_Unstable:          0 kB
Bounce:                0 kB
WritebackTmp:          0 kB
CommitLimit:     6163572 kB
Committed_AS:    3095192 kB
VmallocTotal:   34359738367 kB
VmallocUsed:      307304 kB
VmallocChunk:   34359424624 kB
HardwareCorrupted:     0 kB
AnonHugePages:         0 kB
HugePages_Total:       0
HugePages_Free:        0
HugePages_Rsvd:        0
HugePages_Surp:        0
Hugepagesize:       2048 kB
DirectMap4k:      212992 kB
DirectMap2M:     3948544 kB


CPU:total 2 (2 cores per cpu, 1 threads per core) family 6 model 23 stepping 10, cmov, cx8, fxsr, mmx, sse, sse2, sse3, ssse3, sse4.1

Memory: 4k page, physical 4014320k(1118004k free), swap 4156412k(4156412k free)

vm_info: OpenJDK 64-Bit Server VM (20.0-b12) for linux-amd64 JRE (1.6.0_27-b27), built on Mar  5 2013 00:27:30 by "buildd" with gcc 4.6.3

time: Wed Apr  3 23:40:18 2013
elapsed time: 105 seconds

