#
# A fatal error has been detected by the Java Runtime Environment:
#
#  SIGSEGV (0xb) at pc=0x00007fab10811c58, pid=16852, tid=140372835129088
#
# JRE version: 6.0_27-b27
# Java VM: OpenJDK 64-Bit Server VM (20.0-b12 mixed mode linux-amd64 compressed oops)
# Derivative: IcedTea6 1.12.3
# Distribution: Ubuntu 12.04 LTS, package 6b27-1.12.3-0ubuntu1~12.04.1
# Problematic frame:
# C  [libX11.so.6+0x33c58]  XQueryExtension+0x28
#
# If you would like to submit a bug report, please include
# instructions how to reproduce the bug and visit:
#   https://bugs.launchpad.net/ubuntu/+source/openjdk-6/
#

---------------  T H R E A D  ---------------

Current thread (0x00007fab14070000):  VMThread [stack: 0x00007fab18e95000,0x00007fab18f96000] [id=16861]

siginfo:si_signo=SIGSEGV: si_errno=0, si_code=1 (SEGV_MAPERR), si_addr=0x00000000141e1dc8

Registers:
RAX=0x00007fab080008c0, RBX=0x00000000141e1460, RCX=0x00007fab18f946b8, RDX=0x00007fab18f946b4
RSP=0x00007fab18f94650, RBP=0x00007faada3ff932, RSI=0x00007faada3ff932, RDI=0x00000000141e1460
R8 =0x00007fab18f946bc, R9 =0x0000000000000000, R10=0x00007fab1cfc0fa8, R11=0x00007fab1cc40c80
R12=0x0000000000000000, R13=0x00007faada3ff932, R14=0x00007fab080008c0, R15=0x0000000000000000
RIP=0x00007fab10811c58, EFLAGS=0x0000000000010206, CSGSFS=0x0000000000000033, ERR=0x0000000000000004
  TRAPNO=0x000000000000000e

Top of Stack: (sp=0x00007fab18f94650)
0x00007fab18f94650:   00007fab1cc13790 00007fab1d7f29e8
0x00007fab18f94660:   00007fab1d7eca00 00007fab11000438
0x00007fab18f94670:   00000000ffffffff 00000000141e1460
0x00007fab18f94680:   00007faada3ff932 0000000000000000
0x00007fab18f94690:   00007faada3ff932 00007fab080008c0
0x00007fab18f946a0:   0000000000000000 00007fab10805c55
0x00007fab18f946b0:   00007fab1d80d048 00007faada538520
0x00007fab18f946c0:   00007faada538520 00000000141e1460
0x00007fab18f946d0:   00007fab141d6b00 00007fab10b1f02b
0x00007fab18f946e0:   00007fab1cc13790 000000110000002f
0x00007fab18f946f0:   00007fab18f94770 0000000000000000
0x00007fab18f94700:   00007fab18f94770 00000000141e1460
0x00007fab18f94710:   0000000000000000 00007fab1d80d048
0x00007fab18f94720:   00007faada551d50 00007faada3a6119
0x00007fab18f94730:   0000000000000000 000000000000002f
0x00007fab18f94740:   00007fab18f94770 00007fab18f94790
0x00007fab18f94750:   0000000000000000 00007fab1d80d048
0x00007fab18f94760:   00007fab141cff20 00007faada39cb42
0x00007fab18f94770:   00007fab18f94980 00007faada3ff8b1
0x00007fab18f94780:   00007fab18f94980 00007fab1d5f992d
0x00007fab18f94790:   00007fab1d80e2c8 00007fab1d80e858
0x00007fab18f947a0:   00007fab1d7f2000 00007fab14003640
0x00007fab18f947b0:   00007fab14003d60 00007fab14008620
0x00007fab18f947c0:   00007fab14009130 00007fab14008ad0
0x00007fab18f947d0:   00007fab14009630 00007fab1400e310
0x00007fab18f947e0:   00007fab140985c0 00007fab14143ad0
0x00007fab18f947f0:   00007fab14143fb0 00007fab1d7f1000
0x00007fab18f94800:   00007fab141d1080 00007fab141cd590
0x00007fab18f94810:   00007fab141c12b0 00007fab141c8350
0x00007fab18f94820:   00007fab140f59a0 00007fab14112f10
0x00007fab18f94830:   00007fab14112a10 00007fab141cdc50
0x00007fab18f94840:   00007fab14112500 00007fab141ce0f0 

Instructions: (pc=0x00007fab10811c58)
0x00007fab10811c38:   24 d8 48 89 fb 4c 89 64 24 e0 4c 89 6c 24 e8 48
0x00007fab10811c48:   89 f5 4c 89 74 24 f0 4c 89 7c 24 f8 48 83 ec 58
0x00007fab10811c58:   48 8b 87 68 09 00 00 49 89 d4 49 89 cd 4d 89 c6
0x00007fab10811c68:   48 85 c0 74 02 ff 10 ba 08 00 00 00 be 62 00 00 

Register to memory mapping:

RAX=0x00007fab080008c0 is an unknown value
RBX=0x00000000141e1460 is an unknown value
RCX=0x00007fab18f946b8 is an unknown value
RDX=0x00007fab18f946b4 is an unknown value
RSP=0x00007fab18f94650 is an unknown value
RBP=0x00007faada3ff932: <offset 0x96932> in /usr/lib/fglrx/libGL.so.1 at 0x00007faada369000
RSI=0x00007faada3ff932: <offset 0x96932> in /usr/lib/fglrx/libGL.so.1 at 0x00007faada369000
RDI=0x00000000141e1460 is an unknown value
R8 =0x00007fab18f946bc is an unknown value
R9 =0x0000000000000000 is an unknown value
R10=0x00007fab1cfc0fa8: <offset 0x3bbfa8> in /lib/x86_64-linux-gnu/libc.so.6 at 0x00007fab1cc05000
R11=0x00007fab1cc40c80: __cxa_finalize+0 in /lib/x86_64-linux-gnu/libc.so.6 at 0x00007fab1cc05000
R12=0x0000000000000000 is an unknown value
R13=0x00007faada3ff932: <offset 0x96932> in /usr/lib/fglrx/libGL.so.1 at 0x00007faada369000
R14=0x00007fab080008c0 is an unknown value
R15=0x0000000000000000 is an unknown value


Stack: [0x00007fab18e95000,0x00007fab18f96000],  sp=0x00007fab18f94650,  free space=1021k
Native frames: (J=compiled Java code, j=interpreted, Vv=VM code, C=native code)
C  [libX11.so.6+0x33c58]  XQueryExtension+0x28

VM_Operation (0x00007fab1d7ec680): Exit, mode: safepoint, requested by thread 0x00007fab1400a000


---------------  P R O C E S S  ---------------

Java Threads: ( => current thread )
  0x00007fab141cd000 JavaThread "AWT-XAWT" daemon [_thread_in_native, id=16883, stack(0x00007faadaff0000,0x00007faadb0f1000)]
  0x00007fab14154800 JavaThread "Java2D Disposer" daemon [_thread_blocked, id=16882, stack(0x00007fab100be000,0x00007fab101bf000)]
  0x00007fab140ab000 JavaThread "Low Memory Detector" daemon [_thread_blocked, id=16880, stack(0x00007fab18387000,0x00007fab18488000)]
  0x00007fab140a9000 JavaThread "C2 CompilerThread1" daemon [_thread_blocked, id=16879, stack(0x00007fab18488000,0x00007fab18589000)]
  0x00007fab140a6000 JavaThread "C2 CompilerThread0" daemon [_thread_blocked, id=16877, stack(0x00007fab18589000,0x00007fab1868a000)]
  0x00007faaf8001000 JavaThread "JDWP Command Reader" daemon [_thread_blocked, id=16871, stack(0x00007fab1868a000,0x00007fab1878b000)]
  0x00007fab140a3800 JavaThread "JDWP Event Helper Thread" daemon [_thread_blocked, id=16870, stack(0x00007fab1878b000,0x00007fab1888c000)]
  0x00007fab140a0000 JavaThread "JDWP Transport Listener: dt_socket" daemon [_thread_blocked, id=16869, stack(0x00007fab1888c000,0x00007fab1898d000)]
  0x00007fab14076800 JavaThread "Finalizer" daemon [_thread_blocked, id=16864, stack(0x00007fab18c93000,0x00007fab18d94000)]
  0x00007fab14074800 JavaThread "Reference Handler" daemon [_thread_blocked, id=16863, stack(0x00007fab18d94000,0x00007fab18e95000)]
  0x00007fab1400a000 JavaThread "main" [_thread_blocked, id=16854, stack(0x00007fab1d6ed000,0x00007fab1d7ee000)]

Other Threads:
=>0x00007fab14070000 VMThread [stack: 0x00007fab18e95000,0x00007fab18f96000] [id=16861]

VM state:at safepoint (shutting down)

VM Mutex/Monitor currently owned by a thread:  ([mutex/lock_event])
[0x00007fab140069f0] Threads_lock - owner thread: 0x00007fab14070000

Heap
 PSYoungGen      total 18368K, used 13580K [0x00000000eb8b0000, 0x00000000ecd20000, 0x0000000100000000)
  eden space 15808K, 85% used [0x00000000eb8b0000,0x00000000ec5f32f8,0x00000000ec820000)
  from space 2560K, 0% used [0x00000000ecaa0000,0x00000000ecaa0000,0x00000000ecd20000)
  to   space 2560K, 0% used [0x00000000ec820000,0x00000000ec820000,0x00000000ecaa0000)
 PSOldGen        total 41856K, used 0K [0x00000000c2a00000, 0x00000000c52e0000, 0x00000000eb8b0000)
  object space 41856K, 0% used [0x00000000c2a00000,0x00000000c2a00000,0x00000000c52e0000)
 PSPermGen       total 21248K, used 11434K [0x00000000b8400000, 0x00000000b98c0000, 0x00000000c2a00000)
  object space 21248K, 53% used [0x00000000b8400000,0x00000000b8f2a9f8,0x00000000b98c0000)

Code Cache  [0x00007fab11000000, 0x00007fab11270000, 0x00007fab14000000)
 total_blobs=687 nmethods=203 adapters=446 free_code_cache=49270528 largest_free_block=8768

Dynamic libraries:
00400000-00409000 r-xp 00000000 08:06 1589029                            /usr/lib/jvm/java-6-openjdk-amd64/jre/bin/java
00608000-00609000 r--p 00008000 08:06 1589029                            /usr/lib/jvm/java-6-openjdk-amd64/jre/bin/java
00609000-0060a000 rw-p 00009000 08:06 1589029                            /usr/lib/jvm/java-6-openjdk-amd64/jre/bin/java
01394000-013b5000 rw-p 00000000 00:00 0                                  [heap]
b8400000-b98c0000 rw-p 00000000 00:00 0 
b98c0000-c2a00000 rw-p 00000000 00:00 0 
c2a00000-c52e0000 rw-p 00000000 00:00 0 
c52e0000-eb8b0000 rw-p 00000000 00:00 0 
eb8b0000-ecd20000 rw-p 00000000 00:00 0 
ecd20000-100000000 rw-p 00000000 00:00 0 
7faad3054000-7faad3156000 rw-p 00000000 00:00 0 
7faad3156000-7faad3188000 r-xp 00000000 08:06 1588053                    /usr/lib/jvm/java-6-openjdk-amd64/jre/lib/amd64/liblcms.so
7faad3188000-7faad3387000 ---p 00032000 08:06 1588053                    /usr/lib/jvm/java-6-openjdk-amd64/jre/lib/amd64/liblcms.so
7faad3387000-7faad3388000 r--p 00031000 08:06 1588053                    /usr/lib/jvm/java-6-openjdk-amd64/jre/lib/amd64/liblcms.so
7faad3388000-7faad3389000 rw-p 00032000 08:06 1588053                    /usr/lib/jvm/java-6-openjdk-amd64/jre/lib/amd64/liblcms.so
7faad3389000-7faad338b000 rw-p 00000000 00:00 0 
7faad3457000-7faad349f000 rw-p 00000000 00:00 0 
7faad349f000-7faad3b9f000 rw-s 00006000 00:05 8908                       /dev/ati/card0
7faad3b9f000-7faad3ba1000 r-xp 00000000 08:06 1449049                    /usr/lib/x86_64-linux-gnu/libXinerama.so.1.0.0
7faad3ba1000-7faad3da0000 ---p 00002000 08:06 1449049                    /usr/lib/x86_64-linux-gnu/libXinerama.so.1.0.0
7faad3da0000-7faad3da1000 r--p 00001000 08:06 1449049                    /usr/lib/x86_64-linux-gnu/libXinerama.so.1.0.0
7faad3da1000-7faad3da2000 rw-p 00002000 08:06 1449049                    /usr/lib/x86_64-linux-gnu/libXinerama.so.1.0.0
7faad3da2000-7faad3ddd000 r-xp 00000000 08:06 2108515                    /usr/lib/fglrx/libatiadlxx.so
7faad3ddd000-7faad3edd000 ---p 0003b000 08:06 2108515                    /usr/lib/fglrx/libatiadlxx.so
7faad3edd000-7faad3ee6000 rw-p 0003b000 08:06 2108515                    /usr/lib/fglrx/libatiadlxx.so
7faad3ee6000-7faad3ef7000 rw-p 00000000 00:00 0 
7faad3ef7000-7faad3efe000 r-xp 00000000 08:06 2108526                    /usr/lib/fglrx/libatiuki.so.1.0
7faad3efe000-7faad3ffe000 ---p 00007000 08:06 2108526                    /usr/lib/fglrx/libatiuki.so.1.0
7faad3ffe000-7faad3fff000 rw-p 00007000 08:06 2108526                    /usr/lib/fglrx/libatiuki.so.1.0
7faad3fff000-7faad4000000 rw-p 00000000 00:00 0 
7faad4000000-7faad4021000 rw-p 00000000 00:00 0 
7faad4021000-7faad8000000 ---p 00000000 00:00 0 
7faad801e000-7faad809b000 rw-p 00000000 00:00 0 
7faad809b000-7faad9ff5000 r-xp 00000000 08:06 2241357                    /usr/lib/fglrx/dri/fglrx_dri.so
7faad9ff5000-7faada0f5000 ---p 01f5a000 08:06 2241357                    /usr/lib/fglrx/dri/fglrx_dri.so
7faada0f5000-7faada243000 rwxp 01f5a000 08:06 2241357                    /usr/lib/fglrx/dri/fglrx_dri.so
7faada243000-7faada369000 rwxp 00000000 00:00 0 
7faada369000-7faada42c000 r-xp 00000000 08:06 2108517                    /usr/lib/fglrx/libGL.so.1.2
7faada42c000-7faada52b000 ---p 000c3000 08:06 2108517                    /usr/lib/fglrx/libGL.so.1.2
7faada52b000-7faada552000 rwxp 000c2000 08:06 2108517                    /usr/lib/fglrx/libGL.so.1.2
7faada552000-7faada572000 rwxp 00000000 00:00 0 
7faada572000-7faada575000 ---p 00000000 00:00 0 
7faada575000-7faada673000 rw-p 00000000 00:00 0 
7faada673000-7faada676000 ---p 00000000 00:00 0 
7faada676000-7faada774000 rw-p 00000000 00:00 0 
7faada774000-7faada778000 r-xp 00000000 08:06 1449069                    /usr/lib/x86_64-linux-gnu/libXxf86vm.so.1.0.0
7faada778000-7faada977000 ---p 00004000 08:06 1449069                    /usr/lib/x86_64-linux-gnu/libXxf86vm.so.1.0.0
7faada977000-7faada978000 r--p 00003000 08:06 1449069                    /usr/lib/x86_64-linux-gnu/libXxf86vm.so.1.0.0
7faada978000-7faada979000 rw-p 00004000 08:06 1449069                    /usr/lib/x86_64-linux-gnu/libXxf86vm.so.1.0.0
7faada979000-7faada980000 r-xp 00000000 08:06 1442564                    /usr/lib/x86_64-linux-gnu/libXrandr.so.2.2.0
7faada980000-7faadab7f000 ---p 00007000 08:06 1442564                    /usr/lib/x86_64-linux-gnu/libXrandr.so.2.2.0
7faadab7f000-7faadab80000 r--p 00006000 08:06 1442564                    /usr/lib/x86_64-linux-gnu/libXrandr.so.2.2.0
7faadab80000-7faadab81000 rw-p 00007000 08:06 1442564                    /usr/lib/x86_64-linux-gnu/libXrandr.so.2.2.0
7faadab81000-7faadabeb000 r-xp 00000000 08:06 5119204                    /home/michael/Documents/CAP4053/Rougelike/lib/native/linux/liblwjgl64.so
7faadabeb000-7faadadeb000 ---p 0006a000 08:06 5119204                    /home/michael/Documents/CAP4053/Rougelike/lib/native/linux/liblwjgl64.so
7faadadeb000-7faadaded000 r--p 0006a000 08:06 5119204                    /home/michael/Documents/CAP4053/Rougelike/lib/native/linux/liblwjgl64.so
7faadaded000-7faadadee000 rw-p 0006c000 08:06 5119204                    /home/michael/Documents/CAP4053/Rougelike/lib/native/linux/liblwjgl64.so
7faadadee000-7faadadef000 r-xp 00000000 08:06 1589026                    /usr/lib/jvm/java-6-openjdk-amd64/jre/lib/amd64/libjawt.so
7faadadef000-7faadafee000 ---p 00001000 08:06 1589026                    /usr/lib/jvm/java-6-openjdk-amd64/jre/lib/amd64/libjawt.so
7faadafee000-7faadafef000 r--p 00000000 08:06 1589026                    /usr/lib/jvm/java-6-openjdk-amd64/jre/lib/amd64/libjawt.so
7faadafef000-7faadaff0000 rw-p 00001000 08:06 1589026                    /usr/lib/jvm/java-6-openjdk-amd64/jre/lib/amd64/libjawt.so
7faadaff0000-7faadaff3000 ---p 00000000 00:00 0 
7faadaff3000-7faadb0f1000 rw-p 00000000 00:00 0 
7faadb0f1000-7faadb0f6000 r-xp 00000000 08:06 1449043                    /usr/lib/x86_64-linux-gnu/libXfixes.so.3.1.0
7faadb0f6000-7faadb2f5000 ---p 00005000 08:06 1449043                    /usr/lib/x86_64-linux-gnu/libXfixes.so.3.1.0
7faadb2f5000-7faadb2f6000 r--p 00004000 08:06 1449043                    /usr/lib/x86_64-linux-gnu/libXfixes.so.3.1.0
7faadb2f6000-7faadb2f7000 rw-p 00005000 08:06 1449043                    /usr/lib/x86_64-linux-gnu/libXfixes.so.3.1.0
7faadb2f7000-7faadb300000 r-xp 00000000 08:06 1449035                    /usr/lib/x86_64-linux-gnu/libXcursor.so.1.0.2
7faadb300000-7faadb4ff000 ---p 00009000 08:06 1449035                    /usr/lib/x86_64-linux-gnu/libXcursor.so.1.0.2
7faadb4ff000-7faadb500000 r--p 00008000 08:06 1449035                    /usr/lib/x86_64-linux-gnu/libXcursor.so.1.0.2
7faadb500000-7faadb501000 rw-p 00009000 08:06 1449035                    /usr/lib/x86_64-linux-gnu/libXcursor.so.1.0.2
7faadb501000-7faadb597000 r-xp 00000000 08:06 1442005                    /usr/lib/x86_64-linux-gnu/libfreetype.so.6.8.0
7faadb597000-7faadb796000 ---p 00096000 08:06 1442005                    /usr/lib/x86_64-linux-gnu/libfreetype.so.6.8.0
7faadb796000-7faadb79c000 r--p 00095000 08:06 1442005                    /usr/lib/x86_64-linux-gnu/libfreetype.so.6.8.0
7faadb79c000-7faadb79d000 rw-p 0009b000 08:06 1442005                    /usr/lib/x86_64-linux-gnu/libfreetype.so.6.8.0
7faadb79d000-7faadb7d7000 r-xp 00000000 08:06 1588070                    /usr/lib/jvm/java-6-openjdk-amd64/jre/lib/amd64/libfontmanager.so
7faadb7d7000-7faadb9d6000 ---p 0003a000 08:06 1588070                    /usr/lib/jvm/java-6-openjdk-amd64/jre/lib/amd64/libfontmanager.so
7faadb9d6000-7faadb9d8000 r--p 00039000 08:06 1588070                    /usr/lib/jvm/java-6-openjdk-amd64/jre/lib/amd64/libfontmanager.so
7faadb9d8000-7faadb9d9000 rw-p 0003b000 08:06 1588070                    /usr/lib/jvm/java-6-openjdk-amd64/jre/lib/amd64/libfontmanager.so
7faadb9d9000-7faadb9de000 r-xp 00000000 08:06 1449039                    /usr/lib/x86_64-linux-gnu/libXdmcp.so.6.0.0
7faadb9de000-7faadbbdd000 ---p 00005000 08:06 1449039                    /usr/lib/x86_64-linux-gnu/libXdmcp.so.6.0.0
7faadbbdd000-7faadbbde000 r--p 00004000 08:06 1449039                    /usr/lib/x86_64-linux-gnu/libXdmcp.so.6.0.0
7faadbbde000-7faadbbdf000 rw-p 00005000 08:06 1449039                    /usr/lib/x86_64-linux-gnu/libXdmcp.so.6.0.0
7faadbbdf000-7faadbbe1000 r-xp 00000000 08:06 1449028                    /usr/lib/x86_64-linux-gnu/libXau.so.6.0.0
7faadbbe1000-7faadbde0000 ---p 00002000 08:06 1449028                    /usr/lib/x86_64-linux-gnu/libXau.so.6.0.0
7faadbde0000-7faadbde1000 r--p 00001000 08:06 1449028                    /usr/lib/x86_64-linux-gnu/libXau.so.6.0.0
7faadbde1000-7faadbde2000 rw-p 00002000 08:06 1449028                    /usr/lib/x86_64-linux-gnu/libXau.so.6.0.0
7faadbde2000-7faadbdff000 r-xp 00000000 08:06 1443342                    /usr/lib/x86_64-linux-gnu/libxcb.so.1.1.0
7faadbdff000-7faadbffe000 ---p 0001d000 08:06 1443342                    /usr/lib/x86_64-linux-gnu/libxcb.so.1.1.0
7faadbffe000-7faadbfff000 r--p 0001c000 08:06 1443342                    /usr/lib/x86_64-linux-gnu/libxcb.so.1.1.0
7faadbfff000-7faadc000000 rw-p 0001d000 08:06 1443342                    /usr/lib/x86_64-linux-gnu/libxcb.so.1.1.0
7faadc000000-7faadc021000 rw-p 00000000 00:00 0 
7faadc021000-7faae0000000 ---p 00000000 00:00 0 
7faae0000000-7faae0021000 rw-p 00000000 00:00 0 
7faae0021000-7faae4000000 ---p 00000000 00:00 0 
7faae4000000-7faae5151000 rw-p 00000000 00:00 0 
7faae5151000-7faae8000000 ---p 00000000 00:00 0 
7faae8000000-7faae860b000 rw-p 00000000 00:00 0 
7faae860b000-7faaec000000 ---p 00000000 00:00 0 
7faaec000000-7faaec021000 rw-p 00000000 00:00 0 
7faaec021000-7faaf0000000 ---p 00000000 00:00 0 
7faaf0000000-7faaf0021000 rw-p 00000000 00:00 0 
7faaf0021000-7faaf4000000 ---p 00000000 00:00 0 
7faaf4000000-7faaf4021000 rw-p 00000000 00:00 0 
7faaf4021000-7faaf8000000 ---p 00000000 00:00 0 
7faaf8000000-7faaf8021000 rw-p 00000000 00:00 0 
7faaf8021000-7faafc000000 ---p 00000000 00:00 0 
7faafc000000-7faafc021000 rw-p 00000000 00:00 0 
7faafc021000-7fab00000000 ---p 00000000 00:00 0 
7fab00000000-7fab00021000 rw-p 00000000 00:00 0 
7fab00021000-7fab04000000 ---p 00000000 00:00 0 
7fab04000000-7fab04021000 rw-p 00000000 00:00 0 
7fab04021000-7fab08000000 ---p 00000000 00:00 0 
7fab08000000-7fab08021000 rw-p 00000000 00:00 0 
7fab08021000-7fab0c000000 ---p 00000000 00:00 0 
7fab0c000000-7fab0c021000 rw-p 00000000 00:00 0 
7fab0c021000-7fab10000000 ---p 00000000 00:00 0 
7fab10028000-7fab10029000 rw-s 00005000 00:05 8908                       /dev/ati/card0
7fab10029000-7fab10039000 rw-s fc000000 00:05 8908                       /dev/ati/card0
7fab10039000-7fab1003b000 rw-s 00002000 00:05 8908                       /dev/ati/card0
7fab1003b000-7fab10041000 r--s 000fc000 08:06 1589022                    /usr/lib/jvm/java-6-openjdk-common/jre/lib/resources.jar
7fab10041000-7fab10042000 r--s 00000000 08:06 924136                     /var/cache/fontconfig/c05880de57d1f5e948fdfacc138775d9-le64.cache-3
7fab10042000-7fab1004b000 r--s 00000000 08:06 917958                     /var/cache/fontconfig/945677eb7aeaf62f1d50efc3fb3ec7d8-le64.cache-3
7fab1004b000-7fab1004d000 r--s 00000000 08:06 924130                     /var/cache/fontconfig/99e8ed0e538f840c565b6ed5dad60d56-le64.cache-3
7fab1004d000-7fab10051000 r--s 00000000 08:06 924129                     /var/cache/fontconfig/2cd17615ca594fa2959ae173292e504c-le64.cache-3
7fab10051000-7fab10052000 r--s 00000000 08:06 924126                     /var/cache/fontconfig/e7071f4a29fa870f4323321c154eba04-le64.cache-3
7fab10052000-7fab10053000 r--s 00000000 08:06 924125                     /var/cache/fontconfig/0d8c3b2ac0904cb8a57a757ad11a4a08-le64.cache-3
7fab10053000-7fab10059000 r--s 00000000 08:06 924110                     /var/cache/fontconfig/a755afe4a08bf5b97852ceb7400b47bc-le64.cache-3
7fab10059000-7fab10062000 r--s 00000000 08:06 922421                     /var/cache/fontconfig/6d41288fd70b0be22e8c3a91e032eec0-le64.cache-3
7fab10062000-7fab10072000 r--s 00000000 08:06 924085                     /var/cache/fontconfig/04aabc0a78ac019cf9454389977116d2-le64.cache-3
7fab10072000-7fab10075000 r--s 00000000 08:06 917940                     /var/cache/fontconfig/385c0604a188198f04d133e54aba7fe7-le64.cache-3
7fab10075000-7fab10076000 r--s 00000000 08:06 925018                     /var/cache/fontconfig/4794a0821666d79190d59a36cb4f44b5-le64.cache-3
7fab10076000-7fab10079000 r--s 00000000 08:06 917937                     /var/cache/fontconfig/8801497958630a81b71ace7c5f9b32a8-le64.cache-3
7fab10079000-7fab1007e000 r--s 00000000 08:06 924035                     /var/cache/fontconfig/3047814df9a2f067bd2d96a2b9c36e5a-le64.cache-3
7fab1007e000-7fab10083000 r--s 00000000 08:06 924021                     /var/cache/fontconfig/b47c4e1ecd0709278f4910c18777a504-le64.cache-3
7fab10083000-7fab10093000 r--s 00000000 08:06 924020                     /var/cache/fontconfig/d52a8644073d54c13679302ca1180695-le64.cache-3
7fab10093000-7fab10096000 r--s 00000000 08:06 917955                     /var/cache/fontconfig/e13b20fdb08344e0e664864cc2ede53d-le64.cache-3
7fab10096000-7fab1009f000 r--s 00000000 08:06 917958                     /var/cache/fontconfig/945677eb7aeaf62f1d50efc3fb3ec7d8-le64.cache-3
7fab1009f000-7fab100a5000 r--s 00000000 08:06 924110                     /var/cache/fontconfig/a755afe4a08bf5b97852ceb7400b47bc-le64.cache-3
7fab100a5000-7fab100ae000 r--s 00000000 08:06 922421                     /var/cache/fontconfig/6d41288fd70b0be22e8c3a91e032eec0-le64.cache-3
7fab100ae000-7fab100be000 r--s 00000000 08:06 924085                     /var/cache/fontconfig/04aabc0a78ac019cf9454389977116d2-le64.cache-3
7fab100be000-7fab100c1000 ---p 00000000 00:00 0 
7fab100c1000-7fab101bf000 rw-p 00000000 00:00 0 
7fab101bf000-7fab101cd000 r-xp 00000000 08:06 1449047                    /usr/lib/x86_64-linux-gnu/libXi.so.6.1.0
7fab101cd000-7fab103cc000 ---p 0000e000 08:06 1449047                    /usr/lib/x86_64-linux-gnu/libXi.so.6.1.0
7fab103cc000-7fab103cd000 r--p 0000d000 08:06 1449047                    /usr/lib/x86_64-linux-gnu/libXi.so.6.1.0
7fab103cd000-7fab103ce000 rw-p 0000e000 08:06 1449047                    /usr/lib/x86_64-linux-gnu/libXi.so.6.1.0
7fab103ce000-7fab103d3000 r-xp 00000000 08:06 1449065                    /usr/lib/x86_64-linux-gnu/libXtst.so.6.1.0
7fab103d3000-7fab105d2000 ---p 00005000 08:06 1449065                    /usr/lib/x86_64-linux-gnu/libXtst.so.6.1.0
7fab105d2000-7fab105d3000 r--p 00004000 08:06 1449065                    /usr/lib/x86_64-linux-gnu/libXtst.so.6.1.0
7fab105d3000-7fab105d4000 rw-p 00005000 08:06 1449065                    /usr/lib/x86_64-linux-gnu/libXtst.so.6.1.0
7fab105d4000-7fab105dd000 r-xp 00000000 08:06 1449061                    /usr/lib/x86_64-linux-gnu/libXrender.so.1.3.0
7fab105dd000-7fab107dc000 ---p 00009000 08:06 1449061                    /usr/lib/x86_64-linux-gnu/libXrender.so.1.3.0
7fab107dc000-7fab107dd000 r--p 00008000 08:06 1449061                    /usr/lib/x86_64-linux-gnu/libXrender.so.1.3.0
7fab107dd000-7fab107de000 rw-p 00009000 08:06 1449061                    /usr/lib/x86_64-linux-gnu/libXrender.so.1.3.0
7fab107de000-7fab1090d000 r-xp 00000000 08:06 1449026                    /usr/lib/x86_64-linux-gnu/libX11.so.6.3.0
7fab1090d000-7fab10b0d000 ---p 0012f000 08:06 1449026                    /usr/lib/x86_64-linux-gnu/libX11.so.6.3.0
7fab10b0d000-7fab10b0e000 r--p 0012f000 08:06 1449026                    /usr/lib/x86_64-linux-gnu/libX11.so.6.3.0
7fab10b0e000-7fab10b12000 rw-p 00130000 08:06 1449026                    /usr/lib/x86_64-linux-gnu/libX11.so.6.3.0
7fab10b12000-7fab10b22000 r-xp 00000000 08:06 1449041                    /usr/lib/x86_64-linux-gnu/libXext.so.6.4.0
7fab10b22000-7fab10d21000 ---p 00010000 08:06 1449041                    /usr/lib/x86_64-linux-gnu/libXext.so.6.4.0
7fab10d21000-7fab10d22000 r--p 0000f000 08:06 1449041                    /usr/lib/x86_64-linux-gnu/libXext.so.6.4.0
7fab10d22000-7fab10d23000 rw-p 00010000 08:06 1449041                    /usr/lib/x86_64-linux-gnu/libXext.so.6.4.0
7fab10d23000-7fab10dcf000 r-xp 00000000 08:06 1588075                    /usr/lib/jvm/java-6-openjdk-amd64/jre/lib/amd64/libawt.so
7fab10dcf000-7fab10fcf000 ---p 000ac000 08:06 1588075                    /usr/lib/jvm/java-6-openjdk-amd64/jre/lib/amd64/libawt.so
7fab10fcf000-7fab10fd0000 r--p 000ac000 08:06 1588075                    /usr/lib/jvm/java-6-openjdk-amd64/jre/lib/amd64/libawt.so
7fab10fd0000-7fab10fdb000 rw-p 000ad000 08:06 1588075                    /usr/lib/jvm/java-6-openjdk-amd64/jre/lib/amd64/libawt.so
7fab10fdb000-7fab11000000 rw-p 00000000 00:00 0 
7fab11000000-7fab11270000 rwxp 00000000 00:00 0 
7fab11270000-7fab14fa9000 rw-p 00000000 00:00 0 
7fab14fa9000-7fab18000000 ---p 00000000 00:00 0 
7fab18000000-7fab18001000 r--s 00000000 08:06 924033                     /var/cache/fontconfig/56cf4f4769d0f4abc89a4895d7bd3ae1-le64.cache-3
7fab18001000-7fab18002000 r--s 00000000 08:06 924029                     /var/cache/fontconfig/b9d506c9ac06c20b433354fa67a72993-le64.cache-3
7fab18002000-7fab18006000 r--s 00000000 08:06 917938                     /var/cache/fontconfig/7ef2298fde41cc6eeb7af42e48b7d293-le64.cache-3
7fab18006000-7fab18008000 r--s 00000000 08:06 924130                     /var/cache/fontconfig/99e8ed0e538f840c565b6ed5dad60d56-le64.cache-3
7fab18008000-7fab1800c000 r--s 00000000 08:06 924129                     /var/cache/fontconfig/2cd17615ca594fa2959ae173292e504c-le64.cache-3
7fab1800c000-7fab1800f000 r--s 00000000 08:06 917940                     /var/cache/fontconfig/385c0604a188198f04d133e54aba7fe7-le64.cache-3
7fab1800f000-7fab18010000 r--s 00000000 08:06 925018                     /var/cache/fontconfig/4794a0821666d79190d59a36cb4f44b5-le64.cache-3
7fab18010000-7fab18013000 r--s 00000000 08:06 917937                     /var/cache/fontconfig/8801497958630a81b71ace7c5f9b32a8-le64.cache-3
7fab18013000-7fab18018000 r--s 00000000 08:06 924035                     /var/cache/fontconfig/3047814df9a2f067bd2d96a2b9c36e5a-le64.cache-3
7fab18018000-7fab18019000 r--s 00000000 08:06 924033                     /var/cache/fontconfig/56cf4f4769d0f4abc89a4895d7bd3ae1-le64.cache-3
7fab18019000-7fab1801a000 r--s 00000000 08:06 924029                     /var/cache/fontconfig/b9d506c9ac06c20b433354fa67a72993-le64.cache-3
7fab1801a000-7fab1801f000 r--s 00000000 08:06 924021                     /var/cache/fontconfig/b47c4e1ecd0709278f4910c18777a504-le64.cache-3
7fab1801f000-7fab1802f000 r--s 00000000 08:06 924020                     /var/cache/fontconfig/d52a8644073d54c13679302ca1180695-le64.cache-3
7fab1802f000-7fab18032000 r--s 00000000 08:06 917955                     /var/cache/fontconfig/e13b20fdb08344e0e664864cc2ede53d-le64.cache-3
7fab18032000-7fab18036000 r--s 00000000 08:06 917938                     /var/cache/fontconfig/7ef2298fde41cc6eeb7af42e48b7d293-le64.cache-3
7fab18036000-7fab18081000 r-xp 00000000 08:06 1966745                    /usr/lib/jvm/java-6-openjdk-amd64/jre/lib/amd64/xawt/libmawt.so
7fab18081000-7fab18281000 ---p 0004b000 08:06 1966745                    /usr/lib/jvm/java-6-openjdk-amd64/jre/lib/amd64/xawt/libmawt.so
7fab18281000-7fab18282000 r--p 0004b000 08:06 1966745                    /usr/lib/jvm/java-6-openjdk-amd64/jre/lib/amd64/xawt/libmawt.so
7fab18282000-7fab18285000 rw-p 0004c000 08:06 1966745                    /usr/lib/jvm/java-6-openjdk-amd64/jre/lib/amd64/xawt/libmawt.so
7fab18285000-7fab18286000 rw-p 00000000 00:00 0 
7fab18286000-7fab18287000 ---p 00000000 00:00 0 
7fab18287000-7fab18387000 rw-p 00000000 00:00 0 
7fab18387000-7fab1838a000 ---p 00000000 00:00 0 
7fab1838a000-7fab18488000 rw-p 00000000 00:00 0 
7fab18488000-7fab1848b000 ---p 00000000 00:00 0 
7fab1848b000-7fab18589000 rw-p 00000000 00:00 0 
7fab18589000-7fab1858c000 ---p 00000000 00:00 0 
7fab1858c000-7fab1868a000 rw-p 00000000 00:00 0 
7fab1868a000-7fab1868d000 ---p 00000000 00:00 0 
7fab1868d000-7fab1878b000 rw-p 00000000 00:00 0 
7fab1878b000-7fab1878e000 ---p 00000000 00:00 0 
7fab1878e000-7fab1888c000 rw-p 00000000 00:00 0 
7fab1888c000-7fab1888f000 ---p 00000000 00:00 0 
7fab1888f000-7fab1898d000 rw-p 00000000 00:00 0 
7fab1898d000-7fab18991000 r-xp 00000000 08:06 1589025                    /usr/lib/jvm/java-6-openjdk-amd64/jre/lib/amd64/libdt_socket.so
7fab18991000-7fab18b90000 ---p 00004000 08:06 1589025                    /usr/lib/jvm/java-6-openjdk-amd64/jre/lib/amd64/libdt_socket.so
7fab18b90000-7fab18b91000 r--p 00003000 08:06 1589025                    /usr/lib/jvm/java-6-openjdk-amd64/jre/lib/amd64/libdt_socket.so
7fab18b91000-7fab18b92000 rw-p 00004000 08:06 1589025                    /usr/lib/jvm/java-6-openjdk-amd64/jre/lib/amd64/libdt_socket.so
7fab18b92000-7fab18b95000 ---p 00000000 00:00 0 
7fab18b95000-7fab18c93000 rw-p 00000000 00:00 0 
7fab18c93000-7fab18c96000 ---p 00000000 00:00 0 
7fab18c96000-7fab18d94000 rw-p 00000000 00:00 0 
7fab18d94000-7fab18d97000 ---p 00000000 00:00 0 
7fab18d97000-7fab18e95000 rw-p 00000000 00:00 0 
7fab18e95000-7fab18e96000 ---p 00000000 00:00 0 
7fab18e96000-7fab192cc000 rw-p 00000000 00:00 0 
7fab192cc000-7fab1945e000 r--s 037d5000 08:06 1588050                    /usr/lib/jvm/java-6-openjdk-amd64/jre/lib/rt.jar
7fab1945e000-7fab19486000 rw-p 00000000 00:00 0 
7fab19486000-7fab19487000 ---p 00000000 00:00 0 
7fab19487000-7fab19587000 rw-p 00000000 00:00 0 
7fab19587000-7fab19588000 ---p 00000000 00:00 0 
7fab19588000-7fab19693000 rw-p 00000000 00:00 0 
7fab19693000-7fab196db000 rw-p 00000000 00:00 0 
7fab196db000-7fab196f0000 rw-p 00000000 00:00 0 
7fab196f0000-7fab19823000 rw-p 00000000 00:00 0 
7fab19823000-7fab1982e000 rw-p 00000000 00:00 0 
7fab1982e000-7fab19876000 rw-p 00000000 00:00 0 
7fab19876000-7fab1988b000 rw-p 00000000 00:00 0 
7fab1988b000-7fab199bd000 rw-p 00000000 00:00 0 
7fab199bd000-7fab199c8000 rw-p 00000000 00:00 0 
7fab199c8000-7fab19a61000 rw-p 00000000 00:00 0 
7fab19a61000-7fab19a62000 rw-p 00000000 00:00 0 
7fab19a62000-7fab19a69000 r-xp 00000000 08:06 1589028                    /usr/lib/jvm/java-6-openjdk-amd64/jre/lib/amd64/libzip.so
7fab19a69000-7fab19c68000 ---p 00007000 08:06 1589028                    /usr/lib/jvm/java-6-openjdk-amd64/jre/lib/amd64/libzip.so
7fab19c68000-7fab19c69000 r--p 00006000 08:06 1589028                    /usr/lib/jvm/java-6-openjdk-amd64/jre/lib/amd64/libzip.so
7fab19c69000-7fab19c6a000 rw-p 00007000 08:06 1589028                    /usr/lib/jvm/java-6-openjdk-amd64/jre/lib/amd64/libzip.so
7fab19c6a000-7fab19c76000 r-xp 00000000 08:06 3277321                    /lib/x86_64-linux-gnu/libnss_files-2.15.so
7fab19c76000-7fab19e75000 ---p 0000c000 08:06 3277321                    /lib/x86_64-linux-gnu/libnss_files-2.15.so
7fab19e75000-7fab19e76000 r--p 0000b000 08:06 3277321                    /lib/x86_64-linux-gnu/libnss_files-2.15.so
7fab19e76000-7fab19e77000 rw-p 0000c000 08:06 3277321                    /lib/x86_64-linux-gnu/libnss_files-2.15.so
7fab19e77000-7fab19e81000 r-xp 00000000 08:06 3277317                    /lib/x86_64-linux-gnu/libnss_nis-2.15.so
7fab19e81000-7fab1a081000 ---p 0000a000 08:06 3277317                    /lib/x86_64-linux-gnu/libnss_nis-2.15.so
7fab1a081000-7fab1a082000 r--p 0000a000 08:06 3277317                    /lib/x86_64-linux-gnu/libnss_nis-2.15.so
7fab1a082000-7fab1a083000 rw-p 0000b000 08:06 3277317                    /lib/x86_64-linux-gnu/libnss_nis-2.15.so
7fab1a083000-7fab1a09a000 r-xp 00000000 08:06 3277330                    /lib/x86_64-linux-gnu/libnsl-2.15.so
7fab1a09a000-7fab1a299000 ---p 00017000 08:06 3277330                    /lib/x86_64-linux-gnu/libnsl-2.15.so
7fab1a299000-7fab1a29a000 r--p 00016000 08:06 3277330                    /lib/x86_64-linux-gnu/libnsl-2.15.so
7fab1a29a000-7fab1a29b000 rw-p 00017000 08:06 3277330                    /lib/x86_64-linux-gnu/libnsl-2.15.so
7fab1a29b000-7fab1a29d000 rw-p 00000000 00:00 0 
7fab1a29d000-7fab1a2a5000 r-xp 00000000 08:06 3277322                    /lib/x86_64-linux-gnu/libnss_compat-2.15.so
7fab1a2a5000-7fab1a4a4000 ---p 00008000 08:06 3277322                    /lib/x86_64-linux-gnu/libnss_compat-2.15.so
7fab1a4a4000-7fab1a4a5000 r--p 00007000 08:06 3277322                    /lib/x86_64-linux-gnu/libnss_compat-2.15.so
7fab1a4a5000-7fab1a4a6000 rw-p 00008000 08:06 3277322                    /lib/x86_64-linux-gnu/libnss_compat-2.15.so
7fab1a4a6000-7fab1ab8d000 r--p 00000000 08:06 1448407                    /usr/lib/locale/locale-archive
7fab1ab8d000-7fab1ab90000 r-xp 00000000 08:06 1588055                    /usr/lib/jvm/java-6-openjdk-amd64/jre/lib/amd64/libnpt.so
7fab1ab90000-7fab1ad8f000 ---p 00003000 08:06 1588055                    /usr/lib/jvm/java-6-openjdk-amd64/jre/lib/amd64/libnpt.so
7fab1ad8f000-7fab1ad90000 r--p 00002000 08:06 1588055                    /usr/lib/jvm/java-6-openjdk-amd64/jre/lib/amd64/libnpt.so
7fab1ad90000-7fab1ad91000 rw-p 00003000 08:06 1588055                    /usr/lib/jvm/java-6-openjdk-amd64/jre/lib/amd64/libnpt.so
7fab1ad91000-7fab1adcb000 r-xp 00000000 08:06 1588062                    /usr/lib/jvm/java-6-openjdk-amd64/jre/lib/amd64/libjdwp.so
7fab1adcb000-7fab1afca000 ---p 0003a000 08:06 1588062                    /usr/lib/jvm/java-6-openjdk-amd64/jre/lib/amd64/libjdwp.so
7fab1afca000-7fab1afcb000 r--p 00039000 08:06 1588062                    /usr/lib/jvm/java-6-openjdk-amd64/jre/lib/amd64/libjdwp.so
7fab1afcb000-7fab1afcc000 rw-p 0003a000 08:06 1588062                    /usr/lib/jvm/java-6-openjdk-amd64/jre/lib/amd64/libjdwp.so
7fab1afcc000-7fab1aff8000 r-xp 00000000 08:06 1588073                    /usr/lib/jvm/java-6-openjdk-amd64/jre/lib/amd64/libjava.so
7fab1aff8000-7fab1b1f7000 ---p 0002c000 08:06 1588073                    /usr/lib/jvm/java-6-openjdk-amd64/jre/lib/amd64/libjava.so
7fab1b1f7000-7fab1b1f8000 r--p 0002b000 08:06 1588073                    /usr/lib/jvm/java-6-openjdk-amd64/jre/lib/amd64/libjava.so
7fab1b1f8000-7fab1b1fb000 rw-p 0002c000 08:06 1588073                    /usr/lib/jvm/java-6-openjdk-amd64/jre/lib/amd64/libjava.so
7fab1b1fb000-7fab1b209000 r-xp 00000000 08:06 1588072                    /usr/lib/jvm/java-6-openjdk-amd64/jre/lib/amd64/libverify.so
7fab1b209000-7fab1b408000 ---p 0000e000 08:06 1588072                    /usr/lib/jvm/java-6-openjdk-amd64/jre/lib/amd64/libverify.so
7fab1b408000-7fab1b40a000 r--p 0000d000 08:06 1588072                    /usr/lib/jvm/java-6-openjdk-amd64/jre/lib/amd64/libverify.so
7fab1b40a000-7fab1b40b000 rw-p 0000f000 08:06 1588072                    /usr/lib/jvm/java-6-openjdk-amd64/jre/lib/amd64/libverify.so
7fab1b40b000-7fab1b412000 r-xp 00000000 08:06 3277315                    /lib/x86_64-linux-gnu/librt-2.15.so
7fab1b412000-7fab1b611000 ---p 00007000 08:06 3277315                    /lib/x86_64-linux-gnu/librt-2.15.so
7fab1b611000-7fab1b612000 r--p 00006000 08:06 3277315                    /lib/x86_64-linux-gnu/librt-2.15.so
7fab1b612000-7fab1b613000 rw-p 00007000 08:06 3277315                    /lib/x86_64-linux-gnu/librt-2.15.so
7fab1b613000-7fab1b628000 r-xp 00000000 08:06 3280420                    /lib/x86_64-linux-gnu/libgcc_s.so.1
7fab1b628000-7fab1b827000 ---p 00015000 08:06 3280420                    /lib/x86_64-linux-gnu/libgcc_s.so.1
7fab1b827000-7fab1b828000 r--p 00014000 08:06 3280420                    /lib/x86_64-linux-gnu/libgcc_s.so.1
7fab1b828000-7fab1b829000 rw-p 00015000 08:06 3280420                    /lib/x86_64-linux-gnu/libgcc_s.so.1
7fab1b829000-7fab1b924000 r-xp 00000000 08:06 3277319                    /lib/x86_64-linux-gnu/libm-2.15.so
7fab1b924000-7fab1bb23000 ---p 000fb000 08:06 3277319                    /lib/x86_64-linux-gnu/libm-2.15.so
7fab1bb23000-7fab1bb24000 r--p 000fa000 08:06 3277319                    /lib/x86_64-linux-gnu/libm-2.15.so
7fab1bb24000-7fab1bb25000 rw-p 000fb000 08:06 3277319                    /lib/x86_64-linux-gnu/libm-2.15.so
7fab1bb25000-7fab1bc07000 r-xp 00000000 08:06 1449555                    /usr/lib/x86_64-linux-gnu/libstdc++.so.6.0.16
7fab1bc07000-7fab1be06000 ---p 000e2000 08:06 1449555                    /usr/lib/x86_64-linux-gnu/libstdc++.so.6.0.16
7fab1be06000-7fab1be0e000 r--p 000e1000 08:06 1449555                    /usr/lib/x86_64-linux-gnu/libstdc++.so.6.0.16
7fab1be0e000-7fab1be10000 rw-p 000e9000 08:06 1449555                    /usr/lib/x86_64-linux-gnu/libstdc++.so.6.0.16
7fab1be10000-7fab1be25000 rw-p 00000000 00:00 0 
7fab1be25000-7fab1c72a000 r-xp 00000000 08:06 1588078                    /usr/lib/jvm/java-6-openjdk-amd64/jre/lib/amd64/server/libjvm.so
7fab1c72a000-7fab1c92a000 ---p 00905000 08:06 1588078                    /usr/lib/jvm/java-6-openjdk-amd64/jre/lib/amd64/server/libjvm.so
7fab1c92a000-7fab1c9aa000 r--p 00905000 08:06 1588078                    /usr/lib/jvm/java-6-openjdk-amd64/jre/lib/amd64/server/libjvm.so
7fab1c9aa000-7fab1c9c5000 rw-p 00985000 08:06 1588078                    /usr/lib/jvm/java-6-openjdk-amd64/jre/lib/amd64/server/libjvm.so
7fab1c9c5000-7fab1c9ee000 rw-p 00000000 00:00 0 
7fab1c9ee000-7fab1ca04000 r-xp 00000000 08:06 3280510                    /lib/x86_64-linux-gnu/libz.so.1.2.3.4
7fab1ca04000-7fab1cc03000 ---p 00016000 08:06 3280510                    /lib/x86_64-linux-gnu/libz.so.1.2.3.4
7fab1cc03000-7fab1cc04000 r--p 00015000 08:06 3280510                    /lib/x86_64-linux-gnu/libz.so.1.2.3.4
7fab1cc04000-7fab1cc05000 rw-p 00016000 08:06 3280510                    /lib/x86_64-linux-gnu/libz.so.1.2.3.4
7fab1cc05000-7fab1cdba000 r-xp 00000000 08:06 3277308                    /lib/x86_64-linux-gnu/libc-2.15.so
7fab1cdba000-7fab1cfb9000 ---p 001b5000 08:06 3277308                    /lib/x86_64-linux-gnu/libc-2.15.so
7fab1cfb9000-7fab1cfbd000 r--p 001b4000 08:06 3277308                    /lib/x86_64-linux-gnu/libc-2.15.so
7fab1cfbd000-7fab1cfbf000 rw-p 001b8000 08:06 3277308                    /lib/x86_64-linux-gnu/libc-2.15.so
7fab1cfbf000-7fab1cfc4000 rw-p 00000000 00:00 0 
7fab1cfc4000-7fab1cfc6000 r-xp 00000000 08:06 3277307                    /lib/x86_64-linux-gnu/libdl-2.15.so
7fab1cfc6000-7fab1d1c6000 ---p 00002000 08:06 3277307                    /lib/x86_64-linux-gnu/libdl-2.15.so
7fab1d1c6000-7fab1d1c7000 r--p 00002000 08:06 3277307                    /lib/x86_64-linux-gnu/libdl-2.15.so
7fab1d1c7000-7fab1d1c8000 rw-p 00003000 08:06 3277307                    /lib/x86_64-linux-gnu/libdl-2.15.so
7fab1d1c8000-7fab1d1cc000 r-xp 00000000 08:06 1851558                    /usr/lib/jvm/java-6-openjdk-amd64/jre/lib/amd64/jli/libjli.so
7fab1d1cc000-7fab1d3cb000 ---p 00004000 08:06 1851558                    /usr/lib/jvm/java-6-openjdk-amd64/jre/lib/amd64/jli/libjli.so
7fab1d3cb000-7fab1d3cc000 r--p 00003000 08:06 1851558                    /usr/lib/jvm/java-6-openjdk-amd64/jre/lib/amd64/jli/libjli.so
7fab1d3cc000-7fab1d3cd000 rw-p 00004000 08:06 1851558                    /usr/lib/jvm/java-6-openjdk-amd64/jre/lib/amd64/jli/libjli.so
7fab1d3cd000-7fab1d3e5000 r-xp 00000000 08:06 3277310                    /lib/x86_64-linux-gnu/libpthread-2.15.so
7fab1d3e5000-7fab1d5e4000 ---p 00018000 08:06 3277310                    /lib/x86_64-linux-gnu/libpthread-2.15.so
7fab1d5e4000-7fab1d5e5000 r--p 00017000 08:06 3277310                    /lib/x86_64-linux-gnu/libpthread-2.15.so
7fab1d5e5000-7fab1d5e6000 rw-p 00018000 08:06 3277310                    /lib/x86_64-linux-gnu/libpthread-2.15.so
7fab1d5e6000-7fab1d5ea000 rw-p 00000000 00:00 0 
7fab1d5ea000-7fab1d60c000 r-xp 00000000 08:06 3277325                    /lib/x86_64-linux-gnu/ld-2.15.so
7fab1d60c000-7fab1d60d000 r--s 00000000 08:06 924136                     /var/cache/fontconfig/c05880de57d1f5e948fdfacc138775d9-le64.cache-3
7fab1d60d000-7fab1d60e000 r--s 00000000 08:06 924126                     /var/cache/fontconfig/e7071f4a29fa870f4323321c154eba04-le64.cache-3
7fab1d60e000-7fab1d611000 r--s 0007f000 08:06 1579922                    /usr/lib/jvm/java-6-openjdk-common/jre/lib/jsse.jar
7fab1d611000-7fab1d61d000 r--s 000b0000 08:06 4988799                    /home/michael/Documents/CAP4053/Rougelike/lib/slick.jar
7fab1d61d000-7fab1d62a000 r--s 000e3000 08:06 4988797                    /home/michael/Documents/CAP4053/Rougelike/lib/lwjgl.jar
7fab1d62a000-7fab1d62b000 r--s 00007000 08:06 1704875                    /usr/share/java/java-atk-wrapper.jar
7fab1d62b000-7fab1d62d000 r--s 00001000 08:06 1589020                    /usr/lib/jvm/java-6-openjdk-common/jre/lib/ext/dnsns.jar
7fab1d62d000-7fab1d637000 rw-p 00000000 00:00 0 
7fab1d637000-7fab1d6ed000 rw-p 00000000 00:00 0 
7fab1d6ed000-7fab1d6f0000 ---p 00000000 00:00 0 
7fab1d6f0000-7fab1d7f3000 rw-p 00000000 00:00 0 
7fab1d7f3000-7fab1d7f4000 r--s 00000000 08:06 924125                     /var/cache/fontconfig/0d8c3b2ac0904cb8a57a757ad11a4a08-le64.cache-3
7fab1d7f4000-7fab1d7f7000 r--s 00031000 08:06 1589017                    /usr/lib/jvm/java-6-openjdk-common/jre/lib/ext/sunjce_provider.jar
7fab1d7f7000-7fab1d7f9000 r--s 0000f000 08:06 1589018                    /usr/lib/jvm/java-6-openjdk-common/jre/lib/ext/pulse-java.jar
7fab1d7f9000-7fab1d7fd000 r--s 00039000 08:06 1589019                    /usr/lib/jvm/java-6-openjdk-common/jre/lib/ext/sunpkcs11.jar
7fab1d7fd000-7fab1d800000 r--s 00077000 08:06 1589021                    /usr/lib/jvm/java-6-openjdk-common/jre/lib/ext/localedata.jar
7fab1d800000-7fab1d808000 rw-s 00000000 08:06 393723                     /tmp/hsperfdata_michael/16852 (deleted)
7fab1d808000-7fab1d809000 rw-p 00000000 00:00 0 
7fab1d809000-7fab1d80a000 ---p 00000000 00:00 0 
7fab1d80a000-7fab1d80c000 rw-p 00000000 00:00 0 
7fab1d80c000-7fab1d80d000 r--p 00022000 08:06 3277325                    /lib/x86_64-linux-gnu/ld-2.15.so
7fab1d80d000-7fab1d80f000 rw-p 00023000 08:06 3277325                    /lib/x86_64-linux-gnu/ld-2.15.so
7fff0fb77000-7fff0fb98000 rw-p 00000000 00:00 0                          [stack]
7fff0fbff000-7fff0fc00000 r-xp 00000000 00:00 0                          [vdso]
ffffffffff600000-ffffffffff601000 r-xp 00000000 00:00 0                  [vsyscall]

VM Arguments:
jvm_args: -agentlib:jdwp=transport=dt_socket,suspend=y,address=localhost:45468 -Djava.library.path=/home/michael/Documents/CAP4053/Rougelike/lib/native/linux -Dfile.encoding=UTF-8 
java_command: game.MainGame
Launcher Type: SUN_STANDARD

Environment Variables:
PATH=/usr/lib/lightdm/lightdm:/usr/local/sbin:/usr/local/bin:/usr/sbin:/usr/bin:/sbin:/bin:/usr/games
LD_LIBRARY_PATH=/usr/lib/jvm/java-6-openjdk-amd64/jre/lib/amd64/server:/usr/lib/jvm/java-6-openjdk-amd64/jre/lib/amd64:/usr/lib/jvm/java-6-openjdk-amd64/jre/../lib/amd64
SHELL=/bin/bash
DISPLAY=:0.0

Signal Handlers:
SIGSEGV: [libjvm.so+0x785360], sa_mask[0]=0x7ffbfeff, sa_flags=0x10000004
SIGBUS: [libjvm.so+0x785360], sa_mask[0]=0x7ffbfeff, sa_flags=0x10000004
SIGFPE: [libjvm.so+0x648dc0], sa_mask[0]=0x7ffbfeff, sa_flags=0x10000004
SIGPIPE: [libjvm.so+0x648dc0], sa_mask[0]=0x7ffbfeff, sa_flags=0x10000004
SIGXFSZ: [libjvm.so+0x648dc0], sa_mask[0]=0x7ffbfeff, sa_flags=0x10000004
SIGILL: [libjvm.so+0x648dc0], sa_mask[0]=0x7ffbfeff, sa_flags=0x10000004
SIGUSR1: SIG_DFL, sa_mask[0]=0x00000000, sa_flags=0x00000000
SIGUSR2: [libjvm.so+0x648f70], sa_mask[0]=0x00000004, sa_flags=0x10000004
SIGHUP: [libjvm.so+0x64ba90], sa_mask[0]=0x7ffbfeff, sa_flags=0x10000004
SIGINT: [libjvm.so+0x64ba90], sa_mask[0]=0x7ffbfeff, sa_flags=0x10000004
SIGTERM: [libjvm.so+0x64ba90], sa_mask[0]=0x7ffbfeff, sa_flags=0x10000004
SIGQUIT: [libjvm.so+0x64ba90], sa_mask[0]=0x7ffbfeff, sa_flags=0x10000004


---------------  S Y S T E M  ---------------

OS:Ubuntu 12.04 (precise)
uname:Linux 3.2.0-39-generic #62-Ubuntu SMP Thu Feb 28 00:28:53 UTC 2013 x86_64
libc:glibc 2.15 NPTL 2.15 
rlimit: STACK 8192k, CORE 0k, NPROC 31224, NOFILE 4096, AS infinity
load average:1.79 1.85 1.37

/proc/meminfo:
MemTotal:        4014320 kB
MemFree:         1027296 kB
Buffers:          238344 kB
Cached:          1423312 kB
SwapCached:            0 kB
Active:          1558152 kB
Inactive:         980220 kB
Active(anon):     877816 kB
Inactive(anon):     1872 kB
Active(file):     680336 kB
Inactive(file):   978348 kB
Unevictable:          60 kB
Mlocked:              60 kB
SwapTotal:       4156412 kB
SwapFree:        4156412 kB
Dirty:               120 kB
Writeback:             0 kB
AnonPages:        876772 kB
Mapped:           245308 kB
Shmem:              2976 kB
Slab:             184888 kB
SReclaimable:     158272 kB
SUnreclaim:        26616 kB
KernelStack:        3776 kB
PageTables:        31460 kB
NFS_Unstable:          0 kB
Bounce:                0 kB
WritebackTmp:          0 kB
CommitLimit:     6163572 kB
Committed_AS:    3227548 kB
VmallocTotal:   34359738367 kB
VmallocUsed:      307304 kB
VmallocChunk:   34359424624 kB
HardwareCorrupted:     0 kB
AnonHugePages:         0 kB
HugePages_Total:       0
HugePages_Free:        0
HugePages_Rsvd:        0
HugePages_Surp:        0
Hugepagesize:       2048 kB
DirectMap4k:      219136 kB
DirectMap2M:     3942400 kB


CPU:total 2 (2 cores per cpu, 1 threads per core) family 6 model 23 stepping 10, cmov, cx8, fxsr, mmx, sse, sse2, sse3, ssse3, sse4.1

Memory: 4k page, physical 4014320k(1027296k free), swap 4156412k(4156412k free)

vm_info: OpenJDK 64-Bit Server VM (20.0-b12) for linux-amd64 JRE (1.6.0_27-b27), built on Mar  5 2013 00:27:30 by "buildd" with gcc 4.6.3

time: Wed Apr  3 23:46:40 2013
elapsed time: 29 seconds

